TN:result
SF:/home/rexu/Coding/University/sem_2/OOP/lab8_9/Validator.cpp
FN:5,_ZN9ValidatorC2Ev
FN:7,_ZN9ValidatorD2Ev
FN:9,_ZN9Validator14isvalid_numberERKNSt7__cxx1112basic_stringIcSt11char_traitsIcESaIcEEE
FN:14,_ZN9Validator13isvalid_titleERKNSt7__cxx1112basic_stringIcSt11char_traitsIcESaIcEEE
FN:23,_ZN9Validator16isvalid_filenameERKNSt7__cxx1112basic_stringIcSt11char_traitsIcESaIcEEE
FN:32,_ZN9Validator19isvalid_descriptionERKNSt7__cxx1112basic_stringIcSt11char_traitsIcESaIcEEE
FN:41,_ZN9Validator12isvalid_typeERKNSt7__cxx1112basic_stringIcSt11char_traitsIcESaIcEEE
FNDA:1,_ZN9ValidatorC2Ev
FNDA:1,_ZN9ValidatorD2Ev
FNDA:1,_ZN9Validator14isvalid_numberERKNSt7__cxx1112basic_stringIcSt11char_traitsIcESaIcEEE
FNDA:0,_ZN9Validator13isvalid_titleERKNSt7__cxx1112basic_stringIcSt11char_traitsIcESaIcEEE
FNDA:0,_ZN9Validator16isvalid_filenameERKNSt7__cxx1112basic_stringIcSt11char_traitsIcESaIcEEE
FNDA:0,_ZN9Validator19isvalid_descriptionERKNSt7__cxx1112basic_stringIcSt11char_traitsIcESaIcEEE
FNDA:0,_ZN9Validator12isvalid_typeERKNSt7__cxx1112basic_stringIcSt11char_traitsIcESaIcEEE
FNF:7
FNH:3
DA:5,1
DA:7,1
DA:9,1
DA:11,1
DA:14,0
DA:16,0
DA:18,0
DA:19,0
DA:20,0
DA:23,0
DA:25,0
DA:27,0
DA:28,0
DA:29,0
DA:32,0
DA:34,0
DA:36,0
DA:37,0
DA:38,0
DA:41,0
DA:43,0
DA:45,0
DA:46,0
DA:47,0
LF:24
LH:4
end_of_record
TN:result
SF:/usr/include/c++/6.3.1/bits/alloc_traits.h
FN:435,_ZNSt16allocator_traitsISaIP11Undo_ActionEE8allocateERS2_m
FN:435,_ZNSt16allocator_traitsISaI8ActivityEE8allocateERS1_m
FN:461,_ZNSt16allocator_traitsISaIP11Undo_ActionEE10deallocateERS2_PS1_m
FN:461,_ZNSt16allocator_traitsISaI8ActivityEE10deallocateERS1_PS0_m
FN:474,_ZNSt16allocator_traitsISaIP11Undo_ActionEE9constructIS1_JS1_EEEvRS2_PT_DpOT0_
FN:474,_ZNSt16allocator_traitsISaIP11Undo_ActionEE9constructIS1_JRKS1_EEEvRS2_PT_DpOT0_
FN:486,_ZNSt16allocator_traitsISaIP11Undo_ActionEE7destroyIS1_EEvRS2_PT_
FN:495,_ZNSt16allocator_traitsISaI8ActivityEE8max_sizeERKS1_
FN:495,_ZNSt16allocator_traitsISaIP11Undo_ActionEE8max_sizeERKS2_
FNDA:5,_ZNSt16allocator_traitsISaI8ActivityEE8allocateERS1_m
FNDA:0,_ZNSt16allocator_traitsISaIP11Undo_ActionEE8allocateERS2_m
FNDA:0,_ZNSt16allocator_traitsISaIP11Undo_ActionEE10deallocateERS2_PS1_m
FNDA:5,_ZNSt16allocator_traitsISaI8ActivityEE10deallocateERS1_PS0_m
FNDA:0,_ZNSt16allocator_traitsISaIP11Undo_ActionEE9constructIS1_JS1_EEEvRS2_PT_DpOT0_
FNDA:0,_ZNSt16allocator_traitsISaIP11Undo_ActionEE9constructIS1_JRKS1_EEEvRS2_PT_DpOT0_
FNDA:0,_ZNSt16allocator_traitsISaIP11Undo_ActionEE7destroyIS1_EEvRS2_PT_
FNDA:10,_ZNSt16allocator_traitsISaI8ActivityEE8max_sizeERKS1_
FNDA:0,_ZNSt16allocator_traitsISaIP11Undo_ActionEE8max_sizeERKS2_
FNF:9
FNH:3
DA:435,5
DA:436,5
DA:461,5
DA:462,5
DA:474,0
DA:475,0
DA:486,0
DA:487,0
DA:495,10
DA:496,10
LF:10
LH:6
end_of_record
SF:/usr/include/c++/6.3.1/bits/allocator.h
FN:131,_ZNSaI8ActivityEC2Ev
FN:131,_ZNSaIP11Undo_ActionEC2Ev
FN:133,_ZNSaI8ActivityEC2ERKS0_
FN:139,_ZNSaI8ActivityED2Ev
FN:139,_ZNSaIP11Undo_ActionED2Ev
FNDA:1,_ZNSaIP11Undo_ActionEC2Ev
FNDA:1,_ZNSaI8ActivityEC2Ev
FNDA:0,_ZNSaI8ActivityEC2ERKS0_
FNDA:1,_ZNSaIP11Undo_ActionED2Ev
FNDA:1,_ZNSaI8ActivityED2Ev
FNF:5
FNH:4
DA:131,2
DA:133,0
DA:134,0
DA:139,2
LF:4
LH:2
end_of_record
SF:/usr/include/c++/6.3.1/bits/basic_string.h
FN:5073,_ZSteqIcEN9__gnu_cxx11__enable_ifIXsrSt9__is_charIT_E7__valueEbE6__typeERKNSt7__cxx1112basic_stringIS3_St11char_traitsIS3_ESaIS3_EEESE_
FN:5099,_ZSteqIcSt11char_traitsIcESaIcEEbRKNSt7__cxx1112basic_stringIT_T0_T1_EEPKS5_
FN:5150,_ZStltIcSt11char_traitsIcESaIcEEbRKNSt7__cxx1112basic_stringIT_T0_T1_EESA_
FNDA:78,_ZSteqIcEN9__gnu_cxx11__enable_ifIXsrSt9__is_charIT_E7__valueEbE6__typeERKNSt7__cxx1112basic_stringIS3_St11char_traitsIS3_ESaIS3_EEESE_
FNDA:0,_ZSteqIcSt11char_traitsIcESaIcEEbRKNSt7__cxx1112basic_stringIT_T0_T1_EEPKS5_
FNDA:0,_ZStltIcSt11char_traitsIcESaIcEEbRKNSt7__cxx1112basic_stringIT_T0_T1_EESA_
FNF:3
FNH:1
DA:5073,78
DA:5075,78
DA:5076,78
DA:5077,78
DA:5099,0
DA:5101,0
DA:5150,0
DA:5153,0
LF:8
LH:4
end_of_record
SF:/usr/include/c++/6.3.1/bits/char_traits.h
FN:258,_ZNSt11char_traitsIcE7compareEPKcS2_m
FNDA:30,_ZNSt11char_traitsIcE7compareEPKcS2_m
FNF:1
FNH:1
DA:258,30
DA:260,30
DA:261,0
DA:262,30
LF:4
LH:3
end_of_record
SF:/usr/include/c++/6.3.1/bits/cpp_type_traits.h
FN:408,_ZSt12__miter_baseIPP11Undo_ActionET_S3_
FN:408,_ZSt12__miter_baseIN9__gnu_cxx17__normal_iteratorIPP11Undo_ActionSt6vectorIS3_SaIS3_EEEEET_S9_
FN:408,_ZSt12__miter_baseIN9__gnu_cxx17__normal_iteratorIP8ActivitySt6vectorIS2_SaIS2_EEEEET_S8_
FNDA:0,_ZSt12__miter_baseIN9__gnu_cxx17__normal_iteratorIP8ActivitySt6vectorIS2_SaIS2_EEEEET_S8_
FNDA:0,_ZSt12__miter_baseIN9__gnu_cxx17__normal_iteratorIPP11Undo_ActionSt6vectorIS3_SaIS3_EEEEET_S9_
FNDA:0,_ZSt12__miter_baseIPP11Undo_ActionET_S3_
FNF:3
FNH:0
DA:408,0
DA:409,0
LF:2
LH:0
end_of_record
SF:/usr/include/c++/6.3.1/bits/move.h
FN:47,_ZSt11__addressofI8ActivityEPT_RS1_
FN:76,_ZSt7forwardIP11Undo_ActionEOT_RNSt16remove_referenceIS2_E4typeE
FN:76,_ZSt7forwardIRK8ActivityEOT_RNSt16remove_referenceIS3_E4typeE
FN:76,_ZSt7forwardIRKP11Undo_ActionEOT_RNSt16remove_referenceIS4_E4typeE
FN:101,_ZSt4moveIR8ActivityEONSt16remove_referenceIT_E4typeEOS3_
FN:101,_ZSt4moveIRP11Undo_ActionEONSt16remove_referenceIT_E4typeEOS4_
FN:179,_ZSt4swapI8ActivityENSt9enable_ifIXsrSt6__and_IJSt21is_move_constructibleIT_ESt18is_move_assignableIS4_EEE5valueEvE4typeERS4_SB_
FNDA:43,_ZSt11__addressofI8ActivityEPT_RS1_
FNDA:46,_ZSt7forwardIRK8ActivityEOT_RNSt16remove_referenceIS3_E4typeE
FNDA:0,_ZSt7forwardIP11Undo_ActionEOT_RNSt16remove_referenceIS2_E4typeE
FNDA:0,_ZSt7forwardIRKP11Undo_ActionEOT_RNSt16remove_referenceIS4_E4typeE
FNDA:0,_ZSt4moveIR8ActivityEONSt16remove_referenceIT_E4typeEOS3_
FNDA:0,_ZSt4moveIRP11Undo_ActionEONSt16remove_referenceIT_E4typeEOS4_
FNDA:0,_ZSt4swapI8ActivityENSt9enable_ifIXsrSt6__and_IJSt21is_move_constructibleIT_ESt18is_move_assignableIS4_EEE5valueEvE4typeERS4_SB_
FNF:7
FNH:2
DA:47,43
DA:50,43
DA:76,46
DA:77,46
DA:101,0
DA:102,0
DA:179,0
DA:190,0
DA:191,0
DA:192,0
DA:193,0
LF:11
LH:4
end_of_record
SF:/usr/include/c++/6.3.1/bits/predefined_ops.h
FN:117,_ZN9__gnu_cxx5__ops15_Iter_comp_iterIZN10Controller15get_list_sortedERKNSt7__cxx1112basic_stringIcSt11char_traitsIcESaIcEEEEUlT_T0_E0_EC2ESD_
FN:117,_ZN9__gnu_cxx5__ops15_Iter_comp_iterIZN10Controller15get_list_sortedERKNSt7__cxx1112basic_stringIcSt11char_traitsIcESaIcEEEEUlT_T0_E_EC2ESD_
FN:117,_ZN9__gnu_cxx5__ops15_Iter_comp_iterIZN10Controller15get_list_sortedERKNSt7__cxx1112basic_stringIcSt11char_traitsIcESaIcEEEEUlT_T0_E1_EC2ESD_
FN:124,_ZN9__gnu_cxx5__ops15_Iter_comp_iterIZN10Controller15get_list_sortedERKNSt7__cxx1112basic_stringIcSt11char_traitsIcESaIcEEEEUlT_T0_E1_EclINS_17__normal_iteratorIP8ActivitySt6vectorISH_SaISH_EEEESM_EEbSB_SC_
FN:124,_ZN9__gnu_cxx5__ops15_Iter_comp_iterIZN10Controller15get_list_sortedERKNSt7__cxx1112basic_stringIcSt11char_traitsIcESaIcEEEEUlT_T0_E0_EclINS_17__normal_iteratorIP8ActivitySt6vectorISH_SaISH_EEEESM_EEbSB_SC_
FN:124,_ZN9__gnu_cxx5__ops15_Iter_comp_iterIZN10Controller15get_list_sortedERKNSt7__cxx1112basic_stringIcSt11char_traitsIcESaIcEEEEUlT_T0_E_EclINS_17__normal_iteratorIP8ActivitySt6vectorISH_SaISH_EEEESM_EEbSB_SC_
FN:131,_ZN9__gnu_cxx5__ops16__iter_comp_iterIZN10Controller15get_list_sortedERKNSt7__cxx1112basic_stringIcSt11char_traitsIcESaIcEEEEUlT_T0_E1_EENS0_15_Iter_comp_iterISB_EESB_
FN:131,_ZN9__gnu_cxx5__ops16__iter_comp_iterIZN10Controller15get_list_sortedERKNSt7__cxx1112basic_stringIcSt11char_traitsIcESaIcEEEEUlT_T0_E_EENS0_15_Iter_comp_iterISB_EESB_
FN:131,_ZN9__gnu_cxx5__ops16__iter_comp_iterIZN10Controller15get_list_sortedERKNSt7__cxx1112basic_stringIcSt11char_traitsIcESaIcEEEEUlT_T0_E0_EENS0_15_Iter_comp_iterISB_EESB_
FN:140,_ZN9__gnu_cxx5__ops14_Iter_comp_valIZN10Controller15get_list_sortedERKNSt7__cxx1112basic_stringIcSt11char_traitsIcESaIcEEEEUlT_T0_E1_EC2ESD_
FN:140,_ZN9__gnu_cxx5__ops14_Iter_comp_valIZN10Controller15get_list_sortedERKNSt7__cxx1112basic_stringIcSt11char_traitsIcESaIcEEEEUlT_T0_E_EC2ESD_
FN:140,_ZN9__gnu_cxx5__ops14_Iter_comp_valIZN10Controller15get_list_sortedERKNSt7__cxx1112basic_stringIcSt11char_traitsIcESaIcEEEEUlT_T0_E0_EC2ESD_
FN:146,_ZN9__gnu_cxx5__ops14_Iter_comp_valIZN10Controller15get_list_sortedERKNSt7__cxx1112basic_stringIcSt11char_traitsIcESaIcEEEEUlT_T0_E0_EclINS_17__normal_iteratorIP8ActivitySt6vectorISH_SaISH_EEEESH_EEbSB_RSC_
FN:146,_ZN9__gnu_cxx5__ops14_Iter_comp_valIZN10Controller15get_list_sortedERKNSt7__cxx1112basic_stringIcSt11char_traitsIcESaIcEEEEUlT_T0_E1_EclINS_17__normal_iteratorIP8ActivitySt6vectorISH_SaISH_EEEESH_EEbSB_RSC_
FN:146,_ZN9__gnu_cxx5__ops14_Iter_comp_valIZN10Controller15get_list_sortedERKNSt7__cxx1112basic_stringIcSt11char_traitsIcESaIcEEEEUlT_T0_E_EclINS_17__normal_iteratorIP8ActivitySt6vectorISH_SaISH_EEEESH_EEbSB_RSC_
FN:157,_ZN9__gnu_cxx5__ops15__iter_comp_valIZN10Controller15get_list_sortedERKNSt7__cxx1112basic_stringIcSt11char_traitsIcESaIcEEEEUlT_T0_E_EENS0_14_Iter_comp_valISB_EENS0_15_Iter_comp_iterISB_EE
FN:157,_ZN9__gnu_cxx5__ops15__iter_comp_valIZN10Controller15get_list_sortedERKNSt7__cxx1112basic_stringIcSt11char_traitsIcESaIcEEEEUlT_T0_E0_EENS0_14_Iter_comp_valISB_EENS0_15_Iter_comp_iterISB_EE
FN:157,_ZN9__gnu_cxx5__ops15__iter_comp_valIZN10Controller15get_list_sortedERKNSt7__cxx1112basic_stringIcSt11char_traitsIcESaIcEEEEUlT_T0_E1_EENS0_14_Iter_comp_valISB_EENS0_15_Iter_comp_iterISB_EE
FN:166,_ZN9__gnu_cxx5__ops14_Val_comp_iterIZN10Controller15get_list_sortedERKNSt7__cxx1112basic_stringIcSt11char_traitsIcESaIcEEEEUlT_T0_E_EC2ESD_
FN:166,_ZN9__gnu_cxx5__ops14_Val_comp_iterIZN10Controller15get_list_sortedERKNSt7__cxx1112basic_stringIcSt11char_traitsIcESaIcEEEEUlT_T0_E0_EC2ESD_
FN:166,_ZN9__gnu_cxx5__ops14_Val_comp_iterIZN10Controller15get_list_sortedERKNSt7__cxx1112basic_stringIcSt11char_traitsIcESaIcEEEEUlT_T0_E1_EC2ESD_
FN:172,_ZN9__gnu_cxx5__ops14_Val_comp_iterIZN10Controller15get_list_sortedERKNSt7__cxx1112basic_stringIcSt11char_traitsIcESaIcEEEEUlT_T0_E0_EclI8ActivityNS_17__normal_iteratorIPSG_St6vectorISG_SaISG_EEEEEEbRSB_SC_
FN:172,_ZN9__gnu_cxx5__ops14_Val_comp_iterIZN10Controller15get_list_sortedERKNSt7__cxx1112basic_stringIcSt11char_traitsIcESaIcEEEEUlT_T0_E_EclI8ActivityNS_17__normal_iteratorIPSG_St6vectorISG_SaISG_EEEEEEbRSB_SC_
FN:172,_ZN9__gnu_cxx5__ops14_Val_comp_iterIZN10Controller15get_list_sortedERKNSt7__cxx1112basic_stringIcSt11char_traitsIcESaIcEEEEUlT_T0_E1_EclI8ActivityNS_17__normal_iteratorIPSG_St6vectorISG_SaISG_EEEEEEbRSB_SC_
FN:183,_ZN9__gnu_cxx5__ops15__val_comp_iterIZN10Controller15get_list_sortedERKNSt7__cxx1112basic_stringIcSt11char_traitsIcESaIcEEEEUlT_T0_E_EENS0_14_Val_comp_iterISB_EENS0_15_Iter_comp_iterISB_EE
FN:183,_ZN9__gnu_cxx5__ops15__val_comp_iterIZN10Controller15get_list_sortedERKNSt7__cxx1112basic_stringIcSt11char_traitsIcESaIcEEEEUlT_T0_E1_EENS0_14_Val_comp_iterISB_EENS0_15_Iter_comp_iterISB_EE
FN:183,_ZN9__gnu_cxx5__ops15__val_comp_iterIZN10Controller15get_list_sortedERKNSt7__cxx1112basic_stringIcSt11char_traitsIcESaIcEEEEUlT_T0_E0_EENS0_14_Val_comp_iterISB_EENS0_15_Iter_comp_iterISB_EE
FNDA:0,_ZN9__gnu_cxx5__ops15_Iter_comp_iterIZN10Controller15get_list_sortedERKNSt7__cxx1112basic_stringIcSt11char_traitsIcESaIcEEEEUlT_T0_E1_EC2ESD_
FNDA:0,_ZN9__gnu_cxx5__ops15_Iter_comp_iterIZN10Controller15get_list_sortedERKNSt7__cxx1112basic_stringIcSt11char_traitsIcESaIcEEEEUlT_T0_E0_EC2ESD_
FNDA:0,_ZN9__gnu_cxx5__ops15_Iter_comp_iterIZN10Controller15get_list_sortedERKNSt7__cxx1112basic_stringIcSt11char_traitsIcESaIcEEEEUlT_T0_E_EC2ESD_
FNDA:0,_ZN9__gnu_cxx5__ops15_Iter_comp_iterIZN10Controller15get_list_sortedERKNSt7__cxx1112basic_stringIcSt11char_traitsIcESaIcEEEEUlT_T0_E1_EclINS_17__normal_iteratorIP8ActivitySt6vectorISH_SaISH_EEEESM_EEbSB_SC_
FNDA:0,_ZN9__gnu_cxx5__ops15_Iter_comp_iterIZN10Controller15get_list_sortedERKNSt7__cxx1112basic_stringIcSt11char_traitsIcESaIcEEEEUlT_T0_E0_EclINS_17__normal_iteratorIP8ActivitySt6vectorISH_SaISH_EEEESM_EEbSB_SC_
FNDA:0,_ZN9__gnu_cxx5__ops15_Iter_comp_iterIZN10Controller15get_list_sortedERKNSt7__cxx1112basic_stringIcSt11char_traitsIcESaIcEEEEUlT_T0_E_EclINS_17__normal_iteratorIP8ActivitySt6vectorISH_SaISH_EEEESM_EEbSB_SC_
FNDA:0,_ZN9__gnu_cxx5__ops16__iter_comp_iterIZN10Controller15get_list_sortedERKNSt7__cxx1112basic_stringIcSt11char_traitsIcESaIcEEEEUlT_T0_E1_EENS0_15_Iter_comp_iterISB_EESB_
FNDA:0,_ZN9__gnu_cxx5__ops16__iter_comp_iterIZN10Controller15get_list_sortedERKNSt7__cxx1112basic_stringIcSt11char_traitsIcESaIcEEEEUlT_T0_E0_EENS0_15_Iter_comp_iterISB_EESB_
FNDA:0,_ZN9__gnu_cxx5__ops16__iter_comp_iterIZN10Controller15get_list_sortedERKNSt7__cxx1112basic_stringIcSt11char_traitsIcESaIcEEEEUlT_T0_E_EENS0_15_Iter_comp_iterISB_EESB_
FNDA:0,_ZN9__gnu_cxx5__ops14_Iter_comp_valIZN10Controller15get_list_sortedERKNSt7__cxx1112basic_stringIcSt11char_traitsIcESaIcEEEEUlT_T0_E1_EC2ESD_
FNDA:0,_ZN9__gnu_cxx5__ops14_Iter_comp_valIZN10Controller15get_list_sortedERKNSt7__cxx1112basic_stringIcSt11char_traitsIcESaIcEEEEUlT_T0_E0_EC2ESD_
FNDA:0,_ZN9__gnu_cxx5__ops14_Iter_comp_valIZN10Controller15get_list_sortedERKNSt7__cxx1112basic_stringIcSt11char_traitsIcESaIcEEEEUlT_T0_E_EC2ESD_
FNDA:0,_ZN9__gnu_cxx5__ops14_Iter_comp_valIZN10Controller15get_list_sortedERKNSt7__cxx1112basic_stringIcSt11char_traitsIcESaIcEEEEUlT_T0_E1_EclINS_17__normal_iteratorIP8ActivitySt6vectorISH_SaISH_EEEESH_EEbSB_RSC_
FNDA:0,_ZN9__gnu_cxx5__ops14_Iter_comp_valIZN10Controller15get_list_sortedERKNSt7__cxx1112basic_stringIcSt11char_traitsIcESaIcEEEEUlT_T0_E0_EclINS_17__normal_iteratorIP8ActivitySt6vectorISH_SaISH_EEEESH_EEbSB_RSC_
FNDA:0,_ZN9__gnu_cxx5__ops14_Iter_comp_valIZN10Controller15get_list_sortedERKNSt7__cxx1112basic_stringIcSt11char_traitsIcESaIcEEEEUlT_T0_E_EclINS_17__normal_iteratorIP8ActivitySt6vectorISH_SaISH_EEEESH_EEbSB_RSC_
FNDA:0,_ZN9__gnu_cxx5__ops15__iter_comp_valIZN10Controller15get_list_sortedERKNSt7__cxx1112basic_stringIcSt11char_traitsIcESaIcEEEEUlT_T0_E1_EENS0_14_Iter_comp_valISB_EENS0_15_Iter_comp_iterISB_EE
FNDA:0,_ZN9__gnu_cxx5__ops15__iter_comp_valIZN10Controller15get_list_sortedERKNSt7__cxx1112basic_stringIcSt11char_traitsIcESaIcEEEEUlT_T0_E0_EENS0_14_Iter_comp_valISB_EENS0_15_Iter_comp_iterISB_EE
FNDA:0,_ZN9__gnu_cxx5__ops15__iter_comp_valIZN10Controller15get_list_sortedERKNSt7__cxx1112basic_stringIcSt11char_traitsIcESaIcEEEEUlT_T0_E_EENS0_14_Iter_comp_valISB_EENS0_15_Iter_comp_iterISB_EE
FNDA:0,_ZN9__gnu_cxx5__ops14_Val_comp_iterIZN10Controller15get_list_sortedERKNSt7__cxx1112basic_stringIcSt11char_traitsIcESaIcEEEEUlT_T0_E1_EC2ESD_
FNDA:0,_ZN9__gnu_cxx5__ops14_Val_comp_iterIZN10Controller15get_list_sortedERKNSt7__cxx1112basic_stringIcSt11char_traitsIcESaIcEEEEUlT_T0_E0_EC2ESD_
FNDA:0,_ZN9__gnu_cxx5__ops14_Val_comp_iterIZN10Controller15get_list_sortedERKNSt7__cxx1112basic_stringIcSt11char_traitsIcESaIcEEEEUlT_T0_E_EC2ESD_
FNDA:0,_ZN9__gnu_cxx5__ops14_Val_comp_iterIZN10Controller15get_list_sortedERKNSt7__cxx1112basic_stringIcSt11char_traitsIcESaIcEEEEUlT_T0_E1_EclI8ActivityNS_17__normal_iteratorIPSG_St6vectorISG_SaISG_EEEEEEbRSB_SC_
FNDA:0,_ZN9__gnu_cxx5__ops14_Val_comp_iterIZN10Controller15get_list_sortedERKNSt7__cxx1112basic_stringIcSt11char_traitsIcESaIcEEEEUlT_T0_E0_EclI8ActivityNS_17__normal_iteratorIPSG_St6vectorISG_SaISG_EEEEEEbRSB_SC_
FNDA:0,_ZN9__gnu_cxx5__ops14_Val_comp_iterIZN10Controller15get_list_sortedERKNSt7__cxx1112basic_stringIcSt11char_traitsIcESaIcEEEEUlT_T0_E_EclI8ActivityNS_17__normal_iteratorIPSG_St6vectorISG_SaISG_EEEEEEbRSB_SC_
FNDA:0,_ZN9__gnu_cxx5__ops15__val_comp_iterIZN10Controller15get_list_sortedERKNSt7__cxx1112basic_stringIcSt11char_traitsIcESaIcEEEEUlT_T0_E1_EENS0_14_Val_comp_iterISB_EENS0_15_Iter_comp_iterISB_EE
FNDA:0,_ZN9__gnu_cxx5__ops15__val_comp_iterIZN10Controller15get_list_sortedERKNSt7__cxx1112basic_stringIcSt11char_traitsIcESaIcEEEEUlT_T0_E0_EENS0_14_Val_comp_iterISB_EENS0_15_Iter_comp_iterISB_EE
FNDA:0,_ZN9__gnu_cxx5__ops15__val_comp_iterIZN10Controller15get_list_sortedERKNSt7__cxx1112basic_stringIcSt11char_traitsIcESaIcEEEEUlT_T0_E_EENS0_14_Val_comp_iterISB_EENS0_15_Iter_comp_iterISB_EE
FNF:27
FNH:0
DA:117,0
DA:119,0
DA:124,0
DA:125,0
DA:131,0
DA:132,0
DA:140,0
DA:142,0
DA:146,0
DA:147,0
DA:157,0
DA:158,0
DA:166,0
DA:168,0
DA:172,0
DA:173,0
DA:183,0
DA:184,0
LF:18
LH:0
end_of_record
SF:/usr/include/c++/6.3.1/bits/random.h
FN:139,_ZNSt8__detail4_ModImLm2147483647ELm16807ELm0ELb1ELb1EE6__calcEm
FN:139,_ZNSt8__detail4_ModImLm2147483647ELm1ELm0ELb1ELb1EE6__calcEm
FN:150,_ZNSt8__detail5__modImLm2147483647ELm1ELm0EEET_S1_
FN:150,_ZNSt8__detail5__modImLm2147483647ELm16807ELm0EEET_S1_
FN:276,_ZNSt26linear_congruential_engineImLm16807ELm0ELm2147483647EEC2IlvEERT_
FN:330,_ZNSt26linear_congruential_engineImLm16807ELm0ELm2147483647EEclEv
FNDA:0,_ZNSt8__detail4_ModImLm2147483647ELm16807ELm0ELb1ELb1EE6__calcEm
FNDA:0,_ZNSt8__detail4_ModImLm2147483647ELm1ELm0ELb1ELb1EE6__calcEm
FNDA:0,_ZNSt8__detail5__modImLm2147483647ELm16807ELm0EEET_S1_
FNDA:0,_ZNSt8__detail5__modImLm2147483647ELm1ELm0EEET_S1_
FNDA:0,_ZNSt26linear_congruential_engineImLm16807ELm0ELm2147483647EEC2IlvEERT_
FNDA:0,_ZNSt26linear_congruential_engineImLm16807ELm0ELm2147483647EEclEv
FNF:6
FNH:0
DA:139,0
DA:141,0
DA:143,0
DA:144,0
DA:150,0
DA:151,0
DA:276,0
DA:277,0
DA:330,0
DA:332,0
DA:333,0
LF:11
LH:0
end_of_record
SF:/usr/include/c++/6.3.1/bits/random.tcc
FN:119,_ZNSt26linear_congruential_engineImLm16807ELm0ELm2147483647EE4seedEm
FNDA:0,_ZNSt26linear_congruential_engineImLm16807ELm0ELm2147483647EE4seedEm
FNF:1
FNH:0
DA:119,0
DA:122,0
DA:123,0
DA:124,0
DA:126,0
DA:127,0
LF:6
LH:0
end_of_record
SF:/usr/include/c++/6.3.1/bits/stl_algo.h
FN:78,_ZSt22__move_median_to_firstIN9__gnu_cxx17__normal_iteratorIP8ActivitySt6vectorIS2_SaIS2_EEEENS0_5__ops15_Iter_comp_iterIZN10Controller15get_list_sortedERKNSt7__cxx1112basic_stringIcSt11char_traitsIcESaIcEEEEUlT_T0_E0_EEEvSJ_SJ_SJ_SJ_SK_
FN:78,_ZSt22__move_median_to_firstIN9__gnu_cxx17__normal_iteratorIP8ActivitySt6vectorIS2_SaIS2_EEEENS0_5__ops15_Iter_comp_iterIZN10Controller15get_list_sortedERKNSt7__cxx1112basic_stringIcSt11char_traitsIcESaIcEEEEUlT_T0_E_EEEvSJ_SJ_SJ_SJ_SK_
FN:78,_ZSt22__move_median_to_firstIN9__gnu_cxx17__normal_iteratorIP8ActivitySt6vectorIS2_SaIS2_EEEENS0_5__ops15_Iter_comp_iterIZN10Controller15get_list_sortedERKNSt7__cxx1112basic_stringIcSt11char_traitsIcESaIcEEEEUlT_T0_E1_EEEvSJ_SJ_SJ_SJ_SK_
FN:734,_ZSt7copy_ifIN9__gnu_cxx17__normal_iteratorIP8ActivitySt6vectorIS2_SaIS2_EEEES7_ZN10Controller17get_list_filteredERKNSt7__cxx1112basic_stringIcSt11char_traitsIcESaIcEEESG_EUlT_E0_ET0_SH_SH_SJ_T1_
FN:734,_ZSt7copy_ifIN9__gnu_cxx17__normal_iteratorIP8ActivitySt6vectorIS2_SaIS2_EEEES7_ZN10Controller17get_list_filteredERKNSt7__cxx1112basic_stringIcSt11char_traitsIcESaIcEEESG_EUlT_E_ET0_SH_SH_SJ_T1_
FN:1665,_ZSt13__heap_selectIN9__gnu_cxx17__normal_iteratorIP8ActivitySt6vectorIS2_SaIS2_EEEENS0_5__ops15_Iter_comp_iterIZN10Controller15get_list_sortedERKNSt7__cxx1112basic_stringIcSt11char_traitsIcESaIcEEEEUlT_T0_E1_EEEvSJ_SJ_SJ_SK_
FN:1665,_ZSt13__heap_selectIN9__gnu_cxx17__normal_iteratorIP8ActivitySt6vectorIS2_SaIS2_EEEENS0_5__ops15_Iter_comp_iterIZN10Controller15get_list_sortedERKNSt7__cxx1112basic_stringIcSt11char_traitsIcESaIcEEEEUlT_T0_E0_EEEvSJ_SJ_SJ_SK_
FN:1665,_ZSt13__heap_selectIN9__gnu_cxx17__normal_iteratorIP8ActivitySt6vectorIS2_SaIS2_EEEENS0_5__ops15_Iter_comp_iterIZN10Controller15get_list_sortedERKNSt7__cxx1112basic_stringIcSt11char_traitsIcESaIcEEEEUlT_T0_E_EEEvSJ_SJ_SJ_SK_
FN:1818,_ZSt25__unguarded_linear_insertIN9__gnu_cxx17__normal_iteratorIP8ActivitySt6vectorIS2_SaIS2_EEEENS0_5__ops14_Val_comp_iterIZN10Controller15get_list_sortedERKNSt7__cxx1112basic_stringIcSt11char_traitsIcESaIcEEEEUlT_T0_E1_EEEvSJ_SK_
FN:1818,_ZSt25__unguarded_linear_insertIN9__gnu_cxx17__normal_iteratorIP8ActivitySt6vectorIS2_SaIS2_EEEENS0_5__ops14_Val_comp_iterIZN10Controller15get_list_sortedERKNSt7__cxx1112basic_stringIcSt11char_traitsIcESaIcEEEEUlT_T0_E0_EEEvSJ_SK_
FN:1818,_ZSt25__unguarded_linear_insertIN9__gnu_cxx17__normal_iteratorIP8ActivitySt6vectorIS2_SaIS2_EEEENS0_5__ops14_Val_comp_iterIZN10Controller15get_list_sortedERKNSt7__cxx1112basic_stringIcSt11char_traitsIcESaIcEEEEUlT_T0_E_EEEvSJ_SK_
FN:1837,_ZSt16__insertion_sortIN9__gnu_cxx17__normal_iteratorIP8ActivitySt6vectorIS2_SaIS2_EEEENS0_5__ops15_Iter_comp_iterIZN10Controller15get_list_sortedERKNSt7__cxx1112basic_stringIcSt11char_traitsIcESaIcEEEEUlT_T0_E_EEEvSJ_SJ_SK_
FN:1837,_ZSt16__insertion_sortIN9__gnu_cxx17__normal_iteratorIP8ActivitySt6vectorIS2_SaIS2_EEEENS0_5__ops15_Iter_comp_iterIZN10Controller15get_list_sortedERKNSt7__cxx1112basic_stringIcSt11char_traitsIcESaIcEEEEUlT_T0_E1_EEEvSJ_SJ_SK_
FN:1837,_ZSt16__insertion_sortIN9__gnu_cxx17__normal_iteratorIP8ActivitySt6vectorIS2_SaIS2_EEEENS0_5__ops15_Iter_comp_iterIZN10Controller15get_list_sortedERKNSt7__cxx1112basic_stringIcSt11char_traitsIcESaIcEEEEUlT_T0_E0_EEEvSJ_SJ_SK_
FN:1860,_ZSt26__unguarded_insertion_sortIN9__gnu_cxx17__normal_iteratorIP8ActivitySt6vectorIS2_SaIS2_EEEENS0_5__ops15_Iter_comp_iterIZN10Controller15get_list_sortedERKNSt7__cxx1112basic_stringIcSt11char_traitsIcESaIcEEEEUlT_T0_E_EEEvSJ_SJ_SK_
FN:1860,_ZSt26__unguarded_insertion_sortIN9__gnu_cxx17__normal_iteratorIP8ActivitySt6vectorIS2_SaIS2_EEEENS0_5__ops15_Iter_comp_iterIZN10Controller15get_list_sortedERKNSt7__cxx1112basic_stringIcSt11char_traitsIcESaIcEEEEUlT_T0_E0_EEEvSJ_SJ_SK_
FN:1860,_ZSt26__unguarded_insertion_sortIN9__gnu_cxx17__normal_iteratorIP8ActivitySt6vectorIS2_SaIS2_EEEENS0_5__ops15_Iter_comp_iterIZN10Controller15get_list_sortedERKNSt7__cxx1112basic_stringIcSt11char_traitsIcESaIcEEEEUlT_T0_E1_EEEvSJ_SJ_SK_
FN:1877,_ZSt22__final_insertion_sortIN9__gnu_cxx17__normal_iteratorIP8ActivitySt6vectorIS2_SaIS2_EEEENS0_5__ops15_Iter_comp_iterIZN10Controller15get_list_sortedERKNSt7__cxx1112basic_stringIcSt11char_traitsIcESaIcEEEEUlT_T0_E_EEEvSJ_SJ_SK_
FN:1877,_ZSt22__final_insertion_sortIN9__gnu_cxx17__normal_iteratorIP8ActivitySt6vectorIS2_SaIS2_EEEENS0_5__ops15_Iter_comp_iterIZN10Controller15get_list_sortedERKNSt7__cxx1112basic_stringIcSt11char_traitsIcESaIcEEEEUlT_T0_E1_EEEvSJ_SJ_SK_
FN:1877,_ZSt22__final_insertion_sortIN9__gnu_cxx17__normal_iteratorIP8ActivitySt6vectorIS2_SaIS2_EEEENS0_5__ops15_Iter_comp_iterIZN10Controller15get_list_sortedERKNSt7__cxx1112basic_stringIcSt11char_traitsIcESaIcEEEEUlT_T0_E0_EEEvSJ_SJ_SK_
FN:1893,_ZSt21__unguarded_partitionIN9__gnu_cxx17__normal_iteratorIP8ActivitySt6vectorIS2_SaIS2_EEEENS0_5__ops15_Iter_comp_iterIZN10Controller15get_list_sortedERKNSt7__cxx1112basic_stringIcSt11char_traitsIcESaIcEEEEUlT_T0_E1_EEESJ_SJ_SJ_SJ_SK_
FN:1893,_ZSt21__unguarded_partitionIN9__gnu_cxx17__normal_iteratorIP8ActivitySt6vectorIS2_SaIS2_EEEENS0_5__ops15_Iter_comp_iterIZN10Controller15get_list_sortedERKNSt7__cxx1112basic_stringIcSt11char_traitsIcESaIcEEEEUlT_T0_E0_EEESJ_SJ_SJ_SJ_SK_
FN:1893,_ZSt21__unguarded_partitionIN9__gnu_cxx17__normal_iteratorIP8ActivitySt6vectorIS2_SaIS2_EEEENS0_5__ops15_Iter_comp_iterIZN10Controller15get_list_sortedERKNSt7__cxx1112basic_stringIcSt11char_traitsIcESaIcEEEEUlT_T0_E_EEESJ_SJ_SJ_SJ_SK_
FN:1914,_ZSt27__unguarded_partition_pivotIN9__gnu_cxx17__normal_iteratorIP8ActivitySt6vectorIS2_SaIS2_EEEENS0_5__ops15_Iter_comp_iterIZN10Controller15get_list_sortedERKNSt7__cxx1112basic_stringIcSt11char_traitsIcESaIcEEEEUlT_T0_E1_EEESJ_SJ_SJ_SK_
FN:1914,_ZSt27__unguarded_partition_pivotIN9__gnu_cxx17__normal_iteratorIP8ActivitySt6vectorIS2_SaIS2_EEEENS0_5__ops15_Iter_comp_iterIZN10Controller15get_list_sortedERKNSt7__cxx1112basic_stringIcSt11char_traitsIcESaIcEEEEUlT_T0_E0_EEESJ_SJ_SJ_SK_
FN:1914,_ZSt27__unguarded_partition_pivotIN9__gnu_cxx17__normal_iteratorIP8ActivitySt6vectorIS2_SaIS2_EEEENS0_5__ops15_Iter_comp_iterIZN10Controller15get_list_sortedERKNSt7__cxx1112basic_stringIcSt11char_traitsIcESaIcEEEEUlT_T0_E_EEESJ_SJ_SJ_SK_
FN:1925,_ZSt14__partial_sortIN9__gnu_cxx17__normal_iteratorIP8ActivitySt6vectorIS2_SaIS2_EEEENS0_5__ops15_Iter_comp_iterIZN10Controller15get_list_sortedERKNSt7__cxx1112basic_stringIcSt11char_traitsIcESaIcEEEEUlT_T0_E_EEEvSJ_SJ_SJ_SK_
FN:1925,_ZSt14__partial_sortIN9__gnu_cxx17__normal_iteratorIP8ActivitySt6vectorIS2_SaIS2_EEEENS0_5__ops15_Iter_comp_iterIZN10Controller15get_list_sortedERKNSt7__cxx1112basic_stringIcSt11char_traitsIcESaIcEEEEUlT_T0_E1_EEEvSJ_SJ_SJ_SK_
FN:1925,_ZSt14__partial_sortIN9__gnu_cxx17__normal_iteratorIP8ActivitySt6vectorIS2_SaIS2_EEEENS0_5__ops15_Iter_comp_iterIZN10Controller15get_list_sortedERKNSt7__cxx1112basic_stringIcSt11char_traitsIcESaIcEEEEUlT_T0_E0_EEEvSJ_SJ_SJ_SK_
FN:1937,_ZSt16__introsort_loopIN9__gnu_cxx17__normal_iteratorIP8ActivitySt6vectorIS2_SaIS2_EEEElNS0_5__ops15_Iter_comp_iterIZN10Controller15get_list_sortedERKNSt7__cxx1112basic_stringIcSt11char_traitsIcESaIcEEEEUlT_T0_E1_EEEvSJ_SJ_SK_T1_
FN:1937,_ZSt16__introsort_loopIN9__gnu_cxx17__normal_iteratorIP8ActivitySt6vectorIS2_SaIS2_EEEElNS0_5__ops15_Iter_comp_iterIZN10Controller15get_list_sortedERKNSt7__cxx1112basic_stringIcSt11char_traitsIcESaIcEEEEUlT_T0_E0_EEEvSJ_SJ_SK_T1_
FN:1937,_ZSt16__introsort_loopIN9__gnu_cxx17__normal_iteratorIP8ActivitySt6vectorIS2_SaIS2_EEEElNS0_5__ops15_Iter_comp_iterIZN10Controller15get_list_sortedERKNSt7__cxx1112basic_stringIcSt11char_traitsIcESaIcEEEEUlT_T0_E_EEEvSJ_SJ_SK_T1_
FN:1960,_ZSt6__sortIN9__gnu_cxx17__normal_iteratorIP8ActivitySt6vectorIS2_SaIS2_EEEENS0_5__ops15_Iter_comp_iterIZN10Controller15get_list_sortedERKNSt7__cxx1112basic_stringIcSt11char_traitsIcESaIcEEEEUlT_T0_E_EEEvSJ_SJ_SK_
FN:1960,_ZSt6__sortIN9__gnu_cxx17__normal_iteratorIP8ActivitySt6vectorIS2_SaIS2_EEEENS0_5__ops15_Iter_comp_iterIZN10Controller15get_list_sortedERKNSt7__cxx1112basic_stringIcSt11char_traitsIcESaIcEEEEUlT_T0_E1_EEEvSJ_SJ_SK_
FN:1960,_ZSt6__sortIN9__gnu_cxx17__normal_iteratorIP8ActivitySt6vectorIS2_SaIS2_EEEENS0_5__ops15_Iter_comp_iterIZN10Controller15get_list_sortedERKNSt7__cxx1112basic_stringIcSt11char_traitsIcESaIcEEEEUlT_T0_E0_EEEvSJ_SJ_SK_
FN:3719,_ZSt7shuffleIN9__gnu_cxx17__normal_iteratorIP8ActivitySt6vectorIS2_SaIS2_EEEESt26linear_congruential_engineImLm16807ELm0ELm2147483647EEEvT_SA_OT0_
FN:4727,_ZSt4sortIN9__gnu_cxx17__normal_iteratorIP8ActivitySt6vectorIS2_SaIS2_EEEEZN10Controller15get_list_sortedERKNSt7__cxx1112basic_stringIcSt11char_traitsIcESaIcEEEEUlT_T0_E0_EvSH_SH_SI_
FN:4727,_ZSt4sortIN9__gnu_cxx17__normal_iteratorIP8ActivitySt6vectorIS2_SaIS2_EEEEZN10Controller15get_list_sortedERKNSt7__cxx1112basic_stringIcSt11char_traitsIcESaIcEEEEUlT_T0_E1_EvSH_SH_SI_
FN:4727,_ZSt4sortIN9__gnu_cxx17__normal_iteratorIP8ActivitySt6vectorIS2_SaIS2_EEEEZN10Controller15get_list_sortedERKNSt7__cxx1112basic_stringIcSt11char_traitsIcESaIcEEEEUlT_T0_E_EvSH_SH_SI_
FNDA:0,_ZSt22__move_median_to_firstIN9__gnu_cxx17__normal_iteratorIP8ActivitySt6vectorIS2_SaIS2_EEEENS0_5__ops15_Iter_comp_iterIZN10Controller15get_list_sortedERKNSt7__cxx1112basic_stringIcSt11char_traitsIcESaIcEEEEUlT_T0_E1_EEEvSJ_SJ_SJ_SJ_SK_
FNDA:0,_ZSt22__move_median_to_firstIN9__gnu_cxx17__normal_iteratorIP8ActivitySt6vectorIS2_SaIS2_EEEENS0_5__ops15_Iter_comp_iterIZN10Controller15get_list_sortedERKNSt7__cxx1112basic_stringIcSt11char_traitsIcESaIcEEEEUlT_T0_E0_EEEvSJ_SJ_SJ_SJ_SK_
FNDA:0,_ZSt22__move_median_to_firstIN9__gnu_cxx17__normal_iteratorIP8ActivitySt6vectorIS2_SaIS2_EEEENS0_5__ops15_Iter_comp_iterIZN10Controller15get_list_sortedERKNSt7__cxx1112basic_stringIcSt11char_traitsIcESaIcEEEEUlT_T0_E_EEEvSJ_SJ_SJ_SJ_SK_
FNDA:0,_ZSt7copy_ifIN9__gnu_cxx17__normal_iteratorIP8ActivitySt6vectorIS2_SaIS2_EEEES7_ZN10Controller17get_list_filteredERKNSt7__cxx1112basic_stringIcSt11char_traitsIcESaIcEEESG_EUlT_E0_ET0_SH_SH_SJ_T1_
FNDA:0,_ZSt7copy_ifIN9__gnu_cxx17__normal_iteratorIP8ActivitySt6vectorIS2_SaIS2_EEEES7_ZN10Controller17get_list_filteredERKNSt7__cxx1112basic_stringIcSt11char_traitsIcESaIcEEESG_EUlT_E_ET0_SH_SH_SJ_T1_
FNDA:0,_ZSt13__heap_selectIN9__gnu_cxx17__normal_iteratorIP8ActivitySt6vectorIS2_SaIS2_EEEENS0_5__ops15_Iter_comp_iterIZN10Controller15get_list_sortedERKNSt7__cxx1112basic_stringIcSt11char_traitsIcESaIcEEEEUlT_T0_E1_EEEvSJ_SJ_SJ_SK_
FNDA:0,_ZSt13__heap_selectIN9__gnu_cxx17__normal_iteratorIP8ActivitySt6vectorIS2_SaIS2_EEEENS0_5__ops15_Iter_comp_iterIZN10Controller15get_list_sortedERKNSt7__cxx1112basic_stringIcSt11char_traitsIcESaIcEEEEUlT_T0_E0_EEEvSJ_SJ_SJ_SK_
FNDA:0,_ZSt13__heap_selectIN9__gnu_cxx17__normal_iteratorIP8ActivitySt6vectorIS2_SaIS2_EEEENS0_5__ops15_Iter_comp_iterIZN10Controller15get_list_sortedERKNSt7__cxx1112basic_stringIcSt11char_traitsIcESaIcEEEEUlT_T0_E_EEEvSJ_SJ_SJ_SK_
FNDA:0,_ZSt25__unguarded_linear_insertIN9__gnu_cxx17__normal_iteratorIP8ActivitySt6vectorIS2_SaIS2_EEEENS0_5__ops14_Val_comp_iterIZN10Controller15get_list_sortedERKNSt7__cxx1112basic_stringIcSt11char_traitsIcESaIcEEEEUlT_T0_E1_EEEvSJ_SK_
FNDA:0,_ZSt25__unguarded_linear_insertIN9__gnu_cxx17__normal_iteratorIP8ActivitySt6vectorIS2_SaIS2_EEEENS0_5__ops14_Val_comp_iterIZN10Controller15get_list_sortedERKNSt7__cxx1112basic_stringIcSt11char_traitsIcESaIcEEEEUlT_T0_E0_EEEvSJ_SK_
FNDA:0,_ZSt25__unguarded_linear_insertIN9__gnu_cxx17__normal_iteratorIP8ActivitySt6vectorIS2_SaIS2_EEEENS0_5__ops14_Val_comp_iterIZN10Controller15get_list_sortedERKNSt7__cxx1112basic_stringIcSt11char_traitsIcESaIcEEEEUlT_T0_E_EEEvSJ_SK_
FNDA:0,_ZSt16__insertion_sortIN9__gnu_cxx17__normal_iteratorIP8ActivitySt6vectorIS2_SaIS2_EEEENS0_5__ops15_Iter_comp_iterIZN10Controller15get_list_sortedERKNSt7__cxx1112basic_stringIcSt11char_traitsIcESaIcEEEEUlT_T0_E1_EEEvSJ_SJ_SK_
FNDA:0,_ZSt16__insertion_sortIN9__gnu_cxx17__normal_iteratorIP8ActivitySt6vectorIS2_SaIS2_EEEENS0_5__ops15_Iter_comp_iterIZN10Controller15get_list_sortedERKNSt7__cxx1112basic_stringIcSt11char_traitsIcESaIcEEEEUlT_T0_E0_EEEvSJ_SJ_SK_
FNDA:0,_ZSt16__insertion_sortIN9__gnu_cxx17__normal_iteratorIP8ActivitySt6vectorIS2_SaIS2_EEEENS0_5__ops15_Iter_comp_iterIZN10Controller15get_list_sortedERKNSt7__cxx1112basic_stringIcSt11char_traitsIcESaIcEEEEUlT_T0_E_EEEvSJ_SJ_SK_
FNDA:0,_ZSt26__unguarded_insertion_sortIN9__gnu_cxx17__normal_iteratorIP8ActivitySt6vectorIS2_SaIS2_EEEENS0_5__ops15_Iter_comp_iterIZN10Controller15get_list_sortedERKNSt7__cxx1112basic_stringIcSt11char_traitsIcESaIcEEEEUlT_T0_E1_EEEvSJ_SJ_SK_
FNDA:0,_ZSt26__unguarded_insertion_sortIN9__gnu_cxx17__normal_iteratorIP8ActivitySt6vectorIS2_SaIS2_EEEENS0_5__ops15_Iter_comp_iterIZN10Controller15get_list_sortedERKNSt7__cxx1112basic_stringIcSt11char_traitsIcESaIcEEEEUlT_T0_E0_EEEvSJ_SJ_SK_
FNDA:0,_ZSt26__unguarded_insertion_sortIN9__gnu_cxx17__normal_iteratorIP8ActivitySt6vectorIS2_SaIS2_EEEENS0_5__ops15_Iter_comp_iterIZN10Controller15get_list_sortedERKNSt7__cxx1112basic_stringIcSt11char_traitsIcESaIcEEEEUlT_T0_E_EEEvSJ_SJ_SK_
FNDA:0,_ZSt22__final_insertion_sortIN9__gnu_cxx17__normal_iteratorIP8ActivitySt6vectorIS2_SaIS2_EEEENS0_5__ops15_Iter_comp_iterIZN10Controller15get_list_sortedERKNSt7__cxx1112basic_stringIcSt11char_traitsIcESaIcEEEEUlT_T0_E1_EEEvSJ_SJ_SK_
FNDA:0,_ZSt22__final_insertion_sortIN9__gnu_cxx17__normal_iteratorIP8ActivitySt6vectorIS2_SaIS2_EEEENS0_5__ops15_Iter_comp_iterIZN10Controller15get_list_sortedERKNSt7__cxx1112basic_stringIcSt11char_traitsIcESaIcEEEEUlT_T0_E0_EEEvSJ_SJ_SK_
FNDA:0,_ZSt22__final_insertion_sortIN9__gnu_cxx17__normal_iteratorIP8ActivitySt6vectorIS2_SaIS2_EEEENS0_5__ops15_Iter_comp_iterIZN10Controller15get_list_sortedERKNSt7__cxx1112basic_stringIcSt11char_traitsIcESaIcEEEEUlT_T0_E_EEEvSJ_SJ_SK_
FNDA:0,_ZSt21__unguarded_partitionIN9__gnu_cxx17__normal_iteratorIP8ActivitySt6vectorIS2_SaIS2_EEEENS0_5__ops15_Iter_comp_iterIZN10Controller15get_list_sortedERKNSt7__cxx1112basic_stringIcSt11char_traitsIcESaIcEEEEUlT_T0_E1_EEESJ_SJ_SJ_SJ_SK_
FNDA:0,_ZSt21__unguarded_partitionIN9__gnu_cxx17__normal_iteratorIP8ActivitySt6vectorIS2_SaIS2_EEEENS0_5__ops15_Iter_comp_iterIZN10Controller15get_list_sortedERKNSt7__cxx1112basic_stringIcSt11char_traitsIcESaIcEEEEUlT_T0_E0_EEESJ_SJ_SJ_SJ_SK_
FNDA:0,_ZSt21__unguarded_partitionIN9__gnu_cxx17__normal_iteratorIP8ActivitySt6vectorIS2_SaIS2_EEEENS0_5__ops15_Iter_comp_iterIZN10Controller15get_list_sortedERKNSt7__cxx1112basic_stringIcSt11char_traitsIcESaIcEEEEUlT_T0_E_EEESJ_SJ_SJ_SJ_SK_
FNDA:0,_ZSt27__unguarded_partition_pivotIN9__gnu_cxx17__normal_iteratorIP8ActivitySt6vectorIS2_SaIS2_EEEENS0_5__ops15_Iter_comp_iterIZN10Controller15get_list_sortedERKNSt7__cxx1112basic_stringIcSt11char_traitsIcESaIcEEEEUlT_T0_E1_EEESJ_SJ_SJ_SK_
FNDA:0,_ZSt27__unguarded_partition_pivotIN9__gnu_cxx17__normal_iteratorIP8ActivitySt6vectorIS2_SaIS2_EEEENS0_5__ops15_Iter_comp_iterIZN10Controller15get_list_sortedERKNSt7__cxx1112basic_stringIcSt11char_traitsIcESaIcEEEEUlT_T0_E0_EEESJ_SJ_SJ_SK_
FNDA:0,_ZSt27__unguarded_partition_pivotIN9__gnu_cxx17__normal_iteratorIP8ActivitySt6vectorIS2_SaIS2_EEEENS0_5__ops15_Iter_comp_iterIZN10Controller15get_list_sortedERKNSt7__cxx1112basic_stringIcSt11char_traitsIcESaIcEEEEUlT_T0_E_EEESJ_SJ_SJ_SK_
FNDA:0,_ZSt14__partial_sortIN9__gnu_cxx17__normal_iteratorIP8ActivitySt6vectorIS2_SaIS2_EEEENS0_5__ops15_Iter_comp_iterIZN10Controller15get_list_sortedERKNSt7__cxx1112basic_stringIcSt11char_traitsIcESaIcEEEEUlT_T0_E1_EEEvSJ_SJ_SJ_SK_
FNDA:0,_ZSt14__partial_sortIN9__gnu_cxx17__normal_iteratorIP8ActivitySt6vectorIS2_SaIS2_EEEENS0_5__ops15_Iter_comp_iterIZN10Controller15get_list_sortedERKNSt7__cxx1112basic_stringIcSt11char_traitsIcESaIcEEEEUlT_T0_E0_EEEvSJ_SJ_SJ_SK_
FNDA:0,_ZSt14__partial_sortIN9__gnu_cxx17__normal_iteratorIP8ActivitySt6vectorIS2_SaIS2_EEEENS0_5__ops15_Iter_comp_iterIZN10Controller15get_list_sortedERKNSt7__cxx1112basic_stringIcSt11char_traitsIcESaIcEEEEUlT_T0_E_EEEvSJ_SJ_SJ_SK_
FNDA:0,_ZSt16__introsort_loopIN9__gnu_cxx17__normal_iteratorIP8ActivitySt6vectorIS2_SaIS2_EEEElNS0_5__ops15_Iter_comp_iterIZN10Controller15get_list_sortedERKNSt7__cxx1112basic_stringIcSt11char_traitsIcESaIcEEEEUlT_T0_E1_EEEvSJ_SJ_SK_T1_
FNDA:0,_ZSt16__introsort_loopIN9__gnu_cxx17__normal_iteratorIP8ActivitySt6vectorIS2_SaIS2_EEEElNS0_5__ops15_Iter_comp_iterIZN10Controller15get_list_sortedERKNSt7__cxx1112basic_stringIcSt11char_traitsIcESaIcEEEEUlT_T0_E0_EEEvSJ_SJ_SK_T1_
FNDA:0,_ZSt16__introsort_loopIN9__gnu_cxx17__normal_iteratorIP8ActivitySt6vectorIS2_SaIS2_EEEElNS0_5__ops15_Iter_comp_iterIZN10Controller15get_list_sortedERKNSt7__cxx1112basic_stringIcSt11char_traitsIcESaIcEEEEUlT_T0_E_EEEvSJ_SJ_SK_T1_
FNDA:0,_ZSt6__sortIN9__gnu_cxx17__normal_iteratorIP8ActivitySt6vectorIS2_SaIS2_EEEENS0_5__ops15_Iter_comp_iterIZN10Controller15get_list_sortedERKNSt7__cxx1112basic_stringIcSt11char_traitsIcESaIcEEEEUlT_T0_E1_EEEvSJ_SJ_SK_
FNDA:0,_ZSt6__sortIN9__gnu_cxx17__normal_iteratorIP8ActivitySt6vectorIS2_SaIS2_EEEENS0_5__ops15_Iter_comp_iterIZN10Controller15get_list_sortedERKNSt7__cxx1112basic_stringIcSt11char_traitsIcESaIcEEEEUlT_T0_E0_EEEvSJ_SJ_SK_
FNDA:0,_ZSt6__sortIN9__gnu_cxx17__normal_iteratorIP8ActivitySt6vectorIS2_SaIS2_EEEENS0_5__ops15_Iter_comp_iterIZN10Controller15get_list_sortedERKNSt7__cxx1112basic_stringIcSt11char_traitsIcESaIcEEEEUlT_T0_E_EEEvSJ_SJ_SK_
FNDA:0,_ZSt7shuffleIN9__gnu_cxx17__normal_iteratorIP8ActivitySt6vectorIS2_SaIS2_EEEESt26linear_congruential_engineImLm16807ELm0ELm2147483647EEEvT_SA_OT0_
FNDA:0,_ZSt4sortIN9__gnu_cxx17__normal_iteratorIP8ActivitySt6vectorIS2_SaIS2_EEEEZN10Controller15get_list_sortedERKNSt7__cxx1112basic_stringIcSt11char_traitsIcESaIcEEEEUlT_T0_E1_EvSH_SH_SI_
FNDA:0,_ZSt4sortIN9__gnu_cxx17__normal_iteratorIP8ActivitySt6vectorIS2_SaIS2_EEEEZN10Controller15get_list_sortedERKNSt7__cxx1112basic_stringIcSt11char_traitsIcESaIcEEEEUlT_T0_E0_EvSH_SH_SI_
FNDA:0,_ZSt4sortIN9__gnu_cxx17__normal_iteratorIP8ActivitySt6vectorIS2_SaIS2_EEEEZN10Controller15get_list_sortedERKNSt7__cxx1112basic_stringIcSt11char_traitsIcESaIcEEEEUlT_T0_E_EvSH_SH_SI_
FNF:39
FNH:0
DA:78,0
DA:81,0
DA:83,0
DA:84,0
DA:85,0
DA:86,0
DA:88,0
DA:90,0
DA:91,0
DA:92,0
DA:93,0
DA:95,0
DA:96,0
DA:734,0
DA:745,0
DA:746,0
DA:748,0
DA:749,0
DA:751,0
DA:1665,0
DA:1669,0
DA:1670,0
DA:1671,0
DA:1672,0
DA:1673,0
DA:1818,0
DA:1822,0
DA:1823,0
DA:1824,0
DA:1825,0
DA:1827,0
DA:1828,0
DA:1829,0
DA:1831,0
DA:1832,0
DA:1837,0
DA:1840,0
DA:1842,0
DA:1844,0
DA:1847,0
DA:1848,0
DA:1849,0
DA:1852,0
DA:1860,0
DA:1863,0
DA:1864,0
DA:1866,0
DA:1877,0
DA:1880,0
DA:1882,0
DA:1883,0
DA:1887,0
DA:1888,0
DA:1893,0
DA:1897,0
DA:1899,0
DA:1900,0
DA:1901,0
DA:1902,0
DA:1903,0
DA:1904,0
DA:1905,0
DA:1906,0
DA:1907,0
DA:1914,0
DA:1917,0
DA:1918,0
DA:1920,0
DA:1925,0
DA:1930,0
DA:1931,0
DA:1932,0
DA:1937,0
DA:1941,0
DA:1943,0
DA:1945,0
DA:1946,0
DA:1948,0
DA:1950,0
DA:1951,0
DA:1952,0
DA:1960,0
DA:1963,0
DA:1965,0
DA:1966,0
DA:1968,0
DA:1970,0
DA:3719,0
DA:3727,0
DA:3728,0
DA:3736,0
DA:3738,0
DA:3739,0
DA:4727,0
DA:4739,0
DA:4740,0
LF:96
LH:0
end_of_record
SF:/usr/include/c++/6.3.1/bits/stl_algobase.h
FN:120,_ZSt9iter_swapIN9__gnu_cxx17__normal_iteratorIP8ActivitySt6vectorIS2_SaIS2_EEEES7_EvT_T0_
FN:219,_ZSt3maxImERKT_S2_S2_
FN:277,_ZSt12__niter_baseIPP11Undo_ActionET_S3_
FN:357,_ZNSt11__copy_moveILb1ELb1ESt26random_access_iterator_tagE8__copy_mIP11Undo_ActionEEPT_PKS5_S8_S6_
FN:375,_ZSt13__copy_move_aILb1EPP11Undo_ActionS2_ET1_T0_S4_S3_
FN:420,_ZSt14__copy_move_a2ILb1EN9__gnu_cxx17__normal_iteratorIPP11Undo_ActionSt6vectorIS3_SaIS3_EEEES8_ET1_T0_SA_S9_
FN:420,_ZSt14__copy_move_a2ILb1EPP11Undo_ActionS2_ET1_T0_S4_S3_
FN:446,_ZSt4copyISt13move_iteratorIPP11Undo_ActionES3_ET0_T_S6_S5_
FN:479,_ZSt4moveIN9__gnu_cxx17__normal_iteratorIPP11Undo_ActionSt6vectorIS3_SaIS3_EEEES8_ET0_T_SA_S9_
FN:544,_ZNSt20__copy_move_backwardILb1ELb0ESt26random_access_iterator_tagE13__copy_move_bIP8ActivityS4_EET0_T_S6_S5_
FN:559,_ZNSt20__copy_move_backwardILb1ELb1ESt26random_access_iterator_tagE13__copy_move_bIP11Undo_ActionEEPT_PKS5_S8_S6_
FN:577,_ZSt22__copy_move_backward_aILb1EP8ActivityS1_ET1_T0_S3_S2_
FN:577,_ZSt22__copy_move_backward_aILb1EPP11Undo_ActionS2_ET1_T0_S4_S3_
FN:595,_ZSt23__copy_move_backward_a2ILb1EPP11Undo_ActionS2_ET1_T0_S4_S3_
FN:595,_ZSt23__copy_move_backward_a2ILb1EN9__gnu_cxx17__normal_iteratorIP8ActivitySt6vectorIS2_SaIS2_EEEES7_ET1_T0_S9_S8_
FN:658,_ZSt13move_backwardIPP11Undo_ActionS2_ET0_T_S4_S3_
FN:658,_ZSt13move_backwardIN9__gnu_cxx17__normal_iteratorIP8ActivitySt6vectorIS2_SaIS2_EEEES7_ET0_T_S9_S8_
FN:1008,_ZSt4__lgl
FNDA:0,_ZSt9iter_swapIN9__gnu_cxx17__normal_iteratorIP8ActivitySt6vectorIS2_SaIS2_EEEES7_EvT_T0_
FNDA:5,_ZSt3maxImERKT_S2_S2_
FNDA:0,_ZSt12__niter_baseIPP11Undo_ActionET_S3_
FNDA:0,_ZNSt11__copy_moveILb1ELb1ESt26random_access_iterator_tagE8__copy_mIP11Undo_ActionEEPT_PKS5_S8_S6_
FNDA:0,_ZSt13__copy_move_aILb1EPP11Undo_ActionS2_ET1_T0_S4_S3_
FNDA:0,_ZSt14__copy_move_a2ILb1EPP11Undo_ActionS2_ET1_T0_S4_S3_
FNDA:0,_ZSt14__copy_move_a2ILb1EN9__gnu_cxx17__normal_iteratorIPP11Undo_ActionSt6vectorIS3_SaIS3_EEEES8_ET1_T0_SA_S9_
FNDA:0,_ZSt4copyISt13move_iteratorIPP11Undo_ActionES3_ET0_T_S6_S5_
FNDA:0,_ZSt4moveIN9__gnu_cxx17__normal_iteratorIPP11Undo_ActionSt6vectorIS3_SaIS3_EEEES8_ET0_T_SA_S9_
FNDA:0,_ZNSt20__copy_move_backwardILb1ELb0ESt26random_access_iterator_tagE13__copy_move_bIP8ActivityS4_EET0_T_S6_S5_
FNDA:0,_ZNSt20__copy_move_backwardILb1ELb1ESt26random_access_iterator_tagE13__copy_move_bIP11Undo_ActionEEPT_PKS5_S8_S6_
FNDA:0,_ZSt22__copy_move_backward_aILb1EP8ActivityS1_ET1_T0_S3_S2_
FNDA:0,_ZSt22__copy_move_backward_aILb1EPP11Undo_ActionS2_ET1_T0_S4_S3_
FNDA:0,_ZSt23__copy_move_backward_a2ILb1EN9__gnu_cxx17__normal_iteratorIP8ActivitySt6vectorIS2_SaIS2_EEEES7_ET1_T0_S9_S8_
FNDA:0,_ZSt23__copy_move_backward_a2ILb1EPP11Undo_ActionS2_ET1_T0_S4_S3_
FNDA:0,_ZSt13move_backwardIN9__gnu_cxx17__normal_iteratorIP8ActivitySt6vectorIS2_SaIS2_EEEES7_ET0_T_S9_S8_
FNDA:0,_ZSt13move_backwardIPP11Undo_ActionS2_ET0_T_S4_S3_
FNDA:0,_ZSt4__lgl
FNF:18
FNH:1
DA:120,0
DA:148,0
DA:150,0
DA:219,5
DA:224,5
DA:225,1
DA:226,4
DA:277,0
DA:278,0
DA:357,0
DA:366,0
DA:367,0
DA:368,0
DA:369,0
DA:375,0
DA:383,0
DA:386,0
DA:420,0
DA:422,0
DA:424,0
DA:446,0
DA:455,0
DA:456,0
DA:479,0
DA:487,0
DA:488,0
DA:544,0
DA:547,0
DA:548,0
DA:549,0
DA:559,0
DA:568,0
DA:569,0
DA:570,0
DA:571,0
DA:577,0
DA:585,0
DA:590,0
DA:595,0
DA:598,0
DA:599,0
DA:658,0
DA:668,0
DA:670,0
DA:1008,0
DA:1009,0
LF:46
LH:4
end_of_record
SF:/usr/include/c++/6.3.1/bits/stl_construct.h
FN:74,_ZSt10_ConstructI8ActivityJRKS0_EEvPT_DpOT0_
FN:74,_ZSt10_ConstructI8ActivityJEEvPT_DpOT0_
FN:92,_ZSt8_DestroyI8ActivityEvPT_
FN:100,_ZNSt12_Destroy_auxILb0EE9__destroyIP8ActivityEEvT_S4_
FN:112,_ZNSt12_Destroy_auxILb1EE9__destroyIPP11Undo_ActionEEvT_S5_
FN:122,_ZSt8_DestroyIP8ActivityEvT_S2_
FN:122,_ZSt8_DestroyIPP11Undo_ActionEvT_S3_
FN:148,_ZSt8_DestroyIPP11Undo_ActionS1_EvT_S3_RSaIT0_E
FN:148,_ZSt8_DestroyIP8ActivityS0_EvT_S2_RSaIT0_E
FNDA:15,_ZSt10_ConstructI8ActivityJRKS0_EEvPT_DpOT0_
FNDA:0,_ZSt10_ConstructI8ActivityJEEvPT_DpOT0_
FNDA:28,_ZSt8_DestroyI8ActivityEvPT_
FNDA:7,_ZNSt12_Destroy_auxILb0EE9__destroyIP8ActivityEEvT_S4_
FNDA:1,_ZNSt12_Destroy_auxILb1EE9__destroyIPP11Undo_ActionEEvT_S5_
FNDA:1,_ZSt8_DestroyIPP11Undo_ActionEvT_S3_
FNDA:7,_ZSt8_DestroyIP8ActivityEvT_S2_
FNDA:1,_ZSt8_DestroyIPP11Undo_ActionS1_EvT_S3_RSaIT0_E
FNDA:7,_ZSt8_DestroyIP8ActivityS0_EvT_S2_RSaIT0_E
FNF:9
FNH:8
DA:74,15
DA:75,15
DA:92,28
DA:93,28
DA:100,35
DA:102,63
DA:103,28
DA:104,7
DA:112,1
DA:122,8
DA:126,8
DA:128,8
DA:148,8
DA:151,8
DA:152,8
LF:15
LH:15
end_of_record
SF:/usr/include/c++/6.3.1/bits/stl_heap.h
FN:124,_ZSt11__push_heapIN9__gnu_cxx17__normal_iteratorIP8ActivitySt6vectorIS2_SaIS2_EEEElS2_NS0_5__ops14_Iter_comp_valIZN10Controller15get_list_sortedERKNSt7__cxx1112basic_stringIcSt11char_traitsIcESaIcEEEEUlT_T0_E1_EEEvSJ_SK_SK_T1_T2_
FN:124,_ZSt11__push_heapIN9__gnu_cxx17__normal_iteratorIP8ActivitySt6vectorIS2_SaIS2_EEEElS2_NS0_5__ops14_Iter_comp_valIZN10Controller15get_list_sortedERKNSt7__cxx1112basic_stringIcSt11char_traitsIcESaIcEEEEUlT_T0_E_EEEvSJ_SK_SK_T1_T2_
FN:124,_ZSt11__push_heapIN9__gnu_cxx17__normal_iteratorIP8ActivitySt6vectorIS2_SaIS2_EEEElS2_NS0_5__ops14_Iter_comp_valIZN10Controller15get_list_sortedERKNSt7__cxx1112basic_stringIcSt11char_traitsIcESaIcEEEEUlT_T0_E0_EEEvSJ_SK_SK_T1_T2_
FN:209,_ZSt13__adjust_heapIN9__gnu_cxx17__normal_iteratorIP8ActivitySt6vectorIS2_SaIS2_EEEElS2_NS0_5__ops15_Iter_comp_iterIZN10Controller15get_list_sortedERKNSt7__cxx1112basic_stringIcSt11char_traitsIcESaIcEEEEUlT_T0_E1_EEEvSJ_SK_SK_T1_T2_
FN:209,_ZSt13__adjust_heapIN9__gnu_cxx17__normal_iteratorIP8ActivitySt6vectorIS2_SaIS2_EEEElS2_NS0_5__ops15_Iter_comp_iterIZN10Controller15get_list_sortedERKNSt7__cxx1112basic_stringIcSt11char_traitsIcESaIcEEEEUlT_T0_E_EEEvSJ_SK_SK_T1_T2_
FN:209,_ZSt13__adjust_heapIN9__gnu_cxx17__normal_iteratorIP8ActivitySt6vectorIS2_SaIS2_EEEElS2_NS0_5__ops15_Iter_comp_iterIZN10Controller15get_list_sortedERKNSt7__cxx1112basic_stringIcSt11char_traitsIcESaIcEEEEUlT_T0_E0_EEEvSJ_SK_SK_T1_T2_
FN:237,_ZSt10__pop_heapIN9__gnu_cxx17__normal_iteratorIP8ActivitySt6vectorIS2_SaIS2_EEEENS0_5__ops15_Iter_comp_iterIZN10Controller15get_list_sortedERKNSt7__cxx1112basic_stringIcSt11char_traitsIcESaIcEEEEUlT_T0_E1_EEEvSJ_SJ_SJ_SK_
FN:237,_ZSt10__pop_heapIN9__gnu_cxx17__normal_iteratorIP8ActivitySt6vectorIS2_SaIS2_EEEENS0_5__ops15_Iter_comp_iterIZN10Controller15get_list_sortedERKNSt7__cxx1112basic_stringIcSt11char_traitsIcESaIcEEEEUlT_T0_E_EEEvSJ_SJ_SJ_SK_
FN:237,_ZSt10__pop_heapIN9__gnu_cxx17__normal_iteratorIP8ActivitySt6vectorIS2_SaIS2_EEEENS0_5__ops15_Iter_comp_iterIZN10Controller15get_list_sortedERKNSt7__cxx1112basic_stringIcSt11char_traitsIcESaIcEEEEUlT_T0_E0_EEEvSJ_SJ_SJ_SK_
FN:319,_ZSt11__make_heapIN9__gnu_cxx17__normal_iteratorIP8ActivitySt6vectorIS2_SaIS2_EEEENS0_5__ops15_Iter_comp_iterIZN10Controller15get_list_sortedERKNSt7__cxx1112basic_stringIcSt11char_traitsIcESaIcEEEEUlT_T0_E_EEEvSJ_SJ_SK_
FN:319,_ZSt11__make_heapIN9__gnu_cxx17__normal_iteratorIP8ActivitySt6vectorIS2_SaIS2_EEEENS0_5__ops15_Iter_comp_iterIZN10Controller15get_list_sortedERKNSt7__cxx1112basic_stringIcSt11char_traitsIcESaIcEEEEUlT_T0_E0_EEEvSJ_SJ_SK_
FN:319,_ZSt11__make_heapIN9__gnu_cxx17__normal_iteratorIP8ActivitySt6vectorIS2_SaIS2_EEEENS0_5__ops15_Iter_comp_iterIZN10Controller15get_list_sortedERKNSt7__cxx1112basic_stringIcSt11char_traitsIcESaIcEEEEUlT_T0_E1_EEEvSJ_SJ_SK_
FN:394,_ZSt11__sort_heapIN9__gnu_cxx17__normal_iteratorIP8ActivitySt6vectorIS2_SaIS2_EEEENS0_5__ops15_Iter_comp_iterIZN10Controller15get_list_sortedERKNSt7__cxx1112basic_stringIcSt11char_traitsIcESaIcEEEEUlT_T0_E1_EEEvSJ_SJ_SK_
FN:394,_ZSt11__sort_heapIN9__gnu_cxx17__normal_iteratorIP8ActivitySt6vectorIS2_SaIS2_EEEENS0_5__ops15_Iter_comp_iterIZN10Controller15get_list_sortedERKNSt7__cxx1112basic_stringIcSt11char_traitsIcESaIcEEEEUlT_T0_E0_EEEvSJ_SJ_SK_
FN:394,_ZSt11__sort_heapIN9__gnu_cxx17__normal_iteratorIP8ActivitySt6vectorIS2_SaIS2_EEEENS0_5__ops15_Iter_comp_iterIZN10Controller15get_list_sortedERKNSt7__cxx1112basic_stringIcSt11char_traitsIcESaIcEEEEUlT_T0_E_EEEvSJ_SJ_SK_
FNDA:0,_ZSt11__push_heapIN9__gnu_cxx17__normal_iteratorIP8ActivitySt6vectorIS2_SaIS2_EEEElS2_NS0_5__ops14_Iter_comp_valIZN10Controller15get_list_sortedERKNSt7__cxx1112basic_stringIcSt11char_traitsIcESaIcEEEEUlT_T0_E1_EEEvSJ_SK_SK_T1_T2_
FNDA:0,_ZSt11__push_heapIN9__gnu_cxx17__normal_iteratorIP8ActivitySt6vectorIS2_SaIS2_EEEElS2_NS0_5__ops14_Iter_comp_valIZN10Controller15get_list_sortedERKNSt7__cxx1112basic_stringIcSt11char_traitsIcESaIcEEEEUlT_T0_E0_EEEvSJ_SK_SK_T1_T2_
FNDA:0,_ZSt11__push_heapIN9__gnu_cxx17__normal_iteratorIP8ActivitySt6vectorIS2_SaIS2_EEEElS2_NS0_5__ops14_Iter_comp_valIZN10Controller15get_list_sortedERKNSt7__cxx1112basic_stringIcSt11char_traitsIcESaIcEEEEUlT_T0_E_EEEvSJ_SK_SK_T1_T2_
FNDA:0,_ZSt13__adjust_heapIN9__gnu_cxx17__normal_iteratorIP8ActivitySt6vectorIS2_SaIS2_EEEElS2_NS0_5__ops15_Iter_comp_iterIZN10Controller15get_list_sortedERKNSt7__cxx1112basic_stringIcSt11char_traitsIcESaIcEEEEUlT_T0_E1_EEEvSJ_SK_SK_T1_T2_
FNDA:0,_ZSt13__adjust_heapIN9__gnu_cxx17__normal_iteratorIP8ActivitySt6vectorIS2_SaIS2_EEEElS2_NS0_5__ops15_Iter_comp_iterIZN10Controller15get_list_sortedERKNSt7__cxx1112basic_stringIcSt11char_traitsIcESaIcEEEEUlT_T0_E0_EEEvSJ_SK_SK_T1_T2_
FNDA:0,_ZSt13__adjust_heapIN9__gnu_cxx17__normal_iteratorIP8ActivitySt6vectorIS2_SaIS2_EEEElS2_NS0_5__ops15_Iter_comp_iterIZN10Controller15get_list_sortedERKNSt7__cxx1112basic_stringIcSt11char_traitsIcESaIcEEEEUlT_T0_E_EEEvSJ_SK_SK_T1_T2_
FNDA:0,_ZSt10__pop_heapIN9__gnu_cxx17__normal_iteratorIP8ActivitySt6vectorIS2_SaIS2_EEEENS0_5__ops15_Iter_comp_iterIZN10Controller15get_list_sortedERKNSt7__cxx1112basic_stringIcSt11char_traitsIcESaIcEEEEUlT_T0_E1_EEEvSJ_SJ_SJ_SK_
FNDA:0,_ZSt10__pop_heapIN9__gnu_cxx17__normal_iteratorIP8ActivitySt6vectorIS2_SaIS2_EEEENS0_5__ops15_Iter_comp_iterIZN10Controller15get_list_sortedERKNSt7__cxx1112basic_stringIcSt11char_traitsIcESaIcEEEEUlT_T0_E0_EEEvSJ_SJ_SJ_SK_
FNDA:0,_ZSt10__pop_heapIN9__gnu_cxx17__normal_iteratorIP8ActivitySt6vectorIS2_SaIS2_EEEENS0_5__ops15_Iter_comp_iterIZN10Controller15get_list_sortedERKNSt7__cxx1112basic_stringIcSt11char_traitsIcESaIcEEEEUlT_T0_E_EEEvSJ_SJ_SJ_SK_
FNDA:0,_ZSt11__make_heapIN9__gnu_cxx17__normal_iteratorIP8ActivitySt6vectorIS2_SaIS2_EEEENS0_5__ops15_Iter_comp_iterIZN10Controller15get_list_sortedERKNSt7__cxx1112basic_stringIcSt11char_traitsIcESaIcEEEEUlT_T0_E1_EEEvSJ_SJ_SK_
FNDA:0,_ZSt11__make_heapIN9__gnu_cxx17__normal_iteratorIP8ActivitySt6vectorIS2_SaIS2_EEEENS0_5__ops15_Iter_comp_iterIZN10Controller15get_list_sortedERKNSt7__cxx1112basic_stringIcSt11char_traitsIcESaIcEEEEUlT_T0_E0_EEEvSJ_SJ_SK_
FNDA:0,_ZSt11__make_heapIN9__gnu_cxx17__normal_iteratorIP8ActivitySt6vectorIS2_SaIS2_EEEENS0_5__ops15_Iter_comp_iterIZN10Controller15get_list_sortedERKNSt7__cxx1112basic_stringIcSt11char_traitsIcESaIcEEEEUlT_T0_E_EEEvSJ_SJ_SK_
FNDA:0,_ZSt11__sort_heapIN9__gnu_cxx17__normal_iteratorIP8ActivitySt6vectorIS2_SaIS2_EEEENS0_5__ops15_Iter_comp_iterIZN10Controller15get_list_sortedERKNSt7__cxx1112basic_stringIcSt11char_traitsIcESaIcEEEEUlT_T0_E1_EEEvSJ_SJ_SK_
FNDA:0,_ZSt11__sort_heapIN9__gnu_cxx17__normal_iteratorIP8ActivitySt6vectorIS2_SaIS2_EEEENS0_5__ops15_Iter_comp_iterIZN10Controller15get_list_sortedERKNSt7__cxx1112basic_stringIcSt11char_traitsIcESaIcEEEEUlT_T0_E0_EEEvSJ_SJ_SK_
FNDA:0,_ZSt11__sort_heapIN9__gnu_cxx17__normal_iteratorIP8ActivitySt6vectorIS2_SaIS2_EEEENS0_5__ops15_Iter_comp_iterIZN10Controller15get_list_sortedERKNSt7__cxx1112basic_stringIcSt11char_traitsIcESaIcEEEEUlT_T0_E_EEEvSJ_SJ_SK_
FNF:15
FNH:0
DA:124,0
DA:128,0
DA:129,0
DA:131,0
DA:132,0
DA:133,0
DA:135,0
DA:136,0
DA:209,0
DA:212,0
DA:213,0
DA:214,0
DA:216,0
DA:217,0
DA:219,0
DA:220,0
DA:221,0
DA:223,0
DA:225,0
DA:226,0
DA:228,0
DA:230,0
DA:231,0
DA:233,0
DA:237,0
DA:245,0
DA:246,0
DA:247,0
DA:248,0
DA:249,0
DA:250,0
DA:319,0
DA:327,0
DA:328,0
DA:330,0
DA:331,0
DA:332,0
DA:334,0
DA:335,0
DA:337,0
DA:338,0
DA:339,0
DA:394,0
DA:397,0
DA:399,0
DA:400,0
DA:402,0
LF:47
LH:0
end_of_record
SF:/usr/include/c++/6.3.1/bits/stl_iterator.h
FN:776,_ZN9__gnu_cxx17__normal_iteratorIPP11Undo_ActionSt6vectorIS2_SaIS2_EEEC2ERKS3_
FN:776,_ZN9__gnu_cxx17__normal_iteratorIPKP11Undo_ActionSt6vectorIS2_SaIS2_EEEC2ERKS4_
FN:776,_ZN9__gnu_cxx17__normal_iteratorIP8ActivitySt6vectorIS1_SaIS1_EEEC2ERKS2_
FN:781,_ZN9__gnu_cxx17__normal_iteratorIPKP11Undo_ActionSt6vectorIS2_SaIS2_EEEC2IPS2_EERKNS0_IT_NS_11__enable_ifIXsrSt10__are_sameISB_SA_E7__valueES7_E6__typeEEE
FN:789,_ZNK9__gnu_cxx17__normal_iteratorIP8ActivitySt6vectorIS1_SaIS1_EEEdeEv
FN:789,_ZNK9__gnu_cxx17__normal_iteratorIPP11Undo_ActionSt6vectorIS2_SaIS2_EEEdeEv
FN:797,_ZN9__gnu_cxx17__normal_iteratorIPP11Undo_ActionSt6vectorIS2_SaIS2_EEEppEv
FN:797,_ZN9__gnu_cxx17__normal_iteratorIP8ActivitySt6vectorIS1_SaIS1_EEEppEv
FN:809,_ZN9__gnu_cxx17__normal_iteratorIP8ActivitySt6vectorIS1_SaIS1_EEEmmEv
FN:829,_ZNK9__gnu_cxx17__normal_iteratorIP8ActivitySt6vectorIS1_SaIS1_EEEplEl
FN:829,_ZNK9__gnu_cxx17__normal_iteratorIPP11Undo_ActionSt6vectorIS2_SaIS2_EEEplEl
FN:837,_ZNK9__gnu_cxx17__normal_iteratorIP8ActivitySt6vectorIS1_SaIS1_EEEmiEl
FN:841,_ZNK9__gnu_cxx17__normal_iteratorIPKP11Undo_ActionSt6vectorIS2_SaIS2_EEE4baseEv
FN:841,_ZNK9__gnu_cxx17__normal_iteratorIP8ActivitySt6vectorIS1_SaIS1_EEE4baseEv
FN:841,_ZNK9__gnu_cxx17__normal_iteratorIPP11Undo_ActionSt6vectorIS2_SaIS2_EEE4baseEv
FN:856,_ZN9__gnu_cxxeqIPKP11Undo_ActionPS2_St6vectorIS2_SaIS2_EEEEbRKNS_17__normal_iteratorIT_T1_EERKNS9_IT0_SB_EE
FN:863,_ZN9__gnu_cxxeqIPKP11Undo_ActionSt6vectorIS2_SaIS2_EEEEbRKNS_17__normal_iteratorIT_T0_EESD_
FN:863,_ZN9__gnu_cxxeqIP8ActivitySt6vectorIS1_SaIS1_EEEEbRKNS_17__normal_iteratorIT_T0_EESB_
FN:877,_ZN9__gnu_cxxneIPP11Undo_ActionSt6vectorIS2_SaIS2_EEEEbRKNS_17__normal_iteratorIT_T0_EESC_
FN:877,_ZN9__gnu_cxxneIP8ActivitySt6vectorIS1_SaIS1_EEEEbRKNS_17__normal_iteratorIT_T0_EESB_
FN:892,_ZN9__gnu_cxxltIP8ActivitySt6vectorIS1_SaIS1_EEEEbRKNS_17__normal_iteratorIT_T0_EESB_
FN:947,_ZN9__gnu_cxxmiIPKP11Undo_ActionPS2_St6vectorIS2_SaIS2_EEEEDTmicldtfp_4baseEcldtfp0_4baseEERKNS_17__normal_iteratorIT_T1_EERKNSA_IT0_SC_EE
FN:959,_ZN9__gnu_cxxmiIP8ActivitySt6vectorIS1_SaIS1_EEEENS_17__normal_iteratorIT_T0_E15difference_typeERKS9_SC_
FN:959,_ZN9__gnu_cxxmiIPP11Undo_ActionSt6vectorIS2_SaIS2_EEEENS_17__normal_iteratorIT_T0_E15difference_typeERKSA_SD_
FN:959,_ZN9__gnu_cxxmiIPKP11Undo_ActionSt6vectorIS2_SaIS2_EEEENS_17__normal_iteratorIT_T0_E15difference_typeERKSB_SE_
FN:980,_ZSt12__niter_baseIPP11Undo_ActionSt6vectorIS1_SaIS1_EEET_N9__gnu_cxx17__normal_iteratorIS6_T0_EE
FN:980,_ZSt12__niter_baseIP8ActivitySt6vectorIS0_SaIS0_EEET_N9__gnu_cxx17__normal_iteratorIS5_T0_EE
FN:1032,_ZNSt13move_iteratorIPP11Undo_ActionEC2ES2_
FN:1040,_ZNKSt13move_iteratorIPP11Undo_ActionE4baseEv
FN:1223,_ZSt32__make_move_if_noexcept_iteratorI8ActivityPKS0_ET0_PT_
FN:1223,_ZSt32__make_move_if_noexcept_iteratorIP11Undo_ActionSt13move_iteratorIPS1_EET0_PT_
FN:1243,_ZSt12__miter_baseIPP11Undo_ActionEDTcl12__miter_basecldtfp_4baseEEESt13move_iteratorIT_E
FNDA:0,_ZN9__gnu_cxx17__normal_iteratorIPKP11Undo_ActionSt6vectorIS2_SaIS2_EEEC2ERKS4_
FNDA:39,_ZN9__gnu_cxx17__normal_iteratorIP8ActivitySt6vectorIS1_SaIS1_EEEC2ERKS2_
FNDA:2,_ZN9__gnu_cxx17__normal_iteratorIPP11Undo_ActionSt6vectorIS2_SaIS2_EEEC2ERKS3_
FNDA:0,_ZN9__gnu_cxx17__normal_iteratorIPKP11Undo_ActionSt6vectorIS2_SaIS2_EEEC2IPS2_EERKNS0_IT_NS_11__enable_ifIXsrSt10__are_sameISB_SA_E7__valueES7_E6__typeEEE
FNDA:0,_ZNK9__gnu_cxx17__normal_iteratorIPP11Undo_ActionSt6vectorIS2_SaIS2_EEEdeEv
FNDA:78,_ZNK9__gnu_cxx17__normal_iteratorIP8ActivitySt6vectorIS1_SaIS1_EEEdeEv
FNDA:0,_ZN9__gnu_cxx17__normal_iteratorIPP11Undo_ActionSt6vectorIS2_SaIS2_EEEppEv
FNDA:78,_ZN9__gnu_cxx17__normal_iteratorIP8ActivitySt6vectorIS1_SaIS1_EEEppEv
FNDA:0,_ZN9__gnu_cxx17__normal_iteratorIP8ActivitySt6vectorIS1_SaIS1_EEEmmEv
FNDA:0,_ZNK9__gnu_cxx17__normal_iteratorIP8ActivitySt6vectorIS1_SaIS1_EEEplEl
FNDA:0,_ZNK9__gnu_cxx17__normal_iteratorIPP11Undo_ActionSt6vectorIS2_SaIS2_EEEplEl
FNDA:0,_ZNK9__gnu_cxx17__normal_iteratorIP8ActivitySt6vectorIS1_SaIS1_EEEmiEl
FNDA:0,_ZNK9__gnu_cxx17__normal_iteratorIPKP11Undo_ActionSt6vectorIS2_SaIS2_EEE4baseEv
FNDA:78,_ZNK9__gnu_cxx17__normal_iteratorIP8ActivitySt6vectorIS1_SaIS1_EEE4baseEv
FNDA:2,_ZNK9__gnu_cxx17__normal_iteratorIPP11Undo_ActionSt6vectorIS2_SaIS2_EEE4baseEv
FNDA:0,_ZN9__gnu_cxxeqIPKP11Undo_ActionPS2_St6vectorIS2_SaIS2_EEEEbRKNS_17__normal_iteratorIT_T1_EERKNS9_IT0_SB_EE
FNDA:0,_ZN9__gnu_cxxeqIPKP11Undo_ActionSt6vectorIS2_SaIS2_EEEEbRKNS_17__normal_iteratorIT_T0_EESD_
FNDA:0,_ZN9__gnu_cxxeqIP8ActivitySt6vectorIS1_SaIS1_EEEEbRKNS_17__normal_iteratorIT_T0_EESB_
FNDA:1,_ZN9__gnu_cxxneIPP11Undo_ActionSt6vectorIS2_SaIS2_EEEEbRKNS_17__normal_iteratorIT_T0_EESC_
FNDA:13,_ZN9__gnu_cxxneIP8ActivitySt6vectorIS1_SaIS1_EEEEbRKNS_17__normal_iteratorIT_T0_EESB_
FNDA:0,_ZN9__gnu_cxxltIP8ActivitySt6vectorIS1_SaIS1_EEEEbRKNS_17__normal_iteratorIT_T0_EESB_
FNDA:0,_ZN9__gnu_cxxmiIPKP11Undo_ActionPS2_St6vectorIS2_SaIS2_EEEEDTmicldtfp_4baseEcldtfp0_4baseEERKNS_17__normal_iteratorIT_T1_EERKNSA_IT0_SC_EE
FNDA:0,_ZN9__gnu_cxxmiIPP11Undo_ActionSt6vectorIS2_SaIS2_EEEENS_17__normal_iteratorIT_T0_E15difference_typeERKSA_SD_
FNDA:26,_ZN9__gnu_cxxmiIP8ActivitySt6vectorIS1_SaIS1_EEEENS_17__normal_iteratorIT_T0_E15difference_typeERKS9_SC_
FNDA:0,_ZN9__gnu_cxxmiIPKP11Undo_ActionSt6vectorIS2_SaIS2_EEEENS_17__normal_iteratorIT_T0_E15difference_typeERKSB_SE_
FNDA:0,_ZSt12__niter_baseIP8ActivitySt6vectorIS0_SaIS0_EEET_N9__gnu_cxx17__normal_iteratorIS5_T0_EE
FNDA:0,_ZSt12__niter_baseIPP11Undo_ActionSt6vectorIS1_SaIS1_EEET_N9__gnu_cxx17__normal_iteratorIS6_T0_EE
FNDA:0,_ZNSt13move_iteratorIPP11Undo_ActionEC2ES2_
FNDA:0,_ZNKSt13move_iteratorIPP11Undo_ActionE4baseEv
FNDA:10,_ZSt32__make_move_if_noexcept_iteratorI8ActivityPKS0_ET0_PT_
FNDA:0,_ZSt32__make_move_if_noexcept_iteratorIP11Undo_ActionSt13move_iteratorIPS1_EET0_PT_
FNDA:0,_ZSt12__miter_baseIPP11Undo_ActionEDTcl12__miter_basecldtfp_4baseEEESt13move_iteratorIT_E
FNF:32
FNH:10
DA:776,41
DA:777,41
DA:781,0
DA:785,0
DA:789,78
DA:790,78
DA:797,78
DA:799,78
DA:800,78
DA:809,0
DA:811,0
DA:812,0
DA:829,0
DA:830,0
DA:837,0
DA:838,0
DA:841,80
DA:842,80
DA:856,0
DA:859,0
DA:863,0
DA:866,0
DA:877,14
DA:880,14
DA:892,0
DA:895,0
DA:947,0
DA:955,0
DA:959,26
DA:962,26
DA:980,0
DA:981,0
DA:1032,0
DA:1033,0
DA:1040,0
DA:1041,0
DA:1223,10
DA:1224,10
DA:1243,0
DA:1245,0
LF:40
LH:15
end_of_record
SF:/usr/include/c++/6.3.1/bits/stl_iterator_base_funcs.h
FN:96,_ZSt10__distanceIN9__gnu_cxx17__normal_iteratorIP8ActivitySt6vectorIS2_SaIS2_EEEEENSt15iterator_traitsIT_E15difference_typeES9_S9_St26random_access_iterator_tag
FN:135,_ZSt8distanceIN9__gnu_cxx17__normal_iteratorIP8ActivitySt6vectorIS2_SaIS2_EEEEENSt15iterator_traitsIT_E15difference_typeES9_S9_
FNDA:0,_ZSt10__distanceIN9__gnu_cxx17__normal_iteratorIP8ActivitySt6vectorIS2_SaIS2_EEEEENSt15iterator_traitsIT_E15difference_typeES9_S9_St26random_access_iterator_tag
FNDA:0,_ZSt8distanceIN9__gnu_cxx17__normal_iteratorIP8ActivitySt6vectorIS2_SaIS2_EEEEENSt15iterator_traitsIT_E15difference_typeES9_S9_
FNF:2
FNH:0
DA:96,0
DA:102,0
DA:135,0
DA:139,0
LF:4
LH:0
end_of_record
SF:/usr/include/c++/6.3.1/bits/stl_iterator_base_types.h
FN:204,_ZSt19__iterator_categoryIN9__gnu_cxx17__normal_iteratorIP8ActivitySt6vectorIS2_SaIS2_EEEEENSt15iterator_traitsIT_E17iterator_categoryERKS9_
FNDA:13,_ZSt19__iterator_categoryIN9__gnu_cxx17__normal_iteratorIP8ActivitySt6vectorIS2_SaIS2_EEEEENSt15iterator_traitsIT_E17iterator_categoryERKS9_
FNF:1
FNH:1
DA:204,13
DA:205,13
LF:2
LH:2
end_of_record
SF:/usr/include/c++/6.3.1/bits/stl_uninitialized.h
FN:68,_ZNSt20__uninitialized_copyILb0EE13__uninit_copyIPK8ActivityPS2_EET0_T_S7_S6_
FN:91,_ZNSt20__uninitialized_copyILb1EE13__uninit_copyISt13move_iteratorIPP11Undo_ActionES5_EET0_T_S8_S7_
FN:107,_ZSt18uninitialized_copyISt13move_iteratorIPP11Undo_ActionES3_ET0_T_S6_S5_
FN:107,_ZSt18uninitialized_copyIPK8ActivityPS0_ET0_T_S5_S4_
FN:279,_ZSt22__uninitialized_copy_aIPK8ActivityPS0_S0_ET0_T_S5_S4_RSaIT1_E
FN:279,_ZSt22__uninitialized_copy_aISt13move_iteratorIPP11Undo_ActionES3_S2_ET0_T_S6_S5_RSaIT1_E
FN:297,_ZSt34__uninitialized_move_if_noexcept_aIPP11Undo_ActionS2_SaIS1_EET0_T_S5_S4_RT1_
FN:297,_ZSt34__uninitialized_move_if_noexcept_aIP8ActivityS1_SaIS0_EET0_T_S4_S3_RT1_
FN:513,_ZNSt27__uninitialized_default_n_1ILb0EE18__uninit_default_nIP8ActivitymEET_S4_T0_
FN:566,_ZSt25__uninitialized_default_nIP8ActivitymET_S2_T0_
FN:635,_ZSt27__uninitialized_default_n_aIP8ActivitymS0_ET_S2_T0_RSaIT1_E
FNDA:5,_ZNSt20__uninitialized_copyILb0EE13__uninit_copyIPK8ActivityPS2_EET0_T_S7_S6_
FNDA:0,_ZNSt20__uninitialized_copyILb1EE13__uninit_copyISt13move_iteratorIPP11Undo_ActionES5_EET0_T_S8_S7_
FNDA:5,_ZSt18uninitialized_copyIPK8ActivityPS0_ET0_T_S5_S4_
FNDA:0,_ZSt18uninitialized_copyISt13move_iteratorIPP11Undo_ActionES3_ET0_T_S6_S5_
FNDA:5,_ZSt22__uninitialized_copy_aIPK8ActivityPS0_S0_ET0_T_S5_S4_RSaIT1_E
FNDA:0,_ZSt22__uninitialized_copy_aISt13move_iteratorIPP11Undo_ActionES3_S2_ET0_T_S6_S5_RSaIT1_E
FNDA:5,_ZSt34__uninitialized_move_if_noexcept_aIP8ActivityS1_SaIS0_EET0_T_S4_S3_RT1_
FNDA:0,_ZSt34__uninitialized_move_if_noexcept_aIPP11Undo_ActionS2_SaIS1_EET0_T_S5_S4_RT1_
FNDA:0,_ZNSt27__uninitialized_default_n_1ILb0EE18__uninit_default_nIP8ActivitymEET_S4_T0_
FNDA:0,_ZSt25__uninitialized_default_nIP8ActivitymET_S2_T0_
FNDA:0,_ZSt27__uninitialized_default_n_aIP8ActivitymS0_ET_S2_T0_RSaIT1_E
FNF:11
FNH:4
DA:68,5
DA:71,5
DA:74,35
DA:75,15
DA:76,5
DA:78,0
DA:80,0
DA:81,0
DA:91,0
DA:93,0
DA:107,5
DA:120,5
DA:126,5
DA:279,5
DA:281,5
DA:297,5
DA:303,5
DA:304,5
DA:513,0
DA:515,0
DA:518,0
DA:519,0
DA:520,0
DA:522,0
DA:524,0
DA:525,0
DA:566,0
DA:571,0
DA:575,0
DA:635,0
DA:637,0
LF:31
LH:13
end_of_record
SF:/usr/include/c++/6.3.1/bits/stl_vector.h
FN:79,_ZNSt12_Vector_baseI8ActivitySaIS0_EE12_Vector_implD2Ev
FN:79,_ZNSt12_Vector_baseIP11Undo_ActionSaIS1_EE12_Vector_implD2Ev
FN:86,_ZNSt12_Vector_baseIP11Undo_ActionSaIS1_EE12_Vector_implC2Ev
FN:90,_ZNSt12_Vector_baseI8ActivitySaIS0_EE12_Vector_implC2ERKS1_
FN:113,_ZNSt12_Vector_baseI8ActivitySaIS0_EE19_M_get_Tp_allocatorEv
FN:113,_ZNSt12_Vector_baseIP11Undo_ActionSaIS1_EE19_M_get_Tp_allocatorEv
FN:117,_ZNKSt12_Vector_baseIP11Undo_ActionSaIS1_EE19_M_get_Tp_allocatorEv
FN:117,_ZNKSt12_Vector_baseI8ActivitySaIS0_EE19_M_get_Tp_allocatorEv
FN:124,_ZNSt12_Vector_baseIP11Undo_ActionSaIS1_EEC2Ev
FN:134,_ZNSt12_Vector_baseI8ActivitySaIS0_EEC2EmRKS1_
FN:159,_ZNSt12_Vector_baseI8ActivitySaIS0_EED2Ev
FN:159,_ZNSt12_Vector_baseIP11Undo_ActionSaIS1_EED2Ev
FN:167,_ZNSt12_Vector_baseIP11Undo_ActionSaIS1_EE11_M_allocateEm
FN:167,_ZNSt12_Vector_baseI8ActivitySaIS0_EE11_M_allocateEm
FN:174,_ZNSt12_Vector_baseIP11Undo_ActionSaIS1_EE13_M_deallocateEPS1_m
FN:174,_ZNSt12_Vector_baseI8ActivitySaIS0_EE13_M_deallocateEPS0_m
FN:183,_ZNSt12_Vector_baseI8ActivitySaIS0_EE17_M_create_storageEm
FN:255,_ZNSt6vectorIP11Undo_ActionSaIS1_EEC2Ev
FN:279,_ZNSt6vectorI8ActivitySaIS0_EEC2EmRKS1_
FN:425,_ZNSt6vectorI8ActivitySaIS0_EED2Ev
FN:425,_ZNSt6vectorIP11Undo_ActionSaIS1_EED2Ev
FN:548,_ZNSt6vectorI8ActivitySaIS0_EE5beginEv
FN:548,_ZNSt6vectorIP11Undo_ActionSaIS1_EE5beginEv
FN:557,_ZNKSt6vectorIP11Undo_ActionSaIS1_EE5beginEv
FN:566,_ZNSt6vectorI8ActivitySaIS0_EE3endEv
FN:566,_ZNSt6vectorIP11Undo_ActionSaIS1_EE3endEv
FN:575,_ZNKSt6vectorIP11Undo_ActionSaIS1_EE3endEv
FN:621,_ZNKSt6vectorIP11Undo_ActionSaIS1_EE6cbeginEv
FN:655,_ZNKSt6vectorI8ActivitySaIS0_EE4sizeEv
FN:655,_ZNKSt6vectorIP11Undo_ActionSaIS1_EE4sizeEv
FN:660,_ZNKSt6vectorI8ActivitySaIS0_EE8max_sizeEv
FN:660,_ZNKSt6vectorIP11Undo_ActionSaIS1_EE8max_sizeEv
FN:674,_ZNSt6vectorI8ActivitySaIS0_EE6resizeEm
FN:744,_ZNKSt6vectorIP11Undo_ActionSaIS1_EE5emptyEv
FN:780,_ZNSt6vectorIP11Undo_ActionSaIS1_EEixEm
FN:1147,_ZNSt6vectorIP11Undo_ActionSaIS1_EE5eraseEN9__gnu_cxx17__normal_iteratorIPKS1_S3_EE
FN:1306,_ZNSt6vectorI8ActivitySaIS0_EE21_M_default_initializeEm
FN:1420,_ZNKSt6vectorI8ActivitySaIS0_EE12_M_check_lenEmPKc
FN:1420,_ZNKSt6vectorIP11Undo_ActionSaIS1_EE12_M_check_lenEmPKc
FN:1434,_ZNSt6vectorI8ActivitySaIS0_EE15_M_erase_at_endEPS0_
FNDA:1,_ZNSt12_Vector_baseIP11Undo_ActionSaIS1_EE12_Vector_implD2Ev
FNDA:1,_ZNSt12_Vector_baseI8ActivitySaIS0_EE12_Vector_implD2Ev
FNDA:1,_ZNSt12_Vector_baseIP11Undo_ActionSaIS1_EE12_Vector_implC2Ev
FNDA:0,_ZNSt12_Vector_baseI8ActivitySaIS0_EE12_Vector_implC2ERKS1_
FNDA:1,_ZNSt12_Vector_baseIP11Undo_ActionSaIS1_EE19_M_get_Tp_allocatorEv
FNDA:12,_ZNSt12_Vector_baseI8ActivitySaIS0_EE19_M_get_Tp_allocatorEv
FNDA:10,_ZNKSt12_Vector_baseI8ActivitySaIS0_EE19_M_get_Tp_allocatorEv
FNDA:0,_ZNKSt12_Vector_baseIP11Undo_ActionSaIS1_EE19_M_get_Tp_allocatorEv
FNDA:1,_ZNSt12_Vector_baseIP11Undo_ActionSaIS1_EEC2Ev
FNDA:0,_ZNSt12_Vector_baseI8ActivitySaIS0_EEC2EmRKS1_
FNDA:1,_ZNSt12_Vector_baseIP11Undo_ActionSaIS1_EED2Ev
FNDA:1,_ZNSt12_Vector_baseI8ActivitySaIS0_EED2Ev
FNDA:5,_ZNSt12_Vector_baseI8ActivitySaIS0_EE11_M_allocateEm
FNDA:0,_ZNSt12_Vector_baseIP11Undo_ActionSaIS1_EE11_M_allocateEm
FNDA:1,_ZNSt12_Vector_baseIP11Undo_ActionSaIS1_EE13_M_deallocateEPS1_m
FNDA:6,_ZNSt12_Vector_baseI8ActivitySaIS0_EE13_M_deallocateEPS0_m
FNDA:0,_ZNSt12_Vector_baseI8ActivitySaIS0_EE17_M_create_storageEm
FNDA:1,_ZNSt6vectorIP11Undo_ActionSaIS1_EEC2Ev
FNDA:0,_ZNSt6vectorI8ActivitySaIS0_EEC2EmRKS1_
FNDA:1,_ZNSt6vectorIP11Undo_ActionSaIS1_EED2Ev
FNDA:1,_ZNSt6vectorI8ActivitySaIS0_EED2Ev
FNDA:13,_ZNSt6vectorI8ActivitySaIS0_EE5beginEv
FNDA:1,_ZNSt6vectorIP11Undo_ActionSaIS1_EE5beginEv
FNDA:0,_ZNKSt6vectorIP11Undo_ActionSaIS1_EE5beginEv
FNDA:1,_ZNSt6vectorIP11Undo_ActionSaIS1_EE3endEv
FNDA:26,_ZNSt6vectorI8ActivitySaIS0_EE3endEv
FNDA:0,_ZNKSt6vectorIP11Undo_ActionSaIS1_EE3endEv
FNDA:0,_ZNKSt6vectorIP11Undo_ActionSaIS1_EE6cbeginEv
FNDA:0,_ZNKSt6vectorIP11Undo_ActionSaIS1_EE4sizeEv
FNDA:25,_ZNKSt6vectorI8ActivitySaIS0_EE4sizeEv
FNDA:10,_ZNKSt6vectorI8ActivitySaIS0_EE8max_sizeEv
FNDA:0,_ZNKSt6vectorIP11Undo_ActionSaIS1_EE8max_sizeEv
FNDA:0,_ZNSt6vectorI8ActivitySaIS0_EE6resizeEm
FNDA:0,_ZNKSt6vectorIP11Undo_ActionSaIS1_EE5emptyEv
FNDA:0,_ZNSt6vectorIP11Undo_ActionSaIS1_EEixEm
FNDA:0,_ZNSt6vectorIP11Undo_ActionSaIS1_EE5eraseEN9__gnu_cxx17__normal_iteratorIPKS1_S3_EE
FNDA:0,_ZNSt6vectorI8ActivitySaIS0_EE21_M_default_initializeEm
FNDA:5,_ZNKSt6vectorI8ActivitySaIS0_EE12_M_check_lenEmPKc
FNDA:0,_ZNKSt6vectorIP11Undo_ActionSaIS1_EE12_M_check_lenEmPKc
FNDA:1,_ZNSt6vectorI8ActivitySaIS0_EE15_M_erase_at_endEPS0_
FNF:40
FNH:23
DA:79,2
DA:86,1
DA:87,1
DA:88,1
DA:90,0
DA:91,0
DA:92,0
DA:113,13
DA:114,13
DA:117,10
DA:118,10
DA:124,1
DA:125,1
DA:134,0
DA:135,0
DA:136,0
DA:159,2
DA:160,4
DA:161,4
DA:167,5
DA:170,5
DA:174,7
DA:177,7
DA:178,5
DA:179,7
DA:183,0
DA:185,0
DA:186,0
DA:187,0
DA:188,0
DA:255,1
DA:259,1
DA:279,0
DA:280,0
DA:281,0
DA:425,2
DA:426,2
DA:427,4
DA:548,14
DA:549,14
DA:557,0
DA:558,0
DA:566,27
DA:567,27
DA:575,0
DA:576,0
DA:621,0
DA:622,0
DA:655,25
DA:656,25
DA:660,10
DA:661,10
DA:674,0
DA:676,0
DA:677,0
DA:678,0
DA:679,0
DA:680,0
DA:744,0
DA:745,0
DA:780,0
DA:781,0
DA:1147,0
DA:1148,0
DA:1306,0
DA:1308,0
DA:1309,0
DA:1310,0
DA:1311,0
DA:1420,5
DA:1422,5
DA:1423,0
DA:1425,5
DA:1426,5
DA:1434,1
DA:1436,1
DA:1437,1
DA:1438,1
LF:78
LH:40
end_of_record
SF:/usr/include/c++/6.3.1/bits/uniform_int_dist.h
FN:75,_ZNSt24uniform_int_distributionImE10param_typeC2Emm
FN:83,_ZNKSt24uniform_int_distributionImE10param_type1aEv
FN:87,_ZNKSt24uniform_int_distributionImE10param_type1bEv
FN:104,_ZNSt24uniform_int_distributionImEC2Emm
FN:217,_ZNSt24uniform_int_distributionImEclISt26linear_congruential_engineImLm16807ELm0ELm2147483647EEEEmRT_RKNS0_10param_typeE
FNDA:0,_ZNSt24uniform_int_distributionImE10param_typeC2Emm
FNDA:0,_ZNKSt24uniform_int_distributionImE10param_type1aEv
FNDA:0,_ZNKSt24uniform_int_distributionImE10param_type1bEv
FNDA:0,_ZNSt24uniform_int_distributionImEC2Emm
FNDA:0,_ZNSt24uniform_int_distributionImEclISt26linear_congruential_engineImLm16807ELm0ELm2147483647EEEEmRT_RKNS0_10param_typeE
FNF:5
FNH:0
DA:75,0
DA:77,0
DA:80,0
DA:83,0
DA:84,0
DA:87,0
DA:88,0
DA:104,0
DA:106,0
DA:107,0
DA:217,0
DA:227,0
DA:228,0
DA:229,0
DA:231,0
DA:235,0
DA:238,0
DA:239,0
DA:240,0
DA:241,0
DA:242,0
DA:243,0
DA:244,0
DA:246,0
DA:264,0
DA:266,0
DA:267,0
DA:269,0
DA:271,0
DA:274,0
DA:276,0
LF:31
LH:0
end_of_record
SF:/usr/include/c++/6.3.1/bits/vector.tcc
FN:107,_ZNSt6vectorIP11Undo_ActionSaIS1_EE6insertEN9__gnu_cxx17__normal_iteratorIPKS1_S3_EERS6_
FN:141,_ZNSt6vectorIP11Undo_ActionSaIS1_EE8_M_eraseEN9__gnu_cxx17__normal_iteratorIPS1_S3_EE
FN:321,_ZNSt6vectorIP11Undo_ActionSaIS1_EE13_M_insert_auxIJS1_EEEvN9__gnu_cxx17__normal_iteratorIPS1_S3_EEDpOT_
FN:321,_ZNSt6vectorIP11Undo_ActionSaIS1_EE13_M_insert_auxIJRKS1_EEEvN9__gnu_cxx17__normal_iteratorIPS1_S3_EEDpOT_
FN:540,_ZNSt6vectorI8ActivitySaIS0_EE17_M_default_appendEm
FNDA:0,_ZNSt6vectorIP11Undo_ActionSaIS1_EE6insertEN9__gnu_cxx17__normal_iteratorIPKS1_S3_EERS6_
FNDA:0,_ZNSt6vectorIP11Undo_ActionSaIS1_EE8_M_eraseEN9__gnu_cxx17__normal_iteratorIPS1_S3_EE
FNDA:0,_ZNSt6vectorIP11Undo_ActionSaIS1_EE13_M_insert_auxIJRKS1_EEEvN9__gnu_cxx17__normal_iteratorIPS1_S3_EEDpOT_
FNDA:0,_ZNSt6vectorIP11Undo_ActionSaIS1_EE13_M_insert_auxIJS1_EEEvN9__gnu_cxx17__normal_iteratorIPS1_S3_EEDpOT_
FNDA:0,_ZNSt6vectorI8ActivitySaIS0_EE17_M_default_appendEm
FNF:5
FNH:0
DA:107,0
DA:114,0
DA:115,0
DA:116,0
DA:118,0
DA:119,0
DA:124,0
DA:125,0
DA:127,0
DA:128,0
DA:131,0
DA:136,0
DA:141,0
DA:144,0
DA:145,0
DA:146,0
DA:147,0
DA:148,0
DA:321,0
DA:330,0
DA:332,0
DA:333,0
DA:335,0
DA:339,0
DA:345,0
DA:351,0
DA:352,0
DA:353,0
DA:354,0
DA:361,0
DA:362,0
DA:368,0
DA:370,0
DA:372,0
DA:373,0
DA:375,0
DA:377,0
DA:379,0
DA:380,0
DA:382,0
DA:384,0
DA:385,0
DA:386,0
DA:388,0
DA:389,0
DA:390,0
DA:392,0
DA:393,0
DA:394,0
DA:395,0
DA:396,0
DA:397,0
DA:398,0
DA:399,0
DA:401,0
DA:540,0
DA:543,0
DA:545,0
DA:546,0
DA:548,0
DA:549,0
DA:550,0
DA:555,0
DA:556,0
DA:557,0
DA:558,0
DA:561,0
DA:563,0
DA:564,0
DA:565,0
DA:567,0
DA:569,0
DA:571,0
DA:572,0
DA:573,0
DA:574,0
DA:576,0
DA:577,0
DA:578,0
DA:579,0
DA:580,0
DA:581,0
DA:582,0
DA:583,0
DA:586,0
LF:85
LH:0
end_of_record
SF:/usr/include/c++/6.3.1/chrono
FN:278,_ZNKSt6chrono8durationIlSt5ratioILl1ELl1000000000EEE5countEv
FN:568,_ZNKSt6chrono10time_pointINS_3_V212system_clockENS_8durationIlSt5ratioILl1ELl1000000000EEEEE16time_since_epochEv
FNDA:0,_ZNKSt6chrono8durationIlSt5ratioILl1ELl1000000000EEE5countEv
FNDA:0,_ZNKSt6chrono10time_pointINS_3_V212system_clockENS_8durationIlSt5ratioILl1ELl1000000000EEEEE16time_since_epochEv
FNF:2
FNH:0
DA:278,0
DA:279,0
DA:568,0
DA:569,0
LF:4
LH:0
end_of_record
SF:/usr/include/c++/6.3.1/ext/new_allocator.h
FN:79,_ZN9__gnu_cxx13new_allocatorIP11Undo_ActionEC2Ev
FN:79,_ZN9__gnu_cxx13new_allocatorI8ActivityEC2Ev
FN:81,_ZN9__gnu_cxx13new_allocatorI8ActivityEC2ERKS2_
FN:86,_ZN9__gnu_cxx13new_allocatorI8ActivityED2Ev
FN:86,_ZN9__gnu_cxx13new_allocatorIP11Undo_ActionED2Ev
FN:99,_ZN9__gnu_cxx13new_allocatorI8ActivityE8allocateEmPKv
FN:99,_ZN9__gnu_cxx13new_allocatorIP11Undo_ActionE8allocateEmPKv
FN:109,_ZN9__gnu_cxx13new_allocatorIP11Undo_ActionE10deallocateEPS2_m
FN:109,_ZN9__gnu_cxx13new_allocatorI8ActivityE10deallocateEPS1_m
FN:113,_ZNK9__gnu_cxx13new_allocatorI8ActivityE8max_sizeEv
FN:113,_ZNK9__gnu_cxx13new_allocatorIP11Undo_ActionE8max_sizeEv
FN:119,_ZN9__gnu_cxx13new_allocatorIP11Undo_ActionE9constructIS2_JS2_EEEvPT_DpOT0_
FN:119,_ZN9__gnu_cxx13new_allocatorIP11Undo_ActionE9constructIS2_JRKS2_EEEvPT_DpOT0_
FN:124,_ZN9__gnu_cxx13new_allocatorIP11Undo_ActionE7destroyIS2_EEvPT_
FNDA:1,_ZN9__gnu_cxx13new_allocatorIP11Undo_ActionEC2Ev
FNDA:1,_ZN9__gnu_cxx13new_allocatorI8ActivityEC2Ev
FNDA:0,_ZN9__gnu_cxx13new_allocatorI8ActivityEC2ERKS2_
FNDA:1,_ZN9__gnu_cxx13new_allocatorIP11Undo_ActionED2Ev
FNDA:1,_ZN9__gnu_cxx13new_allocatorI8ActivityED2Ev
FNDA:5,_ZN9__gnu_cxx13new_allocatorI8ActivityE8allocateEmPKv
FNDA:0,_ZN9__gnu_cxx13new_allocatorIP11Undo_ActionE8allocateEmPKv
FNDA:0,_ZN9__gnu_cxx13new_allocatorIP11Undo_ActionE10deallocateEPS2_m
FNDA:5,_ZN9__gnu_cxx13new_allocatorI8ActivityE10deallocateEPS1_m
FNDA:15,_ZNK9__gnu_cxx13new_allocatorI8ActivityE8max_sizeEv
FNDA:0,_ZNK9__gnu_cxx13new_allocatorIP11Undo_ActionE8max_sizeEv
FNDA:0,_ZN9__gnu_cxx13new_allocatorIP11Undo_ActionE9constructIS2_JS2_EEEvPT_DpOT0_
FNDA:0,_ZN9__gnu_cxx13new_allocatorIP11Undo_ActionE9constructIS2_JRKS2_EEEvPT_DpOT0_
FNDA:0,_ZN9__gnu_cxx13new_allocatorIP11Undo_ActionE7destroyIS2_EEvPT_
FNF:14
FNH:7
DA:79,2
DA:81,0
DA:86,2
DA:99,5
DA:101,5
DA:102,0
DA:104,5
DA:109,5
DA:110,5
DA:113,15
DA:114,15
DA:119,0
DA:120,0
DA:124,0
LF:14
LH:9
end_of_record
SF:/usr/include/c++/6.3.1/iostream
DA:74,1
LF:1
LH:1
end_of_record
SF:/usr/include/c++/6.3.1/limits
FN:1207,_ZNSt14numeric_limitsImE3maxEv
FNDA:0,_ZNSt14numeric_limitsImE3maxEv
FNF:1
FNH:0
DA:1207,0
LF:1
LH:0
end_of_record
SF:/usr/include/c++/6.3.1/new
FN:146,_ZnwmPv
FN:152,_ZdlPvS_
FNDA:28,_ZnwmPv
FNDA:0,_ZdlPvS_
FNF:2
FNH:1
DA:146,28
DA:147,28
DA:152,0
LF:3
LH:2
end_of_record
SF:/home/rexu/Coding/University/sem_2/OOP/lab8_9/Controller/Controller.cpp
FN:5,_ZN10ControllerC2EP15File_RepositoryP9Validator
FN:11,_ZNK10Controller14isvalid_numberERKNSt7__cxx1112basic_stringIcSt11char_traitsIcESaIcEEE
FN:16,_ZNK10Controller13isvalid_titleERKNSt7__cxx1112basic_stringIcSt11char_traitsIcESaIcEEE
FN:21,_ZNK10Controller12isvalid_typeERKNSt7__cxx1112basic_stringIcSt11char_traitsIcESaIcEEE
FN:26,_ZNK10Controller19isvalid_descriptionERKNSt7__cxx1112basic_stringIcSt11char_traitsIcESaIcEEE
FN:31,_ZNK10Controller16isvalid_filenameERKNSt7__cxx1112basic_stringIcSt11char_traitsIcESaIcEEE
FN:36,_ZN10Controller11add_to_undoERKNSt7__cxx1112basic_stringIcSt11char_traitsIcESaIcEEE
FN:47,_ZN10Controller3addERKNSt7__cxx1112basic_stringIcSt11char_traitsIcESaIcEEES7_S7_RKi
FN:53,_ZN10Controller6removeERKNSt7__cxx1112basic_stringIcSt11char_traitsIcESaIcEEE
FN:59,_ZN10Controller6existsERKNSt7__cxx1112basic_stringIcSt11char_traitsIcESaIcEEE
FN:64,_ZNK10Controller8get_listEv
FN:72,_ZN10Controller17get_list_filteredERKNSt7__cxx1112basic_stringIcSt11char_traitsIcESaIcEEES7_
FN:80,_ZZN10Controller17get_list_filteredERKNSt7__cxx1112basic_stringIcSt11char_traitsIcESaIcEEES7_ENKUlT_E_clI8ActivityEEDaS8_
FN:80,_ZZN10Controller17get_list_filteredERKNSt7__cxx1112basic_stringIcSt11char_traitsIcESaIcEEES7_ENUlT_E_D2Ev
FN:87,_ZZN10Controller17get_list_filteredERKNSt7__cxx1112basic_stringIcSt11char_traitsIcESaIcEEES7_ENUlT_E0_D2Ev
FN:87,_ZZN10Controller17get_list_filteredERKNSt7__cxx1112basic_stringIcSt11char_traitsIcESaIcEEES7_ENKUlT_E0_clI8ActivityEEDaS8_
FN:97,_ZN10Controller15get_list_sortedERKNSt7__cxx1112basic_stringIcSt11char_traitsIcESaIcEEE
FN:103,_ZZN10Controller15get_list_sortedERKNSt7__cxx1112basic_stringIcSt11char_traitsIcESaIcEEEENKUlT_T0_E_clI8ActivitySC_EEDaS8_S9_
FN:107,_ZZN10Controller15get_list_sortedERKNSt7__cxx1112basic_stringIcSt11char_traitsIcESaIcEEEENKUlT_T0_E0_clI8ActivitySC_EEDaS8_S9_
FN:111,_ZZN10Controller15get_list_sortedERKNSt7__cxx1112basic_stringIcSt11char_traitsIcESaIcEEEENKUlT_T0_E1_clI8ActivitySC_EEDaS8_S9_
FN:122,_ZNK10Controller17get_list_shuffledEv
FN:132,_ZN10Controller4editERNSt7__cxx1112basic_stringIcSt11char_traitsIcESaIcEEES6_S6_S6_
FN:144,_ZN10Controller11delete_listEv
FN:150,_ZN10Controller4undoEv
FN:163,_ZN10Controller12save_anotherERKNSt7__cxx1112basic_stringIcSt11char_traitsIcESaIcEEE
FN:168,_ZN10Controller8get_elemERKNSt7__cxx1112basic_stringIcSt11char_traitsIcESaIcEEE
FN:173,_ZN10ControllerD2Ev
FN:179,_GLOBAL__sub_I__ZN10ControllerC2EP15File_RepositoryP9Validator
FN:179,_Z41__static_initialization_and_destruction_0ii
FNDA:1,_ZN10ControllerC2EP15File_RepositoryP9Validator
FNDA:1,_ZNK10Controller14isvalid_numberERKNSt7__cxx1112basic_stringIcSt11char_traitsIcESaIcEEE
FNDA:0,_ZNK10Controller13isvalid_titleERKNSt7__cxx1112basic_stringIcSt11char_traitsIcESaIcEEE
FNDA:0,_ZNK10Controller12isvalid_typeERKNSt7__cxx1112basic_stringIcSt11char_traitsIcESaIcEEE
FNDA:0,_ZNK10Controller19isvalid_descriptionERKNSt7__cxx1112basic_stringIcSt11char_traitsIcESaIcEEE
FNDA:0,_ZNK10Controller16isvalid_filenameERKNSt7__cxx1112basic_stringIcSt11char_traitsIcESaIcEEE
FNDA:0,_ZN10Controller11add_to_undoERKNSt7__cxx1112basic_stringIcSt11char_traitsIcESaIcEEE
FNDA:0,_ZN10Controller3addERKNSt7__cxx1112basic_stringIcSt11char_traitsIcESaIcEEES7_S7_RKi
FNDA:0,_ZN10Controller6removeERKNSt7__cxx1112basic_stringIcSt11char_traitsIcESaIcEEE
FNDA:0,_ZN10Controller6existsERKNSt7__cxx1112basic_stringIcSt11char_traitsIcESaIcEEE
FNDA:0,_ZNK10Controller8get_listEv
FNDA:0,_ZN10Controller17get_list_filteredERKNSt7__cxx1112basic_stringIcSt11char_traitsIcESaIcEEES7_
FNDA:0,_ZZN10Controller17get_list_filteredERKNSt7__cxx1112basic_stringIcSt11char_traitsIcESaIcEEES7_ENKUlT_E_clI8ActivityEEDaS8_
FNDA:0,_ZZN10Controller17get_list_filteredERKNSt7__cxx1112basic_stringIcSt11char_traitsIcESaIcEEES7_ENUlT_E_D2Ev
FNDA:0,_ZZN10Controller17get_list_filteredERKNSt7__cxx1112basic_stringIcSt11char_traitsIcESaIcEEES7_ENKUlT_E0_clI8ActivityEEDaS8_
FNDA:0,_ZZN10Controller17get_list_filteredERKNSt7__cxx1112basic_stringIcSt11char_traitsIcESaIcEEES7_ENUlT_E0_D2Ev
FNDA:0,_ZN10Controller15get_list_sortedERKNSt7__cxx1112basic_stringIcSt11char_traitsIcESaIcEEE
FNDA:0,_ZZN10Controller15get_list_sortedERKNSt7__cxx1112basic_stringIcSt11char_traitsIcESaIcEEEENKUlT_T0_E_clI8ActivitySC_EEDaS8_S9_
FNDA:0,_ZZN10Controller15get_list_sortedERKNSt7__cxx1112basic_stringIcSt11char_traitsIcESaIcEEEENKUlT_T0_E0_clI8ActivitySC_EEDaS8_S9_
FNDA:0,_ZZN10Controller15get_list_sortedERKNSt7__cxx1112basic_stringIcSt11char_traitsIcESaIcEEEENKUlT_T0_E1_clI8ActivitySC_EEDaS8_S9_
FNDA:0,_ZNK10Controller17get_list_shuffledEv
FNDA:0,_ZN10Controller4editERNSt7__cxx1112basic_stringIcSt11char_traitsIcESaIcEEES6_S6_S6_
FNDA:0,_ZN10Controller11delete_listEv
FNDA:0,_ZN10Controller4undoEv
FNDA:0,_ZN10Controller12save_anotherERKNSt7__cxx1112basic_stringIcSt11char_traitsIcESaIcEEE
FNDA:0,_ZN10Controller8get_elemERKNSt7__cxx1112basic_stringIcSt11char_traitsIcESaIcEEE
FNDA:1,_ZN10ControllerD2Ev
FNDA:1,_GLOBAL__sub_I__ZN10ControllerC2EP15File_RepositoryP9Validator
FNDA:1,_Z41__static_initialization_and_destruction_0ii
FNF:29
FNH:5
DA:5,1
DA:7,1
DA:8,1
DA:9,1
DA:11,1
DA:13,1
DA:16,0
DA:18,0
DA:21,0
DA:23,0
DA:26,0
DA:28,0
DA:31,0
DA:33,0
DA:36,0
DA:39,0
DA:41,0
DA:42,0
DA:44,0
DA:45,0
DA:47,0
DA:49,0
DA:50,0
DA:51,0
DA:53,0
DA:55,0
DA:56,0
DA:57,0
DA:59,0
DA:61,0
DA:64,0
DA:68,0
DA:69,0
DA:72,0
DA:75,0
DA:76,0
DA:78,0
DA:80,0
DA:81,0
DA:82,0
DA:83,0
DA:85,0
DA:87,0
DA:88,0
DA:89,0
DA:90,0
DA:92,0
DA:94,0
DA:97,0
DA:101,0
DA:102,0
DA:103,0
DA:104,0
DA:105,0
DA:106,0
DA:107,0
DA:108,0
DA:109,0
DA:110,0
DA:111,0
DA:112,0
DA:113,0
DA:114,0
DA:115,0
DA:116,0
DA:117,0
DA:118,0
DA:119,0
DA:122,0
DA:126,0
DA:127,0
DA:128,0
DA:129,0
DA:132,0
DA:134,0
DA:135,0
DA:136,0
DA:137,0
DA:138,0
DA:139,0
DA:140,0
DA:141,0
DA:142,0
DA:144,0
DA:146,0
DA:147,0
DA:148,0
DA:150,0
DA:152,0
DA:154,0
DA:155,0
DA:156,0
DA:158,0
DA:159,0
DA:161,0
DA:163,0
DA:165,0
DA:166,0
DA:168,0
DA:170,0
DA:173,2
DA:175,1
DA:176,1
DA:177,1
DA:178,0
DA:179,4
LF:106
LH:11
end_of_record
SF:/home/rexu/Coding/University/sem_2/OOP/lab8_9/headers/Activity.h
FN:9,_ZN8ActivityD2Ev
FN:9,_ZN8ActivityC2ERKS_
FNDA:41,_ZN8ActivityD2Ev
FNDA:28,_ZN8ActivityC2ERKS_
FNF:2
FNH:2
DA:9,69
LF:1
LH:1
end_of_record
SF:/home/rexu/Coding/University/sem_2/OOP/lab8_9/headers/File_Repository.h
FN:8,_ZN15File_RepositoryD2Ev
FN:19,_ZN15File_Repository3addERKNSt7__cxx1112basic_stringIcSt11char_traitsIcESaIcEEES7_S7_RKi
FN:25,_ZN15File_Repository6removeERKNSt7__cxx1112basic_stringIcSt11char_traitsIcESaIcEEE
FN:31,_ZN15File_Repository4editERKNSt7__cxx1112basic_stringIcSt11char_traitsIcESaIcEEES7_S7_S7_
FN:37,_ZN15File_Repository11delete_listEv
FNDA:1,_ZN15File_RepositoryD2Ev
FNDA:0,_ZN15File_Repository3addERKNSt7__cxx1112basic_stringIcSt11char_traitsIcESaIcEEES7_S7_RKi
FNDA:0,_ZN15File_Repository6removeERKNSt7__cxx1112basic_stringIcSt11char_traitsIcESaIcEEE
FNDA:0,_ZN15File_Repository4editERKNSt7__cxx1112basic_stringIcSt11char_traitsIcESaIcEEES7_S7_S7_
FNDA:0,_ZN15File_Repository11delete_listEv
FNF:5
FNH:1
DA:8,1
DA:19,0
DA:21,0
DA:22,0
DA:23,0
DA:25,0
DA:27,0
DA:28,0
DA:29,0
DA:31,0
DA:33,0
DA:34,0
DA:35,0
DA:37,0
DA:39,0
DA:40,0
DA:41,0
LF:17
LH:1
end_of_record
SF:/home/rexu/Coding/University/sem_2/OOP/lab8_9/headers/Undo_Action.h
FN:12,_ZN11Undo_ActionC2EPSt6vectorI8ActivitySaIS1_EE
FN:16,_ZN11Undo_ActionD2Ev
FN:21,_ZN11Undo_Action8get_listEv
FN:26,_ZN11Undo_Action7do_undoEv
FNDA:0,_ZN11Undo_ActionC2EPSt6vectorI8ActivitySaIS1_EE
FNDA:0,_ZN11Undo_ActionD2Ev
FNDA:0,_ZN11Undo_Action8get_listEv
FNDA:0,_ZN11Undo_Action7do_undoEv
FNF:4
FNH:0
DA:12,0
DA:13,0
DA:14,0
DA:15,0
DA:16,0
DA:17,0
DA:18,0
DA:19,0
DA:21,0
DA:23,0
DA:26,0
LF:11
LH:0
end_of_record
TN:result
SF:/usr/include/c++/6.3.1/iostream
DA:74,1
LF:1
LH:1
end_of_record
SF:/home/rexu/Coding/University/sem_2/OOP/lab8_9/Builder.cpp
FN:3,_ZNK7Builder5getUIEv
FN:9,_ZNK7Builder13getControllerEv
FN:15,_ZNK7Builder14getFRepositoryEv
FN:21,_ZNK7Builder12getValidatorEv
FN:26,_GLOBAL__sub_I__ZNK7Builder5getUIEv
FN:26,_Z41__static_initialization_and_destruction_0ii
FNDA:1,_ZNK7Builder5getUIEv
FNDA:1,_ZNK7Builder13getControllerEv
FNDA:1,_ZNK7Builder14getFRepositoryEv
FNDA:1,_ZNK7Builder12getValidatorEv
FNDA:1,_GLOBAL__sub_I__ZNK7Builder5getUIEv
FNDA:1,_Z41__static_initialization_and_destruction_0ii
FNF:6
FNH:6
DA:3,1
DA:5,1
DA:6,1
DA:9,1
DA:11,1
DA:12,1
DA:15,1
DA:17,1
DA:18,1
DA:21,1
DA:23,1
DA:25,1
DA:26,3
LF:13
LH:13
end_of_record
SF:/home/rexu/Coding/University/sem_2/OOP/lab8_9/headers/File_Repository.h
FN:15,_ZN15File_RepositoryC2ENSt7__cxx1112basic_stringIcSt11char_traitsIcESaIcEEE
FNDA:1,_ZN15File_RepositoryC2ENSt7__cxx1112basic_stringIcSt11char_traitsIcESaIcEEE
FNF:1
FNH:1
DA:15,1
DA:16,1
DA:17,1
LF:3
LH:3
end_of_record
TN:result
SF:/usr/include/c++/6.3.1/bits/alloc_traits.h
FN:461,_ZNSt16allocator_traitsISaI8ActivityEE10deallocateERS1_PS0_m
FNDA:0,_ZNSt16allocator_traitsISaI8ActivityEE10deallocateERS1_PS0_m
FNF:1
FNH:0
DA:461,0
DA:462,0
LF:2
LH:0
end_of_record
SF:/usr/include/c++/6.3.1/bits/allocator.h
FN:139,_ZNSaI8ActivityED2Ev
FNDA:0,_ZNSaI8ActivityED2Ev
FNF:1
FNH:0
DA:139,0
LF:1
LH:0
end_of_record
SF:/usr/include/c++/6.3.1/bits/basic_string.h
FN:5045,_ZStplIcSt11char_traitsIcESaIcEENSt7__cxx1112basic_stringIT_T0_T1_EEOS8_PKS5_
FNDA:0,_ZStplIcSt11char_traitsIcESaIcEENSt7__cxx1112basic_stringIT_T0_T1_EEOS8_PKS5_
FNF:1
FNH:0
DA:5045,0
DA:5047,0
LF:2
LH:0
end_of_record
SF:/usr/include/c++/6.3.1/bits/basic_string.tcc
FN:1147,_ZStplIcSt11char_traitsIcESaIcEENSt7__cxx1112basic_stringIT_T0_T1_EEPKS5_RKS8_
FNDA:0,_ZStplIcSt11char_traitsIcESaIcEENSt7__cxx1112basic_stringIT_T0_T1_EEPKS5_RKS8_
FNF:1
FNH:0
DA:1147,0
DA:1153,0
DA:1154,0
DA:1155,0
DA:1156,0
DA:1157,0
DA:1158,0
LF:7
LH:0
end_of_record
SF:/usr/include/c++/6.3.1/bits/char_traits.h
FN:266,_ZNSt11char_traitsIcE6lengthEPKc
FNDA:0,_ZNSt11char_traitsIcE6lengthEPKc
FNF:1
FNH:0
DA:266,0
DA:267,0
LF:2
LH:0
end_of_record
SF:/usr/include/c++/6.3.1/bits/ios_base.h
FN:129,_ZStorSt13_Ios_OpenmodeS_
FNDA:0,_ZStorSt13_Ios_OpenmodeS_
FNF:1
FNH:0
DA:129,0
DA:130,0
LF:2
LH:0
end_of_record
SF:/usr/include/c++/6.3.1/bits/move.h
FN:47,_ZSt11__addressofI8ActivityEPT_RS1_
FN:101,_ZSt4moveIRNSt7__cxx1112basic_stringIcSt11char_traitsIcESaIcEEEEONSt16remove_referenceIT_E4typeEOS8_
FNDA:0,_ZSt11__addressofI8ActivityEPT_RS1_
FNDA:0,_ZSt4moveIRNSt7__cxx1112basic_stringIcSt11char_traitsIcESaIcEEEEONSt16remove_referenceIT_E4typeEOS8_
FNF:2
FNH:0
DA:47,0
DA:50,0
DA:101,0
DA:102,0
LF:4
LH:0
end_of_record
SF:/usr/include/c++/6.3.1/bits/stl_construct.h
FN:92,_ZSt8_DestroyI8ActivityEvPT_
FN:100,_ZNSt12_Destroy_auxILb0EE9__destroyIP8ActivityEEvT_S4_
FN:122,_ZSt8_DestroyIP8ActivityEvT_S2_
[...]
FNDA:0,_ZNSt12_Vector_baseI8ActivitySaIS0_EE11_M_allocateEm
FNDA:0,_ZNSt12_Vector_baseI8ActivitySaIS0_EE13_M_deallocateEPS0_m
FNDA:1,_ZNSt6vectorI8ActivitySaIS0_EEC2Ev
FNDA:0,_ZNSt6vectorI8ActivitySaIS0_EED2Ev
FNDA:0,_ZNSt6vectorI8ActivitySaIS0_EE5beginEv
FNDA:0,_ZNSt6vectorI8ActivitySaIS0_EE3endEv
FNDA:0,_ZNKSt6vectorI8ActivitySaIS0_EE6cbeginEv
FNDA:0,_ZNKSt6vectorI8ActivitySaIS0_EE4sizeEv
FNDA:0,_ZNKSt6vectorI8ActivitySaIS0_EE8max_sizeEv
FNDA:0,_ZNSt6vectorI8ActivitySaIS0_EEixEm
FNDA:13,_ZNSt6vectorI8ActivitySaIS0_EE9push_backERKS0_
FNDA:0,_ZNSt6vectorI8ActivitySaIS0_EE5eraseEN9__gnu_cxx17__normal_iteratorIPKS0_S2_EE
FNDA:1,_ZNSt6vectorI8ActivitySaIS0_EE5clearEv
FNDA:0,_ZNKSt6vectorI8ActivitySaIS0_EE12_M_check_lenEmPKc
FNDA:0,_ZNSt6vectorI8ActivitySaIS0_EE15_M_erase_at_endEPS0_
FNF:21
FNH:5
DA:79,0
DA:86,1
DA:87,1
DA:88,1
DA:113,0
DA:114,0
DA:117,0
DA:118,0
DA:124,1
DA:125,1
DA:159,0
DA:160,0
DA:161,0
DA:167,0
DA:170,0
DA:174,0
DA:177,0
DA:178,0
DA:179,0
DA:255,1
DA:259,1
DA:425,0
DA:426,0
DA:427,0
DA:548,0
DA:549,0
DA:566,0
DA:567,0
DA:621,0
DA:622,0
DA:655,0
DA:656,0
DA:660,0
DA:661,0
DA:780,0
DA:781,0
DA:914,13
DA:916,13
DA:918,8
DA:920,8
DA:924,5
DA:928,13
DA:1147,0
DA:1148,0
DA:1209,1
DA:1210,1
DA:1420,0
DA:1422,0
DA:1423,0
DA:1425,0
DA:1426,0
DA:1434,0
DA:1436,0
DA:1437,0
DA:1438,0
LF:55
LH:15
end_of_record
SF:/usr/include/c++/6.3.1/bits/vector.tcc
FN:141,_ZNSt6vectorI8ActivitySaIS0_EE8_M_eraseEN9__gnu_cxx17__normal_iteratorIPS0_S2_EE
FN:407,_ZNSt6vectorI8ActivitySaIS0_EE19_M_emplace_back_auxIJRKS0_EEEvDpOT_
FNDA:0,_ZNSt6vectorI8ActivitySaIS0_EE8_M_eraseEN9__gnu_cxx17__normal_iteratorIPS0_S2_EE
FNDA:5,_ZNSt6vectorI8ActivitySaIS0_EE19_M_emplace_back_auxIJRKS0_EEEvDpOT_
FNF:2
FNH:1
DA:141,0
DA:144,0
DA:145,0
DA:146,0
DA:147,0
DA:148,0
DA:407,5
DA:411,5
DA:412,5
DA:413,5
DA:416,5
DA:418,5
DA:420,5
DA:422,5
DA:423,5
DA:425,5
DA:427,0
DA:429,0
DA:430,0
DA:432,0
DA:433,0
DA:434,0
DA:436,5
DA:437,5
DA:438,5
DA:439,5
DA:440,5
DA:441,5
DA:442,5
DA:443,5
DA:444,5
LF:31
LH:19
end_of_record
SF:/usr/include/c++/6.3.1/exception
FN:63,_ZNSt9exceptionC2Ev
FNDA:0,_ZNSt9exceptionC2Ev
FNF:1
FNH:0
DA:63,0
LF:1
LH:0
end_of_record
SF:/usr/include/c++/6.3.1/ext/new_allocator.h
FN:79,_ZN9__gnu_cxx13new_allocatorI8ActivityEC2Ev
FN:86,_ZN9__gnu_cxx13new_allocatorI8ActivityED2Ev
FN:99,_ZN9__gnu_cxx13new_allocatorI8ActivityE8allocateEmPKv
FN:109,_ZN9__gnu_cxx13new_allocatorI8ActivityE10deallocateEPS1_m
FN:113,_ZNK9__gnu_cxx13new_allocatorI8ActivityE8max_sizeEv
FN:119,_ZN9__gnu_cxx13new_allocatorI8ActivityE9constructIS1_JRKS1_EEEvPT_DpOT0_
FN:124,_ZN9__gnu_cxx13new_allocatorI8ActivityE7destroyIS1_EEvPT_
FNDA:0,_ZN9__gnu_cxx13new_allocatorI8ActivityEC2Ev
FNDA:0,_ZN9__gnu_cxx13new_allocatorI8ActivityED2Ev
FNDA:0,_ZN9__gnu_cxx13new_allocatorI8ActivityE8allocateEmPKv
FNDA:0,_ZN9__gnu_cxx13new_allocatorI8ActivityE10deallocateEPS1_m
FNDA:0,_ZNK9__gnu_cxx13new_allocatorI8ActivityE8max_sizeEv
FNDA:13,_ZN9__gnu_cxx13new_allocatorI8ActivityE9constructIS1_JRKS1_EEEvPT_DpOT0_
FNDA:0,_ZN9__gnu_cxx13new_allocatorI8ActivityE7destroyIS1_EEvPT_
FNF:7
FNH:1
DA:79,0
DA:86,0
DA:99,0
DA:101,0
DA:102,0
DA:104,0
DA:109,0
DA:110,0
DA:113,0
DA:114,0
DA:119,13
DA:120,13
DA:124,0
LF:13
LH:2
end_of_record
SF:/usr/include/c++/6.3.1/ext/string_conversions.h
FN:54,_ZN9__gnu_cxx6__stoaIlicJiEEET0_PFT_PKT1_PPS3_DpT2_EPKcS5_PmS9_
FN:63,_ZZN9__gnu_cxx6__stoaIlicJiEEET0_PFT_PKT1_PPS3_DpT2_EPKcS5_PmS9_EN11_Save_errnoC2Ev
FN:64,_ZZN9__gnu_cxx6__stoaIlicJiEEET0_PFT_PKT1_PPS3_DpT2_EPKcS5_PmS9_EN11_Save_errnoD2Ev
FNDA:1,_ZN9__gnu_cxx6__stoaIlicJiEEET0_PFT_PKT1_PPS3_DpT2_EPKcS5_PmS9_
FNDA:1,_ZZN9__gnu_cxx6__stoaIlicJiEEET0_PFT_PKT1_PPS3_DpT2_EPKcS5_PmS9_EN11_Save_errnoC2Ev
FNDA:1,_ZZN9__gnu_cxx6__stoaIlicJiEEET0_PFT_PKT1_PPS3_DpT2_EPKcS5_PmS9_EN11_Save_errnoD2Ev
FNF:3
FNH:3
DA:54,1
DA:63,1
DA:64,1
DA:66,2
DA:68,1
DA:70,1
DA:71,0
DA:72,1
DA:73,1
DA:75,1
DA:76,0
DA:78,1
DA:80,1
DA:81,0
DA:83,2
LF:15
LH:12
end_of_record
SF:/usr/include/c++/6.3.1/iostream
DA:74,1
LF:1
LH:1
end_of_record
SF:/usr/include/c++/6.3.1/new
FN:146,_ZnwmPv
FN:152,_ZdlPvS_
FNDA:0,_ZnwmPv
FNDA:0,_ZdlPvS_
FNF:2
FNH:0
DA:146,0
DA:147,0
DA:152,0
LF:3
LH:0
end_of_record
SF:/home/rexu/Coding/University/sem_2/OOP/lab8_9/Repository/Repository.cpp
FN:6,_ZN10RepositoryC2Ev
FN:11,_ZN10Repository3addERKNSt7__cxx1112basic_stringIcSt11char_traitsIcESaIcEEES7_S7_RKi
FN:22,_ZN10Repository8get_listEv
FN:33,_ZN10Repository6removeERKNSt7__cxx1112basic_stringIcSt11char_traitsIcESaIcEEE
FN:42,_ZN10Repository6existsERKNSt7__cxx1112basic_stringIcSt11char_traitsIcESaIcEEE
FN:46,_ZZN10Repository6existsERKNSt7__cxx1112basic_stringIcSt11char_traitsIcESaIcEEEENUlT_E_D2Ev
FN:46,_ZZN10Repository6existsERKNSt7__cxx1112basic_stringIcSt11char_traitsIcESaIcEEEENKUlT_E_clI8ActivityEEDaS8_
FN:46,_ZZN10Repository6existsERKNSt7__cxx1112basic_stringIcSt11char_traitsIcESaIcEEEENUlT_E_C2ERKS9_
FN:55,_ZN10Repository4editERKNSt7__cxx1112basic_stringIcSt11char_traitsIcESaIcEEES7_S7_S7_
FN:77,_ZN10Repository8get_elemERKNSt7__cxx1112basic_stringIcSt11char_traitsIcESaIcEEE
FN:86,_ZN10Repository11delete_listEv
FN:91,_ZN10Repository11update_listEPSt6vectorI8ActivitySaIS1_EE
FN:96,_ZN10RepositoryD2Ev
FN:100,_Z41__static_initialization_and_destruction_0ii
FN:100,_GLOBAL__sub_I__ZN10RepositoryC2Ev
FNDA:1,_ZN10RepositoryC2Ev
FNDA:13,_ZN10Repository3addERKNSt7__cxx1112basic_stringIcSt11char_traitsIcESaIcEEES7_S7_RKi
FNDA:0,_ZN10Repository8get_listEv
FNDA:0,_ZN10Repository6removeERKNSt7__cxx1112basic_stringIcSt11char_traitsIcESaIcEEE
FNDA:0,_ZN10Repository6existsERKNSt7__cxx1112basic_stringIcSt11char_traitsIcESaIcEEE
FNDA:0,_ZZN10Repository6existsERKNSt7__cxx1112basic_stringIcSt11char_traitsIcESaIcEEEENKUlT_E_clI8ActivityEEDaS8_
FNDA:0,_ZZN10Repository6existsERKNSt7__cxx1112basic_stringIcSt11char_traitsIcESaIcEEEENUlT_E_C2ERKS9_
FNDA:0,_ZZN10Repository6existsERKNSt7__cxx1112basic_stringIcSt11char_traitsIcESaIcEEEENUlT_E_D2Ev
FNDA:0,_ZN10Repository4editERKNSt7__cxx1112basic_stringIcSt11char_traitsIcESaIcEEES7_S7_S7_
FNDA:0,_ZN10Repository8get_elemERKNSt7__cxx1112basic_stringIcSt11char_traitsIcESaIcEEE
FNDA:0,_ZN10Repository11delete_listEv
FNDA:0,_ZN10Repository11update_listEPSt6vectorI8ActivitySaIS1_EE
FNDA:1,_ZN10RepositoryD2Ev
FNDA:1,_GLOBAL__sub_I__ZN10RepositoryC2Ev
FNDA:1,_Z41__static_initialization_and_destruction_0ii
FNF:15
FNH:5
DA:6,1
DA:8,1
DA:9,1
DA:11,13
DA:13,26
DA:14,13
DA:16,13
DA:17,13
DA:18,0
DA:19,13
DA:20,13
DA:22,0
DA:27,0
DA:28,0
DA:29,0
DA:30,0
DA:33,0
DA:35,0
DA:37,0
DA:38,0
DA:39,0
DA:40,0
DA:42,0
DA:44,0
DA:46,0
DA:47,0
DA:48,0
DA:49,0
DA:50,0
DA:52,0
DA:55,0
DA:57,0
DA:59,0
DA:60,0
DA:61,0
DA:62,0
DA:63,0
DA:65,0
DA:66,0
DA:67,0
DA:69,0
DA:70,0
DA:71,0
DA:73,0
DA:74,0
DA:75,0
DA:77,0
DA:79,0
DA:81,0
DA:82,0
DA:83,0
DA:86,0
DA:88,0
DA:89,0
DA:91,0
DA:93,0
DA:94,0
DA:96,2
DA:98,1
DA:99,1
DA:100,4
LF:61
LH:14
end_of_record
SF:/home/rexu/Coding/University/sem_2/OOP/lab8_9/headers/Activity.h
FN:9,_ZN8ActivityD2Ev
FN:9,_ZN8ActivityC2ERKS_
FNDA:0,_ZN8ActivityC2ERKS_
FNDA:0,_ZN8ActivityD2Ev
FNF:2
FNH:0
DA:9,0
LF:1
LH:0
end_of_record
SF:/home/rexu/Coding/University/sem_2/OOP/lab8_9/headers/not_unique.h
FN:9,_ZN10not_uniqueC2EPKc
FN:10,_ZN10not_uniqueD0Ev
FN:10,_ZN10not_uniqueD2Ev
FN:11,_ZNK10not_unique4whatEv
FNDA:0,_ZN10not_uniqueC2EPKc
FNDA:0,_ZN10not_uniqueD0Ev
FNDA:0,_ZN10not_uniqueD2Ev
FNDA:0,_ZNK10not_unique4whatEv
FNF:4
FNH:0
DA:9,0
DA:10,0
DA:11,0
LF:3
LH:0
end_of_record
TN:result
SF:/usr/include/c++/6.3.1/bits/basic_string.h
FN:5073,_ZSteqIcEN9__gnu_cxx11__enable_ifIXsrSt9__is_charIT_E7__valueEbE6__typeERKNSt7__cxx1112basic_stringIS3_St11char_traitsIS3_ESaIS3_EEESE_
FN:5150,_ZStltIcSt11char_traitsIcESaIcEEbRKNSt7__cxx1112basic_stringIT_T0_T1_EESA_
FN:5188,_ZStgtIcSt11char_traitsIcESaIcEEbRKNSt7__cxx1112basic_stringIT_T0_T1_EESA_
FNDA:0,_ZSteqIcEN9__gnu_cxx11__enable_ifIXsrSt9__is_charIT_E7__valueEbE6__typeERKNSt7__cxx1112basic_stringIS3_St11char_traitsIS3_ESaIS3_EEESE_
FNDA:0,_ZStltIcSt11char_traitsIcESaIcEEbRKNSt7__cxx1112basic_stringIT_T0_T1_EESA_
FNDA:0,_ZStgtIcSt11char_traitsIcESaIcEEbRKNSt7__cxx1112basic_stringIT_T0_T1_EESA_
FNF:3
FNH:0
DA:5073,0
DA:5075,0
DA:5076,0
DA:5077,0
DA:5150,0
DA:5153,0
DA:5188,0
DA:5191,0
LF:8
LH:0
end_of_record
SF:/usr/include/c++/6.3.1/bits/char_traits.h
FN:258,_ZNSt11char_traitsIcE7compareEPKcS2_m
FNDA:0,_ZNSt11char_traitsIcE7compareEPKcS2_m
FNF:1
FNH:0
DA:258,0
DA:260,0
DA:261,0
DA:262,0
LF:4
LH:0
end_of_record
SF:/usr/include/c++/6.3.1/iostream
DA:74,1
LF:1
LH:1
end_of_record
SF:/home/rexu/Coding/University/sem_2/OOP/lab8_9/Model/Activity.cpp
FN:5,_ZN8ActivityC2Ev
FN:10,_ZN8ActivityC2ENSt7__cxx1112basic_stringIcSt11char_traitsIcESaIcEEES5_S5_i
FN:18,_ZN8Activity9set_titleERKNSt7__cxx1112basic_stringIcSt11char_traitsIcESaIcEEE
FN:23,_ZN8Activity15set_descriptionERKNSt7__cxx1112basic_stringIcSt11char_traitsIcESaIcEEE
FN:28,_ZN8Activity8set_typeERKNSt7__cxx1112basic_stringIcSt11char_traitsIcESaIcEEE
FN:33,_ZN8Activity12set_durationERKi
FN:38,_ZNK8Activity9get_titleB5cxx11Ev
FN:43,_ZNK8Activity15get_descriptionB5cxx11Ev
FN:48,_ZNK8Activity8get_typeB5cxx11Ev
FN:53,_ZNK8Activity12get_durationEv
FN:58,_ZNK8ActivityeqERKS_
FN:65,_ZNK8ActivityltERKS_
FN:72,_ZNK8ActivitygtERKS_
FN:79,_ZN8ActivityaSERKS_
FN:88,_GLOBAL__sub_I__ZN8ActivityC2Ev
FN:88,_Z41__static_initialization_and_destruction_0ii
FNDA:0,_ZN8ActivityC2Ev
FNDA:13,_ZN8ActivityC2ENSt7__cxx1112basic_stringIcSt11char_traitsIcESaIcEEES5_S5_i
FNDA:0,_ZN8Activity9set_titleERKNSt7__cxx1112basic_stringIcSt11char_traitsIcESaIcEEE
FNDA:0,_ZN8Activity15set_descriptionERKNSt7__cxx1112basic_stringIcSt11char_traitsIcESaIcEEE
FNDA:0,_ZN8Activity8set_typeERKNSt7__cxx1112basic_stringIcSt11char_traitsIcESaIcEEE
FNDA:0,_ZN8Activity12set_durationERKi
FNDA:156,_ZNK8Activity9get_titleB5cxx11Ev
FNDA:0,_ZNK8Activity15get_descriptionB5cxx11Ev
FNDA:0,_ZNK8Activity8get_typeB5cxx11Ev
FNDA:0,_ZNK8Activity12get_durationEv
FNDA:78,_ZNK8ActivityeqERKS_
FNDA:0,_ZNK8ActivityltERKS_
FNDA:0,_ZNK8ActivitygtERKS_
FNDA:0,_ZN8ActivityaSERKS_
FNDA:1,_GLOBAL__sub_I__ZN8ActivityC2Ev
FNDA:1,_Z41__static_initialization_and_destruction_0ii
FNF:16
FNH:5
DA:5,0
DA:8,0
DA:10,13
DA:12,13
DA:13,13
DA:14,13
DA:15,13
DA:16,13
DA:18,0
DA:20,0
DA:21,0
DA:23,0
DA:25,0
DA:26,0
DA:28,0
DA:30,0
DA:31,0
DA:33,0
DA:35,0
DA:36,0
DA:38,156
DA:40,156
DA:43,0
DA:45,0
DA:48,0
DA:50,0
DA:53,0
DA:55,0
DA:58,78
DA:60,78
DA:61,0
DA:62,78
DA:65,0
DA:67,0
DA:68,0
DA:69,0
DA:72,0
DA:74,0
DA:75,0
DA:76,0
DA:79,0
DA:81,0
DA:82,0
DA:83,0
DA:84,0
DA:85,0
DA:86,0
DA:87,0
DA:88,3
LF:49
LH:12
end_of_record
TN:result
SF:/usr/include/c++/6.3.1/iostream
DA:74,1
LF:1
LH:1
end_of_record
SF:/home/rexu/Coding/University/sem_2/OOP/lab8_9/main.cpp
FN:7,main
FN:18,_Z41__static_initialization_and_destruction_0ii
FN:18,_GLOBAL__sub_I_main
FNDA:1,main
FNDA:1,_GLOBAL__sub_I_main
FNDA:1,_Z41__static_initialization_and_destruction_0ii
FNF:3
FNH:3
DA:7,1
DA:11,1
DA:13,1
DA:14,1
DA:17,1
DA:18,3
LF:6
LH:6
end_of_record
TN:result
SF:/usr/include/c++/6.3.1/bits/alloc_traits.h
FN:461,_ZNSt16allocator_traitsISaI8ActivityEE10deallocateERS1_PS0_m
FNDA:0,_ZNSt16allocator_traitsISaI8ActivityEE10deallocateERS1_PS0_m
FNF:1
FNH:0
DA:461,0
DA:462,0
LF:2
LH:0
end_of_record
SF:/usr/include/c++/6.3.1/bits/allocator.h
FN:139,_ZNSaI8ActivityED2Ev
FNDA:0,_ZNSaI8ActivityED2Ev
FNF:1
FNH:0
DA:139,0
LF:1
LH:0
end_of_record
SF:/usr/include/c++/6.3.1/bits/basic_string.h
FN:5099,_ZSteqIcSt11char_traitsIcESaIcEEbRKNSt7__cxx1112basic_stringIT_T0_T1_EEPKS5_
FN:5427,_ZNSt7__cxx114stoiERKNS_12basic_stringIcSt11char_traitsIcESaIcEEEPmi
FNDA:0,_ZSteqIcSt11char_traitsIcESaIcEEbRKNSt7__cxx1112basic_stringIT_T0_T1_EEPKS5_
FNDA:0,_ZNSt7__cxx114stoiERKNS_12basic_stringIcSt11char_traitsIcESaIcEEEPmi
FNF:2
FNH:0
DA:5099,0
DA:5101,0
DA:5427,0
DA:5428,0
DA:5429,0
LF:5
LH:0
end_of_record
SF:/usr/include/c++/6.3.1/bits/move.h
FN:47,_ZSt11__addressofI8ActivityEPT_RS1_
FNDA:0,_ZSt11__addressofI8ActivityEPT_RS1_
FNF:1
FNH:0
DA:47,0
DA:50,0
LF:2
LH:0
end_of_record
SF:/usr/include/c++/6.3.1/bits/stl_construct.h
FN:92,_ZSt8_DestroyI8ActivityEvPT_
FN:100,_ZNSt12_Destroy_auxILb0EE9__destroyIP8ActivityEEvT_S4_
FN:122,_ZSt8_DestroyIP8ActivityEvT_S2_
FN:148,_ZSt8_DestroyIP8ActivityS0_EvT_S2_RSaIT0_E
FNDA:0,_ZSt8_DestroyI8ActivityEvPT_
FNDA:0,_ZNSt12_Destroy_auxILb0EE9__destroyIP8ActivityEEvT_S4_
FNDA:0,_ZSt8_DestroyIP8ActivityEvT_S2_
FNDA:0,_ZSt8_DestroyIP8ActivityS0_EvT_S2_RSaIT0_E
FNF:4
FNH:0
DA:92,0
DA:93,0
DA:100,0
DA:102,0
DA:103,0
DA:104,0
DA:122,0
DA:126,0
DA:128,0
DA:148,0
DA:151,0
DA:152,0
LF:12
LH:0
end_of_record
SF:/usr/include/c++/6.3.1/bits/stl_iterator.h
FN:776,_ZN9__gnu_cxx17__normal_iteratorIP8ActivitySt6vectorIS1_SaIS1_EEEC2ERKS2_
FN:789,_ZNK9__gnu_cxx17__normal_iteratorIP8ActivitySt6vectorIS1_SaIS1_EEEdeEv
FN:797,_ZN9__gnu_cxx17__normal_iteratorIP8ActivitySt6vectorIS1_SaIS1_EEEppEv
FN:841,_ZNK9__gnu_cxx17__normal_iteratorIP8ActivitySt6vectorIS1_SaIS1_EEE4baseEv
FN:877,_ZN9__gnu_cxxneIP8ActivitySt6vectorIS1_SaIS1_EEEEbRKNS_17__normal_iteratorIT_T0_EESB_
FNDA:0,_ZN9__gnu_cxx17__normal_iteratorIP8ActivitySt6vectorIS1_SaIS1_EEEC2ERKS2_
FNDA:0,_ZNK9__gnu_cxx17__normal_iteratorIP8ActivitySt6vectorIS1_SaIS1_EEEdeEv
FNDA:0,_ZN9__gnu_cxx17__normal_iteratorIP8ActivitySt6vectorIS1_SaIS1_EEEppEv
FNDA:0,_ZNK9__gnu_cxx17__normal_iteratorIP8ActivitySt6vectorIS1_SaIS1_EEE4baseEv
FNDA:0,_ZN9__gnu_cxxneIP8ActivitySt6vectorIS1_SaIS1_EEEEbRKNS_17__normal_iteratorIT_T0_EESB_
FNF:5
FNH:0
DA:776,0
DA:777,0
DA:789,0
DA:790,0
DA:797,0
DA:799,0
DA:800,0
DA:841,0
DA:842,0
DA:877,0
DA:880,0
LF:11
LH:0
end_of_record
SF:/usr/include/c++/6.3.1/bits/stl_vector.h
FN:79,_ZNSt12_Vector_baseI8ActivitySaIS0_EE12_Vector_implD2Ev
FN:113,_ZNSt12_Vector_baseI8ActivitySaIS0_EE19_M_get_Tp_allocatorEv
FN:159,_ZNSt12_Vector_baseI8ActivitySaIS0_EED2Ev
FN:174,_ZNSt12_Vector_baseI8ActivitySaIS0_EE13_M_deallocateEPS0_m
FN:425,_ZNSt6vectorI8ActivitySaIS0_EED2Ev
FN:548,_ZNSt6vectorI8ActivitySaIS0_EE5beginEv
FN:566,_ZNSt6vectorI8ActivitySaIS0_EE3endEv
FNDA:0,_ZNSt12_Vector_baseI8ActivitySaIS0_EE12_Vector_implD2Ev
FNDA:0,_ZNSt12_Vector_baseI8ActivitySaIS0_EE19_M_get_Tp_allocatorEv
FNDA:0,_ZNSt12_Vector_baseI8ActivitySaIS0_EED2Ev
FNDA:0,_ZNSt12_Vector_baseI8ActivitySaIS0_EE13_M_deallocateEPS0_m
FNDA:0,_ZNSt6vectorI8ActivitySaIS0_EED2Ev
FNDA:0,_ZNSt6vectorI8ActivitySaIS0_EE5beginEv
FNDA:0,_ZNSt6vectorI8ActivitySaIS0_EE3endEv
FNF:7
FNH:0
DA:79,0
DA:113,0
DA:114,0
DA:159,0
DA:160,0
DA:161,0
DA:174,0
DA:177,0
DA:178,0
DA:179,0
DA:425,0
DA:426,0
DA:427,0
DA:548,0
DA:549,0
DA:566,0
DA:567,0
LF:17
LH:0
end_of_record
SF:/usr/include/c++/6.3.1/exception
FN:63,_ZNSt9exceptionC2Ev
FNDA:0,_ZNSt9exceptionC2Ev
FNF:1
FNH:0
DA:63,0
LF:1
LH:0
end_of_record
SF:/usr/include/c++/6.3.1/ext/new_allocator.h
FN:86,_ZN9__gnu_cxx13new_allocatorI8ActivityED2Ev
FN:109,_ZN9__gnu_cxx13new_allocatorI8ActivityE10deallocateEPS1_m
FNDA:0,_ZN9__gnu_cxx13new_allocatorI8ActivityED2Ev
FNDA:0,_ZN9__gnu_cxx13new_allocatorI8ActivityE10deallocateEPS1_m
FNF:2
FNH:0
DA:86,0
DA:109,0
DA:110,0
LF:3
LH:0
end_of_record
SF:/usr/include/c++/6.3.1/ext/string_conversions.h
FN:54,_ZN9__gnu_cxx6__stoaIlicJiEEET0_PFT_PKT1_PPS3_DpT2_EPKcS5_PmS9_
FN:63,_ZZN9__gnu_cxx6__stoaIlicJiEEET0_PFT_PKT1_PPS3_DpT2_EPKcS5_PmS9_EN11_Save_errnoC2Ev
FN:64,_ZZN9__gnu_cxx6__stoaIlicJiEEET0_PFT_PKT1_PPS3_DpT2_EPKcS5_PmS9_EN11_Save_errnoD2Ev
FNDA:0,_ZN9__gnu_cxx6__stoaIlicJiEEET0_PFT_PKT1_PPS3_DpT2_EPKcS5_PmS9_
FNDA:0,_ZZN9__gnu_cxx6__stoaIlicJiEEET0_PFT_PKT1_PPS3_DpT2_EPKcS5_PmS9_EN11_Save_errnoC2Ev
FNDA:0,_ZZN9__gnu_cxx6__stoaIlicJiEEET0_PFT_PKT1_PPS3_DpT2_EPKcS5_PmS9_EN11_Save_errnoD2Ev
FNF:3
FNH:0
DA:54,0
DA:63,0
DA:64,0
DA:66,0
DA:68,0
DA:70,0
DA:71,0
DA:72,0
DA:73,0
DA:75,0
DA:76,0
DA:78,0
DA:80,0
DA:81,0
DA:83,0
LF:15
LH:0
end_of_record
SF:/usr/include/c++/6.3.1/iostream
DA:74,1
LF:1
LH:1
end_of_record
SF:/home/rexu/Coding/University/sem_2/OOP/lab8_9/UI/UI.cpp
FN:5,_ZN2UIC2EP10Controller
FN:10,_ZNK2UI9show_menuEv
FN:26,_ZN2UI10read_titleB5cxx11Ev
FN:49,_ZN2UI9read_typeB5cxx11Ev
FN:72,_ZN2UI16read_descriptionB5cxx11Ev
FN:95,_ZN2UI13read_durationEv
FN:118,_ZN2UI3addEv
FN:170,_ZN2UI6removeEv
FN:193,_ZN2UI4editEv
FN:227,_ZN2UI7displayEv
FN:239,_ZN2UI6searchEv
FN:257,_ZNK2UI16show_menu_filterEv
FN:264,_ZN2UI6filterEv
FN:327,_ZNK2UI14show_menu_sortEv
FN:335,_ZN2UI4sortEv
FN:390,_ZN2UI7shuffleEv
FN:399,_ZN2UI11delete_listEv
FN:404,_ZN2UI12save_anotherEv
FN:416,_ZN2UI4undoEv
FN:421,_ZN2UI5startEv
FN:483,_ZN2UID2Ev
FN:486,_Z41__static_initialization_and_destruction_0ii
FN:486,_GLOBAL__sub_I__ZN2UIC2EP10Controller
FNDA:1,_ZN2UIC2EP10Controller
FNDA:1,_ZNK2UI9show_menuEv
FNDA:0,_ZN2UI10read_titleB5cxx11Ev
FNDA:0,_ZN2UI9read_typeB5cxx11Ev
FNDA:0,_ZN2UI16read_descriptionB5cxx11Ev
FNDA:0,_ZN2UI13read_durationEv
FNDA:0,_ZN2UI3addEv
FNDA:0,_ZN2UI6removeEv
FNDA:0,_ZN2UI4editEv
FNDA:0,_ZN2UI7displayEv
FNDA:0,_ZN2UI6searchEv
FNDA:0,_ZNK2UI16show_menu_filterEv
FNDA:0,_ZN2UI6filterEv
FNDA:0,_ZNK2UI14show_menu_sortEv
FNDA:0,_ZN2UI4sortEv
FNDA:0,_ZN2UI7shuffleEv
FNDA:0,_ZN2UI11delete_listEv
FNDA:0,_ZN2UI12save_anotherEv
FNDA:0,_ZN2UI4undoEv
FNDA:1,_ZN2UI5startEv
FNDA:1,_ZN2UID2Ev
FNDA:1,_GLOBAL__sub_I__ZN2UIC2EP10Controller
FNDA:1,_Z41__static_initialization_and_destruction_0ii
FNF:23
FNH:6
DA:5,1
DA:7,1
DA:8,1
DA:10,1
DA:12,1
DA:13,1
DA:14,1
DA:15,1
DA:16,1
DA:17,1
DA:18,1
DA:19,1
DA:20,1
DA:21,1
DA:22,1
DA:23,1
DA:24,1
DA:26,0
DA:28,0
DA:29,0
DA:31,0
DA:33,0
DA:34,0
DA:35,0
DA:36,0
DA:37,0
DA:39,0
DA:43,0
DA:46,0
DA:49,0
DA:51,0
DA:52,0
DA:54,0
DA:56,0
DA:57,0
DA:58,0
DA:59,0
DA:60,0
DA:62,0
DA:66,0
DA:69,0
DA:72,0
DA:74,0
DA:75,0
DA:77,0
DA:79,0
DA:80,0
DA:81,0
DA:82,0
DA:83,0
DA:85,0
DA:89,0
DA:92,0
DA:95,0
DA:97,0
DA:98,0
DA:100,0
DA:102,0
DA:103,0
DA:104,0
DA:105,0
DA:106,0
DA:108,0
DA:112,0
DA:115,0
DA:118,0
DA:120,0
DA:125,0
DA:127,0
DA:129,0
DA:134,0
DA:136,0
DA:138,0
DA:143,0
DA:145,0
DA:147,0
DA:152,0
DA:154,0
DA:156,0
DA:161,0
DA:162,0
DA:164,0
DA:166,0
DA:170,0
DA:172,0
DA:176,0
DA:178,0
DA:180,0
DA:185,0
DA:187,0
DA:189,0
DA:193,0
DA:195,0
DA:199,0
DA:201,0
DA:203,0
DA:206,0
DA:208,0
DA:211,0
DA:213,0
DA:215,0
DA:218,0
DA:219,0
DA:220,0
DA:221,0
DA:222,0
DA:223,0
DA:224,0
DA:227,0
DA:231,0
DA:232,0
DA:234,0
DA:236,0
DA:237,0
DA:239,0
DA:241,0
DA:245,0
DA:247,0
DA:249,0
DA:251,0
DA:252,0
DA:254,0
DA:257,0
DA:259,0
DA:260,0
DA:261,0
DA:262,0
DA:264,0
DA:266,0
DA:270,0
DA:271,0
DA:273,0
DA:274,0
DA:275,0
DA:276,0
DA:278,0
DA:279,0
DA:281,0
DA:285,0
DA:287,0
DA:289,0
DA:291,0
DA:292,0
DA:294,0
DA:296,0
DA:297,0
DA:301,0
DA:303,0
DA:305,0
DA:307,0
DA:308,0
DA:310,0
DA:312,0
DA:313,0
DA:315,0
DA:316,0
DA:318,0
DA:322,0
DA:327,0
DA:329,0
DA:330,0
DA:331,0
DA:332,0
DA:333,0
DA:335,0
DA:337,0
DA:341,0
DA:342,0
DA:344,0
DA:345,0
DA:346,0
DA:347,0
DA:349,0
DA:350,0
DA:352,0
DA:354,0
DA:355,0
DA:357,0
DA:359,0
DA:360,0
DA:362,0
DA:363,0
DA:365,0
DA:367,0
DA:368,0
DA:370,0
DA:371,0
DA:373,0
DA:375,0
DA:376,0
DA:378,0
DA:379,0
DA:381,0
DA:385,0
DA:388,0
DA:390,0
DA:392,0
DA:394,0
DA:395,0
DA:396,0
DA:397,0
DA:399,0
DA:401,0
DA:402,0
DA:404,0
DA:406,0
DA:408,0
DA:409,0
DA:410,0
DA:411,0
DA:413,0
DA:414,0
DA:416,0
DA:418,0
DA:419,0
DA:421,1
DA:423,1
DA:424,1
DA:426,1
DA:428,1
DA:429,1
DA:430,1
DA:431,1
DA:433,1
DA:434,1
DA:437,1
DA:439,0
DA:440,0
DA:442,0
DA:443,0
DA:445,0
DA:446,0
DA:448,0
DA:449,0
DA:451,0
DA:452,0
DA:454,0
DA:455,0
DA:457,0
DA:458,0
DA:460,0
DA:461,0
DA:463,0
DA:464,0
DA:466,0
DA:467,0
DA:469,0
DA:470,0
DA:472,0
DA:473,0
DA:478,0
DA:483,2
DA:485,1
DA:486,4
LF:254
LH:31
end_of_record
SF:/home/rexu/Coding/University/sem_2/OOP/lab8_9/headers/Activity.h
FN:9,_ZN8ActivityD2Ev
FN:22,_ZlsRSoRK8Activity
FNDA:0,_ZN8ActivityD2Ev
FNDA:0,_ZlsRSoRK8Activity
FNF:2
FNH:0
DA:9,0
DA:22,0
DA:24,0
DA:25,0
LF:4
LH:0
end_of_record
SF:/home/rexu/Coding/University/sem_2/OOP/lab8_9/headers/back_exception.h
FN:9,_ZN14back_exceptionC2EPKc
FN:10,_ZN14back_exceptionD0Ev
FN:10,_ZN14back_exceptionD2Ev
FN:11,_ZNK14back_exception4whatEv
FNDA:0,_ZN14back_exceptionC2EPKc
FNDA:0,_ZN14back_exceptionD0Ev
FNDA:0,_ZN14back_exceptionD2Ev
FNDA:0,_ZNK14back_exception4whatEv
FNF:4
FNH:0
DA:9,0
DA:10,0
DA:11,0
LF:3
LH:0
end_of_record
