TN:result
SF:/home/rexu/Coding/University/sem_2/OOP/lab6_7/Validator.cpp
FN:5,_ZN9ValidatorC2Ev
FN:7,_ZN9ValidatorD2Ev
FN:9,_ZN9Validator14isvalid_numberERKNSt7__cxx1112basic_stringIcSt11char_traitsIcESaIcEEE
FN:14,_ZN9Validator13isvalid_titleERKNSt7__cxx1112basic_stringIcSt11char_traitsIcESaIcEEE
FN:23,_ZN9Validator19isvalid_descriptionERKNSt7__cxx1112basic_stringIcSt11char_traitsIcESaIcEEE
FN:32,_ZN9Validator12isvalid_typeERKNSt7__cxx1112basic_stringIcSt11char_traitsIcESaIcEEE
FNDA:1,_ZN9ValidatorC2Ev
FNDA:1,_ZN9ValidatorD2Ev
FNDA:1,_ZN9Validator14isvalid_numberERKNSt7__cxx1112basic_stringIcSt11char_traitsIcESaIcEEE
FNDA:0,_ZN9Validator13isvalid_titleERKNSt7__cxx1112basic_stringIcSt11char_traitsIcESaIcEEE
FNDA:0,_ZN9Validator19isvalid_descriptionERKNSt7__cxx1112basic_stringIcSt11char_traitsIcESaIcEEE
FNDA:0,_ZN9Validator12isvalid_typeERKNSt7__cxx1112basic_stringIcSt11char_traitsIcESaIcEEE
FNF:6
FNH:3
DA:5,1
DA:7,1
DA:9,1
DA:11,1
DA:14,0
DA:16,0
DA:18,0
DA:19,0
DA:20,0
DA:23,0
DA:25,0
DA:27,0
DA:28,0
DA:29,0
DA:32,0
DA:34,0
DA:36,0
DA:37,0
DA:38,0
LF:19
LH:4
end_of_record
TN:result
SF:/usr/include/c++/6.3.1/bits/basic_string.h
FN:5073,_ZSteqIcEN9__gnu_cxx11__enable_ifIXsrSt9__is_charIT_E7__valueEbE6__typeERKNSt7__cxx1112basic_stringIS3_St11char_traitsIS3_ESaIS3_EEESE_
FN:5099,_ZSteqIcSt11char_traitsIcESaIcEEbRKNSt7__cxx1112basic_stringIT_T0_T1_EEPKS5_
FN:5112,_ZStneIcSt11char_traitsIcESaIcEEbRKNSt7__cxx1112basic_stringIT_T0_T1_EESA_
FN:5188,_ZStgtIcSt11char_traitsIcESaIcEEbRKNSt7__cxx1112basic_stringIT_T0_T1_EESA_
FNDA:0,_ZSteqIcEN9__gnu_cxx11__enable_ifIXsrSt9__is_charIT_E7__valueEbE6__typeERKNSt7__cxx1112basic_stringIS3_St11char_traitsIS3_ESaIS3_EEESE_
FNDA:0,_ZSteqIcSt11char_traitsIcESaIcEEbRKNSt7__cxx1112basic_stringIT_T0_T1_EEPKS5_
FNDA:0,_ZStneIcSt11char_traitsIcESaIcEEbRKNSt7__cxx1112basic_stringIT_T0_T1_EESA_
FNDA:0,_ZStgtIcSt11char_traitsIcESaIcEEbRKNSt7__cxx1112basic_stringIT_T0_T1_EESA_
FNF:4
FNH:0
DA:5073,0
DA:5075,0
DA:5076,0
DA:5077,0
DA:5099,0
DA:5101,0
DA:5112,0
DA:5115,0
DA:5188,0
DA:5191,0
LF:10
LH:0
end_of_record
SF:/usr/include/c++/6.3.1/bits/char_traits.h
FN:258,_ZNSt11char_traitsIcE7compareEPKcS2_m
FNDA:0,_ZNSt11char_traitsIcE7compareEPKcS2_m
FNF:1
FNH:0
DA:258,0
DA:260,0
DA:261,0
DA:262,0
LF:4
LH:0
end_of_record
SF:/usr/include/c++/6.3.1/iostream
DA:74,1
LF:1
LH:1
end_of_record
SF:/home/rexu/Coding/University/sem_2/OOP/lab6_7/Controller/Controller.cpp
FN:5,_ZN10ControllerC2EP10RepositoryP9Validator
FN:11,_ZN10Controller13__debug_writeEv
FN:17,_ZNK10Controller14isvalid_numberERKNSt7__cxx1112basic_stringIcSt11char_traitsIcESaIcEEE
FN:22,_ZNK10Controller13isvalid_titleERKNSt7__cxx1112basic_stringIcSt11char_traitsIcESaIcEEE
FN:27,_ZNK10Controller12isvalid_typeERKNSt7__cxx1112basic_stringIcSt11char_traitsIcESaIcEEE
FN:32,_ZNK10Controller19isvalid_descriptionERKNSt7__cxx1112basic_stringIcSt11char_traitsIcESaIcEEE
FN:37,_ZN10Controller3addERKNSt7__cxx1112basic_stringIcSt11char_traitsIcESaIcEEES7_S7_RKi
FN:42,_ZN10Controller6removeERKNSt7__cxx1112basic_stringIcSt11char_traitsIcESaIcEEE
FN:47,_ZN10Controller6existsERKNSt7__cxx1112basic_stringIcSt11char_traitsIcESaIcEEE
FN:52,_ZNK10Controller8get_listEv
FN:60,_ZN10Controller17get_list_filteredERKNSt7__cxx1112basic_stringIcSt11char_traitsIcESaIcEEES7_
FN:88,_ZN10Controller15get_list_sortedERKNSt7__cxx1112basic_stringIcSt11char_traitsIcESaIcEEE
FN:160,_ZN10Controller4editERNSt7__cxx1112basic_stringIcSt11char_traitsIcESaIcEEES6_S6_S6_
FN:173,_ZN10Controller4initEv
FN:178,_ZN10Controller8get_elemERKNSt7__cxx1112basic_stringIcSt11char_traitsIcESaIcEEE
FN:183,_ZN10ControllerD2Ev
FN:187,_GLOBAL__sub_I__ZN10ControllerC2EP10RepositoryP9Validator
FN:187,_Z41__static_initialization_and_destruction_0ii
FNDA:1,_ZN10ControllerC2EP10RepositoryP9Validator
FNDA:0,_ZN10Controller13__debug_writeEv
FNDA:1,_ZNK10Controller14isvalid_numberERKNSt7__cxx1112basic_stringIcSt11char_traitsIcESaIcEEE
FNDA:0,_ZNK10Controller13isvalid_titleERKNSt7__cxx1112basic_stringIcSt11char_traitsIcESaIcEEE
FNDA:0,_ZNK10Controller12isvalid_typeERKNSt7__cxx1112basic_stringIcSt11char_traitsIcESaIcEEE
FNDA:0,_ZNK10Controller19isvalid_descriptionERKNSt7__cxx1112basic_stringIcSt11char_traitsIcESaIcEEE
FNDA:0,_ZN10Controller3addERKNSt7__cxx1112basic_stringIcSt11char_traitsIcESaIcEEES7_S7_RKi
FNDA:0,_ZN10Controller6removeERKNSt7__cxx1112basic_stringIcSt11char_traitsIcESaIcEEE
FNDA:0,_ZN10Controller6existsERKNSt7__cxx1112basic_stringIcSt11char_traitsIcESaIcEEE
FNDA:0,_ZNK10Controller8get_listEv
FNDA:0,_ZN10Controller17get_list_filteredERKNSt7__cxx1112basic_stringIcSt11char_traitsIcESaIcEEES7_
FNDA:0,_ZN10Controller15get_list_sortedERKNSt7__cxx1112basic_stringIcSt11char_traitsIcESaIcEEE
FNDA:0,_ZN10Controller4editERNSt7__cxx1112basic_stringIcSt11char_traitsIcESaIcEEES6_S6_S6_
FNDA:1,_ZN10Controller4initEv
FNDA:0,_ZN10Controller8get_elemERKNSt7__cxx1112basic_stringIcSt11char_traitsIcESaIcEEE
FNDA:1,_ZN10ControllerD2Ev
FNDA:1,_GLOBAL__sub_I__ZN10ControllerC2EP10RepositoryP9Validator
FNDA:1,_Z41__static_initialization_and_destruction_0ii
FNF:18
FNH:6
DA:5,1
DA:7,1
DA:8,1
DA:9,1
DA:11,0
DA:13,0
DA:14,0
DA:15,0
DA:17,1
DA:19,1
DA:22,0
DA:24,0
DA:27,0
DA:29,0
DA:32,0
DA:34,0
DA:37,0
DA:39,0
DA:40,0
DA:42,0
DA:44,0
DA:45,0
DA:47,0
DA:49,0
DA:52,0
DA:56,0
DA:57,0
DA:60,0
DA:65,0
DA:66,0
DA:67,0
DA:69,0
DA:71,0
DA:72,0
DA:75,0
DA:76,0
DA:78,0
DA:80,0
DA:81,0
DA:85,0
DA:88,0
DA:92,0
DA:93,0
DA:95,0
DA:96,0
DA:98,0
DA:100,0
DA:101,0
DA:103,0
DA:105,0
DA:106,0
DA:107,0
DA:108,0
DA:113,0
DA:115,0
DA:117,0
DA:118,0
DA:120,0
DA:122,0
DA:123,0
DA:124,0
DA:125,0
DA:130,0
DA:132,0
DA:134,0
DA:135,0
DA:137,0
DA:139,0
DA:140,0
DA:141,0
DA:142,0
DA:144,0
DA:146,0
DA:148,0
DA:149,0
DA:150,0
DA:151,0
DA:157,0
DA:160,0
DA:162,0
DA:163,0
DA:164,0
DA:165,0
DA:166,0
DA:167,0
DA:168,0
DA:169,0
DA:170,0
DA:171,0
DA:173,1
DA:175,1
DA:176,1
DA:178,0
DA:180,0
DA:183,2
DA:185,1
DA:186,1
DA:187,4
LF:98
LH:13
end_of_record
SF:/home/rexu/Coding/University/sem_2/OOP/lab6_7/headers/Activity.h
FN:9,_ZN8ActivityD2Ev
FNDA:36,_ZN8ActivityD2Ev
FNF:1
FNH:1
DA:9,36
LF:1
LH:1
end_of_record
TN:result
SF:/usr/include/c++/6.3.1/iostream
DA:74,1
LF:1
LH:1
end_of_record
SF:/home/rexu/Coding/University/sem_2/OOP/lab6_7/Model/DynamicVector.cpp
FN:4,_ZN13DynamicVectorI8ActivityEC2Ev
FN:13,_ZN13DynamicVectorI8ActivityE7displayEv
FN:26,_ZN13DynamicVectorI8ActivityE12display_onceEv
FN:40,_ZN13DynamicVectorI8ActivityE4pushERKS0_
FN:59,_ZNK13DynamicVectorI8ActivityE8get_sizeEv
FN:65,_ZN13DynamicVectorI8ActivityEaSERKS1_
FN:73,_ZN13DynamicVectorI8ActivityED2Ev
FN:79,_ZN13DynamicVectorI8ActivityEixEi
FN:99,_ZN13DynamicVectorI8ActivityE8at_indexEi
FN:117,_ZN13DynamicVectorI8ActivityE6existsERKS0_
FN:134,_ZN13DynamicVectorI8ActivityE6removeERKS0_
FN:171,_ZN13DynamicVectorI8ActivityE6removeERKi
FN:212,_ZN13DynamicVectorI8ActivityE8index_ofERKS0_
FN:231,_ZN13DynamicVectorI8ActivityE4editERKS0_
FN:247,_GLOBAL__sub_I_DynamicVector.cpp
FN:247,_Z41__static_initialization_and_destruction_0ii
FNDA:1,_ZN13DynamicVectorI8ActivityEC2Ev
FNDA:0,_ZN13DynamicVectorI8ActivityE7displayEv
FNDA:0,_ZN13DynamicVectorI8ActivityE12display_onceEv
FNDA:12,_ZN13DynamicVectorI8ActivityE4pushERKS0_
FNDA:0,_ZNK13DynamicVectorI8ActivityE8get_sizeEv
FNDA:0,_ZN13DynamicVectorI8ActivityEaSERKS1_
FNDA:1,_ZN13DynamicVectorI8ActivityED2Ev
FNDA:0,_ZN13DynamicVectorI8ActivityEixEi
FNDA:0,_ZN13DynamicVectorI8ActivityE8at_indexEi
FNDA:0,_ZN13DynamicVectorI8ActivityE6existsERKS0_
FNDA:0,_ZN13DynamicVectorI8ActivityE6removeERKS0_
FNDA:0,_ZN13DynamicVectorI8ActivityE6removeERKi
FNDA:0,_ZN13DynamicVectorI8ActivityE8index_ofERKS0_
FNDA:0,_ZN13DynamicVectorI8ActivityE4editERKS0_
FNDA:1,_GLOBAL__sub_I_DynamicVector.cpp
FNDA:1,_Z41__static_initialization_and_destruction_0ii
FNF:16
FNH:5
DA:4,1
DA:6,1
DA:7,1
DA:8,1
DA:9,1
DA:13,0
DA:17,0
DA:18,0
DA:20,0
DA:21,0
DA:23,0
DA:26,0
DA:30,0
DA:31,0
DA:33,0
DA:34,0
DA:36,0
DA:37,0
DA:40,12
DA:44,12
DA:45,12
DA:47,1
DA:48,1
DA:52,11
DA:53,11
DA:55,12
DA:56,12
DA:59,0
DA:61,0
DA:65,0
DA:69,0
DA:73,1
DA:75,1
DA:76,1
DA:79,0
DA:84,0
DA:85,0
DA:86,0
DA:88,0
DA:90,0
DA:92,0
DA:93,0
DA:95,0
DA:99,0
DA:104,0
DA:105,0
DA:106,0
DA:108,0
DA:109,0
DA:110,0
DA:111,0
DA:113,0
DA:117,0
DA:121,0
DA:122,0
DA:124,0
DA:126,0
DA:128,0
DA:130,0
DA:134,0
DA:136,0
DA:137,0
DA:140,0
DA:141,0
DA:145,0
DA:146,0
DA:147,0
DA:148,0
DA:149,0
DA:152,0
DA:154,0
DA:158,0
DA:159,0
DA:160,0
DA:161,0
DA:162,0
DA:163,0
DA:166,0
DA:171,0
DA:173,0
DA:174,0
DA:175,0
DA:178,0
DA:179,0
DA:183,0
DA:184,0
DA:185,0
DA:186,0
DA:187,0
DA:190,0
DA:192,0
DA:196,0
DA:197,0
DA:198,0
DA:199,0
DA:200,0
DA:201,0
DA:205,0
DA:206,0
DA:212,0
DA:215,0
DA:217,0
DA:218,0
DA:220,0
DA:222,0
DA:224,0
DA:225,0
DA:227,0
DA:231,0
DA:235,0
DA:236,0
DA:238,0
DA:240,0
DA:241,0
DA:243,0
DA:247,3
LF:116
LH:18
end_of_record
SF:/home/rexu/Coding/University/sem_2/OOP/lab6_7/headers/Activity.h
FN:9,_ZN8ActivityC2ERKS_
FN:9,_ZN8ActivityD2Ev
FNDA:0,_ZN8ActivityD2Ev
FNDA:12,_ZN8ActivityC2ERKS_
FNF:2
FNH:1
DA:9,12
LF:1
LH:1
end_of_record
SF:/home/rexu/Coding/University/sem_2/OOP/lab6_7/headers/Node.h
FN:15,_ZN4NodeI8ActivityEC2ES0_
FN:26,_ZN4NodeI8ActivityED2Ev
FNDA:12,_ZN4NodeI8ActivityEC2ES0_
FNDA:12,_ZN4NodeI8ActivityED2Ev
FNF:2
FNH:2
DA:15,12
DA:16,12
DA:18,12
DA:19,12
DA:20,12
DA:21,12
DA:23,12
DA:24,12
DA:26,12
DA:28,12
DA:29,12
LF:11
LH:11
end_of_record
TN:result
SF:/usr/include/c++/6.3.1/iostream
DA:74,1
LF:1
LH:1
end_of_record
SF:/home/rexu/Coding/University/sem_2/OOP/lab6_7/Builder.cpp
FN:3,_ZNK7Builder5getUIEv
FN:10,_ZNK7Builder13getControllerEv
FN:17,_ZNK7Builder13getRepositoryEv
FN:24,_ZNK7Builder12getValidatorEv
FN:29,_Z41__static_initialization_and_destruction_0ii
FN:29,_GLOBAL__sub_I__ZNK7Builder5getUIEv
FNDA:1,_ZNK7Builder5getUIEv
FNDA:1,_ZNK7Builder13getControllerEv
FNDA:1,_ZNK7Builder13getRepositoryEv
FNDA:1,_ZNK7Builder12getValidatorEv
FNDA:1,_GLOBAL__sub_I__ZNK7Builder5getUIEv
FNDA:1,_Z41__static_initialization_and_destruction_0ii
FNF:6
FNH:6
DA:3,1
DA:5,1
DA:7,1
DA:10,1
DA:12,1
DA:14,1
DA:17,1
DA:19,1
DA:21,1
DA:24,1
DA:26,1
DA:28,1
DA:29,3
LF:13
LH:13
end_of_record
TN:result
SF:/usr/include/c++/6.3.1/bits/basic_string.h
FN:5099,_ZSteqIcSt11char_traitsIcESaIcEEbRKNSt7__cxx1112basic_stringIT_T0_T1_EEPKS5_
FN:5137,_ZStneIcSt11char_traitsIcESaIcEEbRKNSt7__cxx1112basic_stringIT_T0_T1_EEPKS5_
FN:5427,_ZNSt7__cxx114stoiERKNS_12basic_stringIcSt11char_traitsIcESaIcEEEPmi
FNDA:0,_ZSteqIcSt11char_traitsIcESaIcEEbRKNSt7__cxx1112basic_stringIT_T0_T1_EEPKS5_
FNDA:0,_ZStneIcSt11char_traitsIcESaIcEEbRKNSt7__cxx1112basic_stringIT_T0_T1_EEPKS5_
FNDA:1,_ZNSt7__cxx114stoiERKNS_12basic_stringIcSt11char_traitsIcESaIcEEEPmi
FNF:3
FNH:1
DA:5099,0
DA:5101,0
DA:5137,0
DA:5139,0
DA:5427,1
DA:5428,1
DA:5429,1
LF:7
LH:3
end_of_record
SF:/usr/include/c++/6.3.1/ext/string_conversions.h
FN:54,_ZN9__gnu_cxx6__stoaIlicJiEEET0_PFT_PKT1_PPS3_DpT2_EPKcS5_PmS9_
FN:63,_ZZN9__gnu_cxx6__stoaIlicJiEEET0_PFT_PKT1_PPS3_DpT2_EPKcS5_PmS9_EN11_Save_errnoC2Ev
FN:64,_ZZN9__gnu_cxx6__stoaIlicJiEEET0_PFT_PKT1_PPS3_DpT2_EPKcS5_PmS9_EN11_Save_errnoD2Ev
FNDA:1,_ZN9__gnu_cxx6__stoaIlicJiEEET0_PFT_PKT1_PPS3_DpT2_EPKcS5_PmS9_
FNDA:1,_ZZN9__gnu_cxx6__stoaIlicJiEEET0_PFT_PKT1_PPS3_DpT2_EPKcS5_PmS9_EN11_Save_errnoC2Ev
FNDA:1,_ZZN9__gnu_cxx6__stoaIlicJiEEET0_PFT_PKT1_PPS3_DpT2_EPKcS5_PmS9_EN11_Save_errnoD2Ev
FNF:3
FNH:3
DA:54,1
DA:63,1
DA:64,1
DA:66,2
DA:68,1
DA:70,1
DA:71,0
DA:72,1
DA:73,1
DA:75,1
DA:76,0
DA:78,1
DA:80,1
DA:81,0
DA:83,2
LF:15
LH:12
end_of_record
SF:/usr/include/c++/6.3.1/iostream
DA:74,1
LF:1
LH:1
end_of_record
SF:/home/rexu/Coding/University/sem_2/OOP/lab6_7/Repository/Repository.cpp
FN:6,_ZN10RepositoryC2Ev
FN:11,_ZN10Repository13__debug_writeEv
FN:16,_ZN10Repository3addERKNSt7__cxx1112basic_stringIcSt11char_traitsIcESaIcEEES7_S7_RKi
FN:25,_ZN10Repository8get_listEv
FN:38,_ZN10Repository6removeERKNSt7__cxx1112basic_stringIcSt11char_traitsIcESaIcEEE
FN:45,_ZN10Repository6existsERKNSt7__cxx1112basic_stringIcSt11char_traitsIcESaIcEEE
FN:52,_ZN10Repository4editERKNSt7__cxx1112basic_stringIcSt11char_traitsIcESaIcEEES7_S7_S7_
FN:74,_ZN10Repository4initEv
FN:102,_ZN10Repository8get_elemERKNSt7__cxx1112basic_stringIcSt11char_traitsIcESaIcEEE
FN:109,_ZN10RepositoryD2Ev
FN:112,_Z41__static_initialization_and_destruction_0ii
FN:112,_GLOBAL__sub_I__ZN10RepositoryC2Ev
FNDA:1,_ZN10RepositoryC2Ev
FNDA:0,_ZN10Repository13__debug_writeEv
FNDA:0,_ZN10Repository3addERKNSt7__cxx1112basic_stringIcSt11char_traitsIcESaIcEEES7_S7_RKi
FNDA:0,_ZN10Repository8get_listEv
FNDA:0,_ZN10Repository6removeERKNSt7__cxx1112basic_stringIcSt11char_traitsIcESaIcEEE
FNDA:0,_ZN10Repository6existsERKNSt7__cxx1112basic_stringIcSt11char_traitsIcESaIcEEE
FNDA:0,_ZN10Repository4editERKNSt7__cxx1112basic_stringIcSt11char_traitsIcESaIcEEES7_S7_S7_
FNDA:1,_ZN10Repository4initEv
FNDA:0,_ZN10Repository8get_elemERKNSt7__cxx1112basic_stringIcSt11char_traitsIcESaIcEEE
FNDA:1,_ZN10RepositoryD2Ev
FNDA:1,_GLOBAL__sub_I__ZN10RepositoryC2Ev
FNDA:1,_Z41__static_initialization_and_destruction_0ii
FNF:12
FNH:5
DA:6,1
DA:8,1
DA:9,1
DA:11,0
DA:13,0
DA:14,0
DA:16,0
DA:18,0
DA:20,0
DA:21,0
DA:22,0
DA:23,0
DA:25,0
DA:30,0
DA:31,0
DA:33,0
DA:35,0
DA:38,0
DA:40,0
DA:42,0
DA:43,0
DA:45,0
DA:47,0
DA:49,0
DA:52,0
DA:54,0
DA:57,0
DA:58,0
DA:59,0
DA:60,0
DA:62,0
DA:63,0
DA:64,0
DA:66,0
DA:67,0
DA:68,0
DA:70,0
DA:71,0
DA:72,0
DA:74,1
DA:76,2
DA:77,1
DA:78,1
DA:79,1
DA:80,1
DA:81,1
DA:82,1
DA:83,1
DA:84,1
DA:85,1
DA:86,1
DA:87,1
DA:88,1
DA:89,1
DA:90,1
DA:91,1
DA:92,1
DA:93,1
DA:94,1
DA:95,1
DA:96,1
DA:97,1
DA:98,1
DA:99,1
DA:100,1
DA:102,0
DA:104,0
DA:106,0
DA:109,2
DA:111,1
DA:112,4
LF:71
LH:32
end_of_record
SF:/home/rexu/Coding/University/sem_2/OOP/lab6_7/headers/Activity.h
FN:9,_ZN8ActivityD2Ev
FNDA:0,_ZN8ActivityD2Ev
FNF:1
FNH:0
DA:9,0
LF:1
LH:0
end_of_record
TN:result
SF:/usr/include/c++/6.3.1/bits/basic_string.h
FN:5073,_ZSteqIcEN9__gnu_cxx11__enable_ifIXsrSt9__is_charIT_E7__valueEbE6__typeERKNSt7__cxx1112basic_stringIS3_St11char_traitsIS3_ESaIS3_EEESE_
FNDA:0,_ZSteqIcEN9__gnu_cxx11__enable_ifIXsrSt9__is_charIT_E7__valueEbE6__typeERKNSt7__cxx1112basic_stringIS3_St11char_traitsIS3_ESaIS3_EEESE_
FNF:1
FNH:0
DA:5073,0
DA:5075,0
DA:5076,0
DA:5077,0
LF:4
LH:0
end_of_record
SF:/usr/include/c++/6.3.1/bits/char_traits.h
FN:258,_ZNSt11char_traitsIcE7compareEPKcS2_m
FNDA:0,_ZNSt11char_traitsIcE7compareEPKcS2_m
FNF:1
FNH:0
DA:258,0
DA:260,0
DA:261,0
DA:262,0
LF:4
LH:0
end_of_record
SF:/usr/include/c++/6.3.1/iostream
DA:74,1
LF:1
LH:1
end_of_record
SF:/home/rexu/Coding/University/sem_2/OOP/lab6_7/Model/Activity.cpp
FN:5,_ZN8ActivityC2Ev
FN:10,_ZN8ActivityC2ENSt7__cxx1112basic_stringIcSt11char_traitsIcESaIcEEES5_S5_i
FN:18,_ZN8Activity9set_titleERKNSt7__cxx1112basic_stringIcSt11char_traitsIcESaIcEEE
FN:23,_ZN8Activity15set_descriptionERKNSt7__cxx1112basic_stringIcSt11char_traitsIcESaIcEEE
FN:28,_ZN8Activity8set_typeERKNSt7__cxx1112basic_stringIcSt11char_traitsIcESaIcEEE
FN:33,_ZN8Activity12set_durationERKi
FN:38,_ZNK8Activity9get_titleB5cxx11Ev
FN:43,_ZNK8Activity15get_descriptionB5cxx11Ev
FN:48,_ZNK8Activity8get_typeB5cxx11Ev
FN:53,_ZNK8Activity12get_durationEv
FN:58,_ZN8ActivityeqERKS_
FN:65,_ZN8ActivityaSERKS_
FN:74,_Z41__static_initialization_and_destruction_0ii
FN:74,_GLOBAL__sub_I__ZN8ActivityC2Ev
FNDA:12,_ZN8ActivityC2Ev
FNDA:12,_ZN8ActivityC2ENSt7__cxx1112basic_stringIcSt11char_traitsIcESaIcEEES5_S5_i
FNDA:12,_ZN8Activity9set_titleERKNSt7__cxx1112basic_stringIcSt11char_traitsIcESaIcEEE
FNDA:12,_ZN8Activity15set_descriptionERKNSt7__cxx1112basic_stringIcSt11char_traitsIcESaIcEEE
FNDA:12,_ZN8Activity8set_typeERKNSt7__cxx1112basic_stringIcSt11char_traitsIcESaIcEEE
FNDA:12,_ZN8Activity12set_durationERKi
FNDA:23,_ZNK8Activity9get_titleB5cxx11Ev
FNDA:23,_ZNK8Activity15get_descriptionB5cxx11Ev
FNDA:23,_ZNK8Activity8get_typeB5cxx11Ev
FNDA:23,_ZNK8Activity12get_durationEv
FNDA:0,_ZN8ActivityeqERKS_
FNDA:11,_ZN8ActivityaSERKS_
FNDA:1,_GLOBAL__sub_I__ZN8ActivityC2Ev
FNDA:1,_Z41__static_initialization_and_destruction_0ii
FNF:14
FNH:13
DA:5,12
DA:8,12
DA:10,12
DA:12,12
DA:13,12
DA:14,12
DA:15,12
DA:16,12
DA:18,12
DA:20,12
DA:21,12
DA:23,12
DA:25,12
DA:26,12
DA:28,12
DA:30,12
DA:31,12
DA:33,12
DA:35,12
DA:36,12
DA:38,23
DA:40,23
DA:43,23
DA:45,23
DA:48,23
DA:50,23
DA:53,23
DA:55,23
DA:58,0
DA:60,0
DA:61,0
DA:62,0
DA:65,11
DA:67,11
DA:68,0
DA:69,11
DA:70,11
DA:71,11
DA:72,11
DA:73,11
DA:74,3
LF:41
LH:36
end_of_record
TN:result
SF:/usr/include/c++/6.3.1/iostream
DA:74,1
LF:1
LH:1
end_of_record
SF:/home/rexu/Coding/University/sem_2/OOP/lab6_7/main.cpp
FN:7,main
FN:16,_Z41__static_initialization_and_destruction_0ii
FN:16,_GLOBAL__sub_I_main
FNDA:1,main
FNDA:1,_GLOBAL__sub_I_main
FNDA:1,_Z41__static_initialization_and_destruction_0ii
FNF:3
FNH:3
DA:7,1
DA:10,1
DA:12,1
DA:13,1
DA:15,1
DA:16,3
LF:6
LH:6
end_of_record
TN:result
SF:/usr/include/c++/6.3.1/bits/basic_string.h
FN:5099,_ZSteqIcSt11char_traitsIcESaIcEEbRKNSt7__cxx1112basic_stringIT_T0_T1_EEPKS5_
FN:5427,_ZNSt7__cxx114stoiERKNS_12basic_stringIcSt11char_traitsIcESaIcEEEPmi
FNDA:0,_ZSteqIcSt11char_traitsIcESaIcEEbRKNSt7__cxx1112basic_stringIT_T0_T1_EEPKS5_
FNDA:0,_ZNSt7__cxx114stoiERKNS_12basic_stringIcSt11char_traitsIcESaIcEEEPmi
FNF:2
FNH:0
DA:5099,0
DA:5101,0
DA:5427,0
DA:5428,0
DA:5429,0
LF:5
LH:0
end_of_record
SF:/usr/include/c++/6.3.1/ext/string_conversions.h
FN:54,_ZN9__gnu_cxx6__stoaIlicJiEEET0_PFT_PKT1_PPS3_DpT2_EPKcS5_PmS9_
FN:63,_ZZN9__gnu_cxx6__stoaIlicJiEEET0_PFT_PKT1_PPS3_DpT2_EPKcS5_PmS9_EN11_Save_errnoC2Ev
FN:64,_ZZN9__gnu_cxx6__stoaIlicJiEEET0_PFT_PKT1_PPS3_DpT2_EPKcS5_PmS9_EN11_Save_errnoD2Ev
FNDA:0,_ZN9__gnu_cxx6__stoaIlicJiEEET0_PFT_PKT1_PPS3_DpT2_EPKcS5_PmS9_
FNDA:0,_ZZN9__gnu_cxx6__stoaIlicJiEEET0_PFT_PKT1_PPS3_DpT2_EPKcS5_PmS9_EN11_Save_errnoC2Ev
FNDA:0,_ZZN9__gnu_cxx6__stoaIlicJiEEET0_PFT_PKT1_PPS3_DpT2_EPKcS5_PmS9_EN11_Save_errnoD2Ev
FNF:3
FNH:0
DA:54,0
DA:63,0
DA:64,0
DA:66,0
DA:68,0
DA:70,0
DA:71,0
DA:72,0
DA:73,0
DA:75,0
DA:76,0
DA:78,0
DA:80,0
DA:81,0
DA:83,0
LF:15
LH:0
end_of_record
SF:/usr/include/c++/6.3.1/iostream
DA:74,1
LF:1
LH:1
end_of_record
SF:/home/rexu/Coding/University/sem_2/OOP/lab6_7/UI/UI.cpp
FN:5,_ZN2UIC2EP10Controller
FN:10,_ZNK2UI9show_menuEv
FN:22,_ZN2UI10read_titleB5cxx11Ev
FN:45,_ZN2UI9read_typeB5cxx11Ev
FN:68,_ZN2UI16read_descriptionB5cxx11Ev
FN:91,_ZN2UI13read_durationEv
FN:114,_ZN2UI3addEv
FN:166,_ZN2UI6removeEv
FN:189,_ZN2UI4editEv
FN:223,_ZN2UI7displayEv
FN:231,_ZN2UI6searchEv
FN:249,_ZNK2UI16show_menu_filterEv
FN:256,_ZN2UI6filterEv
FN:311,_ZNK2UI14show_menu_sortEv
FN:319,_ZN2UI4sortEv
FN:362,_ZN2UI5startEv
FN:413,_ZN2UID2Ev
FN:416,_Z41__static_initialization_and_destruction_0ii
FN:416,_GLOBAL__sub_I__ZN2UIC2EP10Controller
FNDA:1,_ZN2UIC2EP10Controller
FNDA:1,_ZNK2UI9show_menuEv
FNDA:0,_ZN2UI10read_titleB5cxx11Ev
FNDA:0,_ZN2UI9read_typeB5cxx11Ev
FNDA:0,_ZN2UI16read_descriptionB5cxx11Ev
FNDA:0,_ZN2UI13read_durationEv
FNDA:0,_ZN2UI3addEv
FNDA:0,_ZN2UI6removeEv
FNDA:0,_ZN2UI4editEv
FNDA:0,_ZN2UI7displayEv
FNDA:0,_ZN2UI6searchEv
FNDA:0,_ZNK2UI16show_menu_filterEv
FNDA:0,_ZN2UI6filterEv
FNDA:0,_ZNK2UI14show_menu_sortEv
FNDA:0,_ZN2UI4sortEv
FNDA:1,_ZN2UI5startEv
FNDA:1,_ZN2UID2Ev
FNDA:1,_GLOBAL__sub_I__ZN2UIC2EP10Controller
FNDA:1,_Z41__static_initialization_and_destruction_0ii
FNF:19
FNH:6
DA:5,1
DA:7,1
DA:8,1
DA:10,1
DA:12,1
DA:13,1
DA:14,1
DA:15,1
DA:16,1
DA:17,1
DA:18,1
DA:19,1
DA:20,1
DA:22,0
DA:24,0
DA:25,0
DA:27,0
DA:29,0
DA:30,0
DA:31,0
DA:32,0
DA:33,0
DA:35,0
DA:39,0
DA:42,0
DA:45,0
DA:47,0
DA:48,0
DA:50,0
DA:52,0
DA:53,0
DA:54,0
DA:55,0
DA:56,0
DA:58,0
DA:62,0
DA:65,0
DA:68,0
DA:70,0
DA:71,0
DA:73,0
DA:75,0
DA:76,0
DA:77,0
DA:78,0
DA:79,0
DA:81,0
DA:85,0
DA:88,0
DA:91,0
DA:93,0
DA:94,0
DA:96,0
DA:98,0
DA:99,0
DA:100,0
DA:101,0
DA:102,0
DA:104,0
DA:108,0
DA:111,0
DA:114,0
DA:116,0
DA:121,0
DA:123,0
DA:125,0
DA:130,0
DA:132,0
DA:134,0
DA:139,0
DA:141,0
DA:143,0
DA:148,0
DA:150,0
DA:152,0
DA:157,0
DA:158,0
DA:160,0
DA:162,0
DA:166,0
DA:168,0
DA:172,0
DA:174,0
DA:176,0
DA:181,0
DA:183,0
DA:185,0
DA:189,0
DA:191,0
DA:195,0
DA:197,0
DA:199,0
DA:202,0
DA:204,0
DA:207,0
DA:209,0
DA:211,0
DA:214,0
DA:215,0
DA:216,0
DA:217,0
DA:218,0
DA:219,0
DA:220,0
DA:223,0
DA:227,0
DA:228,0
DA:229,0
DA:231,0
DA:233,0
DA:237,0
DA:239,0
DA:241,0
DA:243,0
DA:244,0
DA:246,0
DA:249,0
DA:251,0
DA:252,0
DA:253,0
DA:254,0
DA:256,0
DA:258,0
DA:262,0
DA:263,0
DA:265,0
DA:266,0
DA:267,0
DA:268,0
DA:270,0
DA:271,0
DA:273,0
DA:277,0
DA:279,0
DA:281,0
DA:283,0
DA:284,0
DA:285,0
DA:289,0
DA:291,0
DA:293,0
DA:295,0
DA:296,0
DA:297,0
DA:299,0
DA:300,0
DA:302,0
DA:306,0
DA:311,0
DA:313,0
DA:314,0
DA:315,0
DA:316,0
DA:317,0
DA:319,0
DA:321,0
DA:325,0
DA:326,0
DA:328,0
DA:329,0
DA:330,0
DA:331,0
DA:333,0
DA:334,0
DA:336,0
DA:338,0
DA:339,0
DA:340,0
DA:342,0
DA:343,0
DA:344,0
DA:346,0
DA:347,0
DA:348,0
DA:350,0
DA:351,0
DA:353,0
DA:357,0
DA:360,0
DA:362,1
DA:364,1
DA:365,1
DA:367,1
DA:368,1
DA:370,1
DA:371,1
DA:372,1
DA:373,1
DA:375,1
DA:376,1
DA:379,0
DA:380,0
DA:382,0
DA:383,0
DA:385,0
DA:386,0
DA:388,0
DA:389,0
DA:391,0
DA:392,0
DA:394,0
DA:395,0
DA:397,0
DA:398,0
DA:400,1
DA:402,0
DA:403,0
DA:408,0
DA:413,2
DA:415,1
DA:416,4
LF:211
LH:28
end_of_record
SF:/home/rexu/Coding/University/sem_2/OOP/lab6_7/headers/Activity.h
FN:22,_ZlsRSoRK8Activity
FNDA:0,_ZlsRSoRK8Activity
FNF:1
FNH:0
DA:22,0
DA:24,0
DA:25,0
LF:3
LH:0
end_of_record
